2025-06-03 21:10:00,344 - INFO - 用户输入：节点数 n = 5, k = 4
2025-06-03 21:10:00,345 - INFO - 成功生成4-正则图，节点数: 5, 边数: 10
2025-06-03 21:10:00,345 - INFO - 图的边集合: [(0, 1), (0, 4), (0, 3), (0, 2), (1, 2), (1, 4), (1, 3), (2, 4), (2, 3), (4, 3)]
2025-06-03 21:10:00,685 - INFO - 已保存图的可视化结果至 graph_5nodes_4regular.png
2025-06-03 21:10:05,088 - INFO - 用户输入噪声系数: p1 = 0.3
2025-06-03 21:10:05,088 - INFO - 开始运行GW算法...
2025-06-03 21:10:05,088 - INFO - 开始运行GW算法，采样次数: 100
2025-06-03 21:10:05,117 - INFO - GW算法完成，最大割值: 6
2025-06-03 21:10:05,117 - INFO - GW算法最大割值: 6, 运行时间: 0.0287秒
2025-06-03 21:10:07,968 - INFO - 用户输入线路层次: p = 1
2025-06-03 21:10:07,995 - ERROR - 无法使用matplotlib显示量子线路: 'SVGCircuit' object has no attribute 'mpl'
2025-06-03 21:10:08,122 - INFO - 
开始使用Adam优化器训练...
2025-06-03 21:10:08,251 - INFO - Adam优化器 - 训练步骤 0: 割值 = 5.0000, 近似比 = 0.8333
2025-06-03 21:10:08,311 - INFO - Adam优化器 - 训练步骤 20: 割值 = 5.0000, 近似比 = 0.8333
2025-06-03 21:10:08,368 - INFO - Adam优化器 - 训练步骤 40: 割值 = 5.2101, 近似比 = 0.8683
2025-06-03 21:10:08,426 - INFO - Adam优化器 - 训练步骤 60: 割值 = 4.8477, 近似比 = 0.8079
2025-06-03 21:10:08,483 - INFO - Adam优化器 - 训练步骤 80: 割值 = 5.1923, 近似比 = 0.8654
2025-06-03 21:10:08,539 - INFO - Adam优化器 - 训练步骤 100: 割值 = 5.1857, 近似比 = 0.8643
2025-06-03 21:10:08,594 - INFO - Adam优化器 - 训练步骤 120: 割值 = 4.6142, 近似比 = 0.7690
2025-06-03 21:10:08,649 - INFO - Adam优化器 - 训练步骤 140: 割值 = 5.0811, 近似比 = 0.8468
2025-06-03 21:10:08,704 - INFO - Adam优化器 - 训练步骤 160: 割值 = 5.2088, 近似比 = 0.8681
2025-06-03 21:10:08,760 - INFO - Adam优化器 - 训练步骤 180: 割值 = 4.9720, 近似比 = 0.8287
2025-06-03 21:10:08,817 - INFO - Adam优化器 - 训练步骤 200: 割值 = 5.6425, 近似比 = 0.9404
2025-06-03 21:10:08,873 - INFO - Adam优化器 - 训练步骤 220: 割值 = 5.2338, 近似比 = 0.8723
2025-06-03 21:10:08,930 - INFO - Adam优化器 - 训练步骤 240: 割值 = 4.7491, 近似比 = 0.7915
2025-06-03 21:10:08,987 - INFO - Adam优化器 - 训练步骤 260: 割值 = 4.8801, 近似比 = 0.8134
2025-06-03 21:10:09,043 - INFO - Adam优化器 - 训练步骤 280: 割值 = 5.3086, 近似比 = 0.8848
2025-06-03 21:10:09,100 - INFO - Adam优化器 - 训练步骤 300: 割值 = 4.1464, 近似比 = 0.6911
2025-06-03 21:10:09,156 - INFO - Adam优化器 - 训练步骤 320: 割值 = 4.9767, 近似比 = 0.8295
2025-06-03 21:10:09,211 - INFO - Adam优化器 - 训练步骤 340: 割值 = 5.1536, 近似比 = 0.8589
2025-06-03 21:10:09,267 - INFO - Adam优化器 - 训练步骤 360: 割值 = 4.9857, 近似比 = 0.8309
2025-06-03 21:10:09,322 - INFO - Adam优化器 - 训练步骤 380: 割值 = 4.8727, 近似比 = 0.8121
2025-06-03 21:10:09,378 - INFO - Adam优化器 - 训练步骤 400: 割值 = 5.0249, 近似比 = 0.8375
2025-06-03 21:10:09,436 - INFO - Adam优化器 - 训练步骤 420: 割值 = 4.6410, 近似比 = 0.7735
2025-06-03 21:10:09,492 - INFO - Adam优化器 - 训练步骤 440: 割值 = 5.2276, 近似比 = 0.8713
2025-06-03 21:10:09,548 - INFO - Adam优化器 - 训练步骤 460: 割值 = 5.0387, 近似比 = 0.8398
2025-06-03 21:10:09,604 - INFO - Adam优化器 - 训练步骤 480: 割值 = 4.8847, 近似比 = 0.8141
2025-06-03 21:10:09,657 - INFO - Adam优化器训练完成，耗时: 1.5337秒
2025-06-03 21:10:09,658 - INFO - Adam优化器训练历史已保存至 Adam_training_history_p1.txt
2025-06-03 21:10:09,659 - INFO - Adam优化器 - 最大割: 5.8689 (步骤 247), 平均割: 5.0640
2025-06-03 21:10:09,659 - INFO - Adam优化器 - 相对于GW算法的近似比: 0.9781
2025-06-03 21:10:09,659 - INFO - Adam优化器 - 训练时间: 1.5337秒
2025-06-03 21:10:09,659 - INFO - 
开始使用SGD优化器训练...
2025-06-03 21:10:09,695 - INFO - SGD优化器 - 训练步骤 0: 割值 = 4.9131, 近似比 = 0.8189
2025-06-03 21:10:09,752 - INFO - SGD优化器 - 训练步骤 20: 割值 = 5.1510, 近似比 = 0.8585
2025-06-03 21:10:09,807 - INFO - SGD优化器 - 训练步骤 40: 割值 = 5.4470, 近似比 = 0.9078
2025-06-03 21:10:09,863 - INFO - SGD优化器 - 训练步骤 60: 割值 = 5.1924, 近似比 = 0.8654
2025-06-03 21:10:09,918 - INFO - SGD优化器 - 训练步骤 80: 割值 = 4.9684, 近似比 = 0.8281
2025-06-03 21:10:09,972 - INFO - SGD优化器 - 训练步骤 100: 割值 = 5.0069, 近似比 = 0.8345
2025-06-03 21:10:10,028 - INFO - SGD优化器 - 训练步骤 120: 割值 = 5.0520, 近似比 = 0.8420
2025-06-03 21:10:10,083 - INFO - SGD优化器 - 训练步骤 140: 割值 = 5.0168, 近似比 = 0.8361
2025-06-03 21:10:10,138 - INFO - SGD优化器 - 训练步骤 160: 割值 = 5.7778, 近似比 = 0.9630
2025-06-03 21:10:10,193 - INFO - SGD优化器 - 训练步骤 180: 割值 = 5.1342, 近似比 = 0.8557
2025-06-03 21:10:10,248 - INFO - SGD优化器 - 训练步骤 200: 割值 = 5.3856, 近似比 = 0.8976
2025-06-03 21:10:10,303 - INFO - SGD优化器 - 训练步骤 220: 割值 = 5.0907, 近似比 = 0.8485
2025-06-03 21:10:10,358 - INFO - SGD优化器 - 训练步骤 240: 割值 = 4.6291, 近似比 = 0.7715
2025-06-03 21:10:10,412 - INFO - SGD优化器 - 训练步骤 260: 割值 = 4.8498, 近似比 = 0.8083
2025-06-03 21:10:10,467 - INFO - SGD优化器 - 训练步骤 280: 割值 = 5.4439, 近似比 = 0.9073
2025-06-03 21:10:10,523 - INFO - SGD优化器 - 训练步骤 300: 割值 = 4.3767, 近似比 = 0.7295
2025-06-03 21:10:10,579 - INFO - SGD优化器 - 训练步骤 320: 割值 = 5.0221, 近似比 = 0.8370
2025-06-03 21:10:10,636 - INFO - SGD优化器 - 训练步骤 340: 割值 = 5.5023, 近似比 = 0.9171
2025-06-03 21:10:10,693 - INFO - SGD优化器 - 训练步骤 360: 割值 = 5.8571, 近似比 = 0.9762
2025-06-03 21:10:10,749 - INFO - SGD优化器 - 训练步骤 380: 割值 = 4.9751, 近似比 = 0.8292
2025-06-03 21:10:10,803 - INFO - SGD优化器 - 训练步骤 400: 割值 = 5.0079, 近似比 = 0.8347
2025-06-03 21:10:10,858 - INFO - SGD优化器 - 训练步骤 420: 割值 = 4.9939, 近似比 = 0.8323
2025-06-03 21:10:10,914 - INFO - SGD优化器 - 训练步骤 440: 割值 = 5.1105, 近似比 = 0.8517
2025-06-03 21:10:10,969 - INFO - SGD优化器 - 训练步骤 460: 割值 = 5.2624, 近似比 = 0.8771
2025-06-03 21:10:11,023 - INFO - SGD优化器 - 训练步骤 480: 割值 = 5.5238, 近似比 = 0.9206
2025-06-03 21:10:11,074 - INFO - SGD优化器训练完成，耗时: 1.4144秒
2025-06-03 21:10:11,076 - INFO - SGD优化器训练历史已保存至 SGD_training_history_p1.txt
2025-06-03 21:10:11,076 - INFO - SGD优化器 - 最大割: 5.8890 (步骤 28), 平均割: 5.0581
2025-06-03 21:10:11,076 - INFO - SGD优化器 - 相对于GW算法的近似比: 0.9815
2025-06-03 21:10:11,076 - INFO - SGD优化器 - 训练时间: 1.4144秒
2025-06-03 21:10:11,076 - INFO - 
开始使用Momentum优化器训练...
2025-06-03 21:10:11,113 - INFO - Momentum优化器 - 训练步骤 0: 割值 = 5.0148, 近似比 = 0.8358
2025-06-03 21:10:11,170 - INFO - Momentum优化器 - 训练步骤 20: 割值 = 4.9963, 近似比 = 0.8327
2025-06-03 21:10:11,224 - INFO - Momentum优化器 - 训练步骤 40: 割值 = 4.9968, 近似比 = 0.8328
2025-06-03 21:10:11,280 - INFO - Momentum优化器 - 训练步骤 60: 割值 = 5.3107, 近似比 = 0.8851
2025-06-03 21:10:11,335 - INFO - Momentum优化器 - 训练步骤 80: 割值 = 4.9783, 近似比 = 0.8297
2025-06-03 21:10:11,389 - INFO - Momentum优化器 - 训练步骤 100: 割值 = 4.9970, 近似比 = 0.8328
2025-06-03 21:10:11,445 - INFO - Momentum优化器 - 训练步骤 120: 割值 = 5.0529, 近似比 = 0.8421
2025-06-03 21:10:11,498 - INFO - Momentum优化器 - 训练步骤 140: 割值 = 4.8707, 近似比 = 0.8118
2025-06-03 21:10:11,553 - INFO - Momentum优化器 - 训练步骤 160: 割值 = 5.0191, 近似比 = 0.8365
2025-06-03 21:10:11,609 - INFO - Momentum优化器 - 训练步骤 180: 割值 = 5.4665, 近似比 = 0.9111
2025-06-03 21:10:11,664 - INFO - Momentum优化器 - 训练步骤 200: 割值 = 5.9109, 近似比 = 0.9852
2025-06-03 21:10:11,718 - INFO - Momentum优化器 - 训练步骤 220: 割值 = 5.0801, 近似比 = 0.8467
2025-06-03 21:10:11,770 - INFO - Momentum优化器 - 训练步骤 240: 割值 = 5.0385, 近似比 = 0.8397
2025-06-03 21:10:11,824 - INFO - Momentum优化器 - 训练步骤 260: 割值 = 4.9768, 近似比 = 0.8295
2025-06-03 21:10:11,880 - INFO - Momentum优化器 - 训练步骤 280: 割值 = 4.9899, 近似比 = 0.8317
2025-06-03 21:10:11,933 - INFO - Momentum优化器 - 训练步骤 300: 割值 = 5.0057, 近似比 = 0.8343
2025-06-03 21:10:11,988 - INFO - Momentum优化器 - 训练步骤 320: 割值 = 4.6817, 近似比 = 0.7803
2025-06-03 21:10:12,042 - INFO - Momentum优化器 - 训练步骤 340: 割值 = 4.9996, 近似比 = 0.8333
2025-06-03 21:10:12,095 - INFO - Momentum优化器 - 训练步骤 360: 割值 = 4.7054, 近似比 = 0.7842
2025-06-03 21:10:12,148 - INFO - Momentum优化器 - 训练步骤 380: 割值 = 4.9135, 近似比 = 0.8189
2025-06-03 21:10:12,202 - INFO - Momentum优化器 - 训练步骤 400: 割值 = 5.4718, 近似比 = 0.9120
2025-06-03 21:10:12,257 - INFO - Momentum优化器 - 训练步骤 420: 割值 = 4.2871, 近似比 = 0.7145
2025-06-03 21:10:12,310 - INFO - Momentum优化器 - 训练步骤 440: 割值 = 5.2557, 近似比 = 0.8759
2025-06-03 21:10:12,363 - INFO - Momentum优化器 - 训练步骤 460: 割值 = 4.8515, 近似比 = 0.8086
2025-06-03 21:10:12,417 - INFO - Momentum优化器 - 训练步骤 480: 割值 = 5.0643, 近似比 = 0.8441
2025-06-03 21:10:12,468 - INFO - Momentum优化器训练完成，耗时: 1.3913秒
2025-06-03 21:10:12,469 - INFO - Momentum优化器训练历史已保存至 Momentum_training_history_p1.txt
2025-06-03 21:10:12,470 - INFO - Momentum优化器 - 最大割: 5.9917 (步骤 202), 平均割: 4.9871
2025-06-03 21:10:12,470 - INFO - Momentum优化器 - 相对于GW算法的近似比: 0.9986
2025-06-03 21:10:12,470 - INFO - Momentum优化器 - 训练时间: 1.3913秒
2025-06-03 21:10:12,470 - INFO - 
开始使用Adagrad优化器训练...
2025-06-03 21:10:12,502 - INFO - Adagrad优化器 - 训练步骤 0: 割值 = 4.9948, 近似比 = 0.8325
2025-06-03 21:10:12,559 - INFO - Adagrad优化器 - 训练步骤 20: 割值 = 5.0022, 近似比 = 0.8337
2025-06-03 21:10:12,612 - INFO - Adagrad优化器 - 训练步骤 40: 割值 = 4.9990, 近似比 = 0.8332
2025-06-03 21:10:12,666 - INFO - Adagrad优化器 - 训练步骤 60: 割值 = 4.9942, 近似比 = 0.8324
2025-06-03 21:10:12,721 - INFO - Adagrad优化器 - 训练步骤 80: 割值 = 4.9891, 近似比 = 0.8315
2025-06-03 21:10:12,774 - INFO - Adagrad优化器 - 训练步骤 100: 割值 = 5.0865, 近似比 = 0.8477
2025-06-03 21:10:12,827 - INFO - Adagrad优化器 - 训练步骤 120: 割值 = 5.0197, 近似比 = 0.8366
2025-06-03 21:10:12,883 - INFO - Adagrad优化器 - 训练步骤 140: 割值 = 5.1069, 近似比 = 0.8512
2025-06-03 21:10:12,937 - INFO - Adagrad优化器 - 训练步骤 160: 割值 = 5.0952, 近似比 = 0.8492
2025-06-03 21:10:12,995 - INFO - Adagrad优化器 - 训练步骤 180: 割值 = 4.9497, 近似比 = 0.8250
2025-06-03 21:10:13,049 - INFO - Adagrad优化器 - 训练步骤 200: 割值 = 5.0245, 近似比 = 0.8374
2025-06-03 21:10:13,104 - INFO - Adagrad优化器 - 训练步骤 220: 割值 = 5.1387, 近似比 = 0.8565
2025-06-03 21:10:13,157 - INFO - Adagrad优化器 - 训练步骤 240: 割值 = 4.9966, 近似比 = 0.8328
2025-06-03 21:10:13,210 - INFO - Adagrad优化器 - 训练步骤 260: 割值 = 5.1489, 近似比 = 0.8581
2025-06-03 21:10:13,266 - INFO - Adagrad优化器 - 训练步骤 280: 割值 = 4.9735, 近似比 = 0.8289
2025-06-03 21:10:13,323 - INFO - Adagrad优化器 - 训练步骤 300: 割值 = 5.1836, 近似比 = 0.8639
2025-06-03 21:10:13,378 - INFO - Adagrad优化器 - 训练步骤 320: 割值 = 5.1732, 近似比 = 0.8622
2025-06-03 21:10:13,432 - INFO - Adagrad优化器 - 训练步骤 340: 割值 = 4.8246, 近似比 = 0.8041
2025-06-03 21:10:13,490 - INFO - Adagrad优化器 - 训练步骤 360: 割值 = 4.7801, 近似比 = 0.7967
2025-06-03 21:10:13,543 - INFO - Adagrad优化器 - 训练步骤 380: 割值 = 4.8728, 近似比 = 0.8121
2025-06-03 21:10:13,596 - INFO - Adagrad优化器 - 训练步骤 400: 割值 = 5.0366, 近似比 = 0.8394
2025-06-03 21:10:13,649 - INFO - Adagrad优化器 - 训练步骤 420: 割值 = 5.0684, 近似比 = 0.8447
2025-06-03 21:10:13,703 - INFO - Adagrad优化器 - 训练步骤 440: 割值 = 4.8008, 近似比 = 0.8001
2025-06-03 21:10:13,758 - INFO - Adagrad优化器 - 训练步骤 460: 割值 = 4.7683, 近似比 = 0.7947
2025-06-03 21:10:13,814 - INFO - Adagrad优化器 - 训练步骤 480: 割值 = 5.2112, 近似比 = 0.8685
2025-06-03 21:10:13,868 - INFO - Adagrad优化器训练完成，耗时: 1.3967秒
2025-06-03 21:10:13,869 - INFO - Adagrad优化器训练历史已保存至 Adagrad_training_history_p1.txt
2025-06-03 21:10:13,870 - INFO - Adagrad优化器 - 最大割: 5.6509 (步骤 402), 平均割: 5.0334
2025-06-03 21:10:13,870 - INFO - Adagrad优化器 - 相对于GW算法的近似比: 0.9418
2025-06-03 21:10:13,870 - INFO - Adagrad优化器 - 训练时间: 1.3967秒
2025-06-03 21:10:13,870 - INFO - 
开始使用Adadelta优化器训练...
2025-06-03 21:10:13,877 - INFO - Adadelta优化器 - 训练步骤 0: 割值 = 5.2150, 近似比 = 0.8692
2025-06-03 21:10:13,926 - INFO - Adadelta优化器 - 训练步骤 20: 割值 = 4.8543, 近似比 = 0.8091
2025-06-03 21:10:13,975 - INFO - Adadelta优化器 - 训练步骤 40: 割值 = 5.0885, 近似比 = 0.8481
2025-06-03 21:10:14,025 - INFO - Adadelta优化器 - 训练步骤 60: 割值 = 5.0177, 近似比 = 0.8363
2025-06-03 21:10:14,074 - INFO - Adadelta优化器 - 训练步骤 80: 割值 = 5.2524, 近似比 = 0.8754
2025-06-03 21:10:14,123 - INFO - Adadelta优化器 - 训练步骤 100: 割值 = 5.0886, 近似比 = 0.8481
2025-06-03 21:10:14,174 - INFO - Adadelta优化器 - 训练步骤 120: 割值 = 5.2170, 近似比 = 0.8695
2025-06-03 21:10:14,223 - INFO - Adadelta优化器 - 训练步骤 140: 割值 = 5.7334, 近似比 = 0.9556
2025-06-03 21:10:14,274 - INFO - Adadelta优化器 - 训练步骤 160: 割值 = 5.0885, 近似比 = 0.8481
2025-06-03 21:10:14,324 - INFO - Adadelta优化器 - 训练步骤 180: 割值 = 5.0179, 近似比 = 0.8363
2025-06-03 21:10:14,376 - INFO - Adadelta优化器 - 训练步骤 200: 割值 = 5.2180, 近似比 = 0.8697
2025-06-03 21:10:14,427 - INFO - Adadelta优化器 - 训练步骤 220: 割值 = 5.0894, 近似比 = 0.8482
2025-06-03 21:10:14,476 - INFO - Adadelta优化器 - 训练步骤 240: 割值 = 5.1107, 近似比 = 0.8518
2025-06-03 21:10:14,524 - INFO - Adadelta优化器 - 训练步骤 260: 割值 = 5.0894, 近似比 = 0.8482
2025-06-03 21:10:14,572 - INFO - Adadelta优化器 - 训练步骤 280: 割值 = 4.7456, 近似比 = 0.7909
2025-06-03 21:10:14,621 - INFO - Adadelta优化器 - 训练步骤 300: 割值 = 5.3846, 近似比 = 0.8974
2025-06-03 21:10:14,671 - INFO - Adadelta优化器 - 训练步骤 320: 割值 = 5.3279, 近似比 = 0.8880
2025-06-03 21:10:14,721 - INFO - Adadelta优化器 - 训练步骤 340: 割值 = 4.7807, 近似比 = 0.7968
2025-06-03 21:10:14,771 - INFO - Adadelta优化器 - 训练步骤 360: 割值 = 5.2196, 近似比 = 0.8699
2025-06-03 21:10:14,821 - INFO - Adadelta优化器 - 训练步骤 380: 割值 = 5.0909, 近似比 = 0.8485
2025-06-03 21:10:14,872 - INFO - Adadelta优化器 - 训练步骤 400: 割值 = 4.7430, 近似比 = 0.7905
2025-06-03 21:10:14,921 - INFO - Adadelta优化器 - 训练步骤 420: 割值 = 5.2610, 近似比 = 0.8768
2025-06-03 21:10:14,970 - INFO - Adadelta优化器 - 训练步骤 440: 割值 = 5.1478, 近似比 = 0.8580
2025-06-03 21:10:15,022 - INFO - Adadelta优化器 - 训练步骤 460: 割值 = 5.2204, 近似比 = 0.8701
2025-06-03 21:10:15,070 - INFO - Adadelta优化器 - 训练步骤 480: 割值 = 5.3876, 近似比 = 0.8979
2025-06-03 21:10:15,118 - INFO - Adadelta优化器训练完成，耗时: 1.2468秒
2025-06-03 21:10:15,119 - INFO - Adadelta优化器训练历史已保存至 Adadelta_training_history_p1.txt
2025-06-03 21:10:15,120 - INFO - Adadelta优化器 - 最大割: 5.7399 (步骤 474), 平均割: 5.0832
2025-06-03 21:10:15,120 - INFO - Adadelta优化器 - 相对于GW算法的近似比: 0.9567
2025-06-03 21:10:15,120 - INFO - Adadelta优化器 - 训练时间: 1.2468秒
2025-06-03 21:10:33,193 - INFO - 结果比较图表已保存至 results_comparison_p1_2.png
2025-06-03 21:10:33,193 - INFO - 
————————————————————最终结果比较表————————————————————
2025-06-03 21:10:33,193 - INFO - 优化器        最大近似比        平均近似比        训练时间(秒)        
2025-06-03 21:10:33,193 - INFO - -------------------------------------------------------
2025-06-03 21:10:33,193 - INFO - Adam       0.9781       0.8440       1.5337         
2025-06-03 21:10:33,193 - INFO - SGD        0.9815       0.8430       1.4144         
2025-06-03 21:10:33,193 - INFO - Momentum   0.9986       0.8312       1.3913         
2025-06-03 21:10:33,193 - INFO - Adagrad    0.9418       0.8389       1.3967         
2025-06-03 21:10:33,194 - INFO - Adadelta   0.9567       0.8472       1.2468         
2025-06-03 21:10:33,194 - INFO - GW算法       1.0000 (基准)
2025-06-03 21:10:33,194 - INFO - 
完整日志已保存至: max_cut_qaoa_20250603_210957.log
