2025-06-03 21:19:11,704 - INFO - 用户输入：节点数 n = 5, k = 4
2025-06-03 21:19:11,705 - INFO - 成功生成4-正则图，节点数: 5, 边数: 10
2025-06-03 21:19:11,705 - INFO - 图的边集合: [(0, 1), (0, 4), (0, 3), (0, 2), (1, 2), (1, 4), (1, 3), (2, 4), (2, 3), (4, 3)]
2025-06-03 21:19:12,048 - INFO - 已保存图的可视化结果至 graph_5nodes_4regular.png
2025-06-03 21:19:15,576 - INFO - 用户输入噪声系数: p1 = 0.1
2025-06-03 21:19:15,577 - INFO - 开始运行GW算法...
2025-06-03 21:19:15,577 - INFO - 开始运行GW算法，采样次数: 100
2025-06-03 21:19:15,605 - INFO - GW算法完成，最大割值: 6
2025-06-03 21:19:15,606 - INFO - GW算法最大割值: 6, 运行时间: 0.0285秒
2025-06-03 21:19:18,337 - INFO - 用户输入线路层次: p = 1
2025-06-03 21:19:18,364 - ERROR - 无法使用matplotlib显示量子线路: 'SVGCircuit' object has no attribute 'mpl'
2025-06-03 21:19:18,493 - INFO - 
开始使用Adam优化器训练...
2025-06-03 21:19:18,621 - INFO - Adam优化器 - 训练步骤 0: 割值 = 5.0002, 近似比 = 0.8334
2025-06-03 21:19:18,678 - INFO - Adam优化器 - 训练步骤 20: 割值 = 5.4510, 近似比 = 0.9085
2025-06-03 21:19:18,734 - INFO - Adam优化器 - 训练步骤 40: 割值 = 5.3070, 近似比 = 0.8845
2025-06-03 21:19:18,790 - INFO - Adam优化器 - 训练步骤 60: 割值 = 5.4440, 近似比 = 0.9073
2025-06-03 21:19:18,849 - INFO - Adam优化器 - 训练步骤 80: 割值 = 5.7660, 近似比 = 0.9610
2025-06-03 21:19:18,918 - INFO - Adam优化器 - 训练步骤 100: 割值 = 5.2301, 近似比 = 0.8717
2025-06-03 21:19:18,973 - INFO - Adam优化器 - 训练步骤 120: 割值 = 5.5277, 近似比 = 0.9213
2025-06-03 21:19:19,027 - INFO - Adam优化器 - 训练步骤 140: 割值 = 4.8193, 近似比 = 0.8032
2025-06-03 21:19:19,084 - INFO - Adam优化器 - 训练步骤 160: 割值 = 4.8197, 近似比 = 0.8033
2025-06-03 21:19:19,141 - INFO - Adam优化器 - 训练步骤 180: 割值 = 5.8772, 近似比 = 0.9795
2025-06-03 21:19:19,197 - INFO - Adam优化器 - 训练步骤 200: 割值 = 5.3556, 近似比 = 0.8926
2025-06-03 21:19:19,254 - INFO - Adam优化器 - 训练步骤 220: 割值 = 5.9031, 近似比 = 0.9839
2025-06-03 21:19:19,310 - INFO - Adam优化器 - 训练步骤 240: 割值 = 4.6553, 近似比 = 0.7759
2025-06-03 21:19:19,365 - INFO - Adam优化器 - 训练步骤 260: 割值 = 5.8999, 近似比 = 0.9833
2025-06-03 21:19:19,420 - INFO - Adam优化器 - 训练步骤 280: 割值 = 4.6906, 近似比 = 0.7818
2025-06-03 21:19:19,477 - INFO - Adam优化器 - 训练步骤 300: 割值 = 5.8398, 近似比 = 0.9733
2025-06-03 21:19:19,535 - INFO - Adam优化器 - 训练步骤 320: 割值 = 5.8534, 近似比 = 0.9756
2025-06-03 21:19:19,590 - INFO - Adam优化器 - 训练步骤 340: 割值 = 5.8144, 近似比 = 0.9691
2025-06-03 21:19:19,646 - INFO - Adam优化器 - 训练步骤 360: 割值 = 5.1806, 近似比 = 0.8634
2025-06-03 21:19:19,701 - INFO - Adam优化器 - 训练步骤 380: 割值 = 5.1554, 近似比 = 0.8592
2025-06-03 21:19:19,758 - INFO - Adam优化器 - 训练步骤 400: 割值 = 5.6128, 近似比 = 0.9355
2025-06-03 21:19:19,814 - INFO - Adam优化器 - 训练步骤 420: 割值 = 5.1737, 近似比 = 0.8623
2025-06-03 21:19:19,871 - INFO - Adam优化器 - 训练步骤 440: 割值 = 4.8254, 近似比 = 0.8042
2025-06-03 21:19:19,929 - INFO - Adam优化器 - 训练步骤 460: 割值 = 5.5176, 近似比 = 0.9196
2025-06-03 21:19:19,987 - INFO - Adam优化器 - 训练步骤 480: 割值 = 5.8592, 近似比 = 0.9765
2025-06-03 21:19:20,041 - INFO - Adam优化器训练完成，耗时: 1.5479秒
2025-06-03 21:19:20,043 - INFO - Adam优化器训练历史已保存至 Adam_training_history_p1.txt
2025-06-03 21:19:20,043 - INFO - Adam优化器 - 最大割: 5.9052 (步骤 69), 平均割: 5.4473
2025-06-03 21:19:20,043 - INFO - Adam优化器 - 相对于GW算法的近似比: 0.9842
2025-06-03 21:19:20,043 - INFO - Adam优化器 - 训练时间: 1.5479秒
2025-06-03 21:19:20,043 - INFO - 
开始使用SGD优化器训练...
2025-06-03 21:19:20,080 - INFO - SGD优化器 - 训练步骤 0: 割值 = 5.8841, 近似比 = 0.9807
2025-06-03 21:19:20,134 - INFO - SGD优化器 - 训练步骤 20: 割值 = 5.7215, 近似比 = 0.9536
2025-06-03 21:19:20,190 - INFO - SGD优化器 - 训练步骤 40: 割值 = 5.7224, 近似比 = 0.9537
2025-06-03 21:19:20,245 - INFO - SGD优化器 - 训练步骤 60: 割值 = 4.9751, 近似比 = 0.8292
2025-06-03 21:19:20,299 - INFO - SGD优化器 - 训练步骤 80: 割值 = 5.8745, 近似比 = 0.9791
2025-06-03 21:19:20,354 - INFO - SGD优化器 - 训练步骤 100: 割值 = 5.4677, 近似比 = 0.9113
2025-06-03 21:19:20,410 - INFO - SGD优化器 - 训练步骤 120: 割值 = 5.5779, 近似比 = 0.9296
2025-06-03 21:19:20,466 - INFO - SGD优化器 - 训练步骤 140: 割值 = 5.6805, 近似比 = 0.9467
2025-06-03 21:19:20,522 - INFO - SGD优化器 - 训练步骤 160: 割值 = 5.8835, 近似比 = 0.9806
2025-06-03 21:19:20,579 - INFO - SGD优化器 - 训练步骤 180: 割值 = 5.0292, 近似比 = 0.8382
2025-06-03 21:19:20,636 - INFO - SGD优化器 - 训练步骤 200: 割值 = 5.5146, 近似比 = 0.9191
2025-06-03 21:19:20,693 - INFO - SGD优化器 - 训练步骤 220: 割值 = 5.6080, 近似比 = 0.9347
2025-06-03 21:19:20,746 - INFO - SGD优化器 - 训练步骤 240: 割值 = 5.1653, 近似比 = 0.8609
2025-06-03 21:19:20,798 - INFO - SGD优化器 - 训练步骤 260: 割值 = 5.6655, 近似比 = 0.9442
2025-06-03 21:19:20,851 - INFO - SGD优化器 - 训练步骤 280: 割值 = 5.1258, 近似比 = 0.8543
2025-06-03 21:19:20,904 - INFO - SGD优化器 - 训练步骤 300: 割值 = 4.9748, 近似比 = 0.8291
2025-06-03 21:19:20,958 - INFO - SGD优化器 - 训练步骤 320: 割值 = 5.1738, 近似比 = 0.8623
2025-06-03 21:19:21,013 - INFO - SGD优化器 - 训练步骤 340: 割值 = 4.7444, 近似比 = 0.7907
2025-06-03 21:19:21,068 - INFO - SGD优化器 - 训练步骤 360: 割值 = 4.9691, 近似比 = 0.8282
2025-06-03 21:19:21,121 - INFO - SGD优化器 - 训练步骤 380: 割值 = 5.4509, 近似比 = 0.9085
2025-06-03 21:19:21,175 - INFO - SGD优化器 - 训练步骤 400: 割值 = 5.3363, 近似比 = 0.8894
2025-06-03 21:19:21,229 - INFO - SGD优化器 - 训练步骤 420: 割值 = 5.3321, 近似比 = 0.8887
2025-06-03 21:19:21,283 - INFO - SGD优化器 - 训练步骤 440: 割值 = 4.9600, 近似比 = 0.8267
2025-06-03 21:19:21,339 - INFO - SGD优化器 - 训练步骤 460: 割值 = 5.1141, 近似比 = 0.8524
2025-06-03 21:19:21,392 - INFO - SGD优化器 - 训练步骤 480: 割值 = 4.9743, 近似比 = 0.8291
2025-06-03 21:19:21,444 - INFO - SGD优化器训练完成，耗时: 1.3997秒
2025-06-03 21:19:21,445 - INFO - SGD优化器训练历史已保存至 SGD_training_history_p1.txt
2025-06-03 21:19:21,445 - INFO - SGD优化器 - 最大割: 5.9050 (步骤 309), 平均割: 5.4579
2025-06-03 21:19:21,445 - INFO - SGD优化器 - 相对于GW算法的近似比: 0.9842
2025-06-03 21:19:21,446 - INFO - SGD优化器 - 训练时间: 1.3997秒
2025-06-03 21:19:21,446 - INFO - 
开始使用Momentum优化器训练...
2025-06-03 21:19:21,481 - INFO - Momentum优化器 - 训练步骤 0: 割值 = 5.7312, 近似比 = 0.9552
2025-06-03 21:19:21,536 - INFO - Momentum优化器 - 训练步骤 20: 割值 = 5.8845, 近似比 = 0.9808
2025-06-03 21:19:21,590 - INFO - Momentum优化器 - 训练步骤 40: 割值 = 5.5260, 近似比 = 0.9210
2025-06-03 21:19:21,642 - INFO - Momentum优化器 - 训练步骤 60: 割值 = 5.0197, 近似比 = 0.8366
2025-06-03 21:19:21,699 - INFO - Momentum优化器 - 训练步骤 80: 割值 = 5.0696, 近似比 = 0.8449
2025-06-03 21:19:21,754 - INFO - Momentum优化器 - 训练步骤 100: 割值 = 5.1624, 近似比 = 0.8604
2025-06-03 21:19:21,807 - INFO - Momentum优化器 - 训练步骤 120: 割值 = 5.1832, 近似比 = 0.8639
2025-06-03 21:19:21,861 - INFO - Momentum优化器 - 训练步骤 140: 割值 = 4.6984, 近似比 = 0.7831
2025-06-03 21:19:21,914 - INFO - Momentum优化器 - 训练步骤 160: 割值 = 5.2572, 近似比 = 0.8762
2025-06-03 21:19:21,969 - INFO - Momentum优化器 - 训练步骤 180: 割值 = 5.3769, 近似比 = 0.8962
2025-06-03 21:19:22,022 - INFO - Momentum优化器 - 训练步骤 200: 割值 = 5.0945, 近似比 = 0.8491
2025-06-03 21:19:22,074 - INFO - Momentum优化器 - 训练步骤 220: 割值 = 5.3679, 近似比 = 0.8946
2025-06-03 21:19:22,125 - INFO - Momentum优化器 - 训练步骤 240: 割值 = 4.9993, 近似比 = 0.8332
2025-06-03 21:19:22,178 - INFO - Momentum优化器 - 训练步骤 260: 割值 = 5.0047, 近似比 = 0.8341
2025-06-03 21:19:22,231 - INFO - Momentum优化器 - 训练步骤 280: 割值 = 4.9273, 近似比 = 0.8212
2025-06-03 21:19:22,283 - INFO - Momentum优化器 - 训练步骤 300: 割值 = 5.6379, 近似比 = 0.9397
2025-06-03 21:19:22,335 - INFO - Momentum优化器 - 训练步骤 320: 割值 = 5.3315, 近似比 = 0.8886
2025-06-03 21:19:22,388 - INFO - Momentum优化器 - 训练步骤 340: 割值 = 5.3037, 近似比 = 0.8839
2025-06-03 21:19:22,442 - INFO - Momentum优化器 - 训练步骤 360: 割值 = 5.4640, 近似比 = 0.9107
2025-06-03 21:19:22,494 - INFO - Momentum优化器 - 训练步骤 380: 割值 = 4.9539, 近似比 = 0.8256
2025-06-03 21:19:22,545 - INFO - Momentum优化器 - 训练步骤 400: 割值 = 5.2738, 近似比 = 0.8790
2025-06-03 21:19:22,598 - INFO - Momentum优化器 - 训练步骤 420: 割值 = 5.6432, 近似比 = 0.9405
2025-06-03 21:19:22,650 - INFO - Momentum优化器 - 训练步骤 440: 割值 = 5.0117, 近似比 = 0.8353
2025-06-03 21:19:22,701 - INFO - Momentum优化器 - 训练步骤 460: 割值 = 5.3784, 近似比 = 0.8964
2025-06-03 21:19:22,752 - INFO - Momentum优化器 - 训练步骤 480: 割值 = 5.1537, 近似比 = 0.8589
2025-06-03 21:19:22,805 - INFO - Momentum优化器训练完成，耗时: 1.3595秒
2025-06-03 21:19:22,806 - INFO - Momentum优化器训练历史已保存至 Momentum_training_history_p1.txt
2025-06-03 21:19:22,806 - INFO - Momentum优化器 - 最大割: 5.9012 (步骤 1), 平均割: 5.2028
2025-06-03 21:19:22,807 - INFO - Momentum优化器 - 相对于GW算法的近似比: 0.9835
2025-06-03 21:19:22,807 - INFO - Momentum优化器 - 训练时间: 1.3595秒
2025-06-03 21:19:22,807 - INFO - 
开始使用Adagrad优化器训练...
2025-06-03 21:19:22,840 - INFO - Adagrad优化器 - 训练步骤 0: 割值 = 5.5127, 近似比 = 0.9188
2025-06-03 21:19:22,894 - INFO - Adagrad优化器 - 训练步骤 20: 割值 = 5.8300, 近似比 = 0.9717
2025-06-03 21:19:22,948 - INFO - Adagrad优化器 - 训练步骤 40: 割值 = 5.5424, 近似比 = 0.9237
2025-06-03 21:19:23,003 - INFO - Adagrad优化器 - 训练步骤 60: 割值 = 5.3821, 近似比 = 0.8970
2025-06-03 21:19:23,057 - INFO - Adagrad优化器 - 训练步骤 80: 割值 = 5.4034, 近似比 = 0.9006
2025-06-03 21:19:23,109 - INFO - Adagrad优化器 - 训练步骤 100: 割值 = 5.7413, 近似比 = 0.9569
2025-06-03 21:19:23,162 - INFO - Adagrad优化器 - 训练步骤 120: 割值 = 5.8887, 近似比 = 0.9814
2025-06-03 21:19:23,216 - INFO - Adagrad优化器 - 训练步骤 140: 割值 = 4.3422, 近似比 = 0.7237
2025-06-03 21:19:23,270 - INFO - Adagrad优化器 - 训练步骤 160: 割值 = 5.8871, 近似比 = 0.9812
2025-06-03 21:19:23,323 - INFO - Adagrad优化器 - 训练步骤 180: 割值 = 5.8878, 近似比 = 0.9813
2025-06-03 21:19:23,378 - INFO - Adagrad优化器 - 训练步骤 200: 割值 = 4.9668, 近似比 = 0.8278
2025-06-03 21:19:23,432 - INFO - Adagrad优化器 - 训练步骤 220: 割值 = 4.6031, 近似比 = 0.7672
2025-06-03 21:19:23,484 - INFO - Adagrad优化器 - 训练步骤 240: 割值 = 5.9018, 近似比 = 0.9836
2025-06-03 21:19:23,535 - INFO - Adagrad优化器 - 训练步骤 260: 割值 = 5.6719, 近似比 = 0.9453
2025-06-03 21:19:23,587 - INFO - Adagrad优化器 - 训练步骤 280: 割值 = 5.1003, 近似比 = 0.8501
2025-06-03 21:19:23,641 - INFO - Adagrad优化器 - 训练步骤 300: 割值 = 5.5416, 近似比 = 0.9236
2025-06-03 21:19:23,695 - INFO - Adagrad优化器 - 训练步骤 320: 割值 = 5.3106, 近似比 = 0.8851
2025-06-03 21:19:23,749 - INFO - Adagrad优化器 - 训练步骤 340: 割值 = 4.8218, 近似比 = 0.8036
2025-06-03 21:19:23,804 - INFO - Adagrad优化器 - 训练步骤 360: 割值 = 5.9007, 近似比 = 0.9835
2025-06-03 21:19:23,857 - INFO - Adagrad优化器 - 训练步骤 380: 割值 = 5.5305, 近似比 = 0.9217
2025-06-03 21:19:23,911 - INFO - Adagrad优化器 - 训练步骤 400: 割值 = 5.8961, 近似比 = 0.9827
2025-06-03 21:19:23,965 - INFO - Adagrad优化器 - 训练步骤 420: 割值 = 5.8905, 近似比 = 0.9818
2025-06-03 21:19:24,018 - INFO - Adagrad优化器 - 训练步骤 440: 割值 = 5.8955, 近似比 = 0.9826
2025-06-03 21:19:24,072 - INFO - Adagrad优化器 - 训练步骤 460: 割值 = 5.8973, 近似比 = 0.9829
2025-06-03 21:19:24,127 - INFO - Adagrad优化器 - 训练步骤 480: 割值 = 5.1090, 近似比 = 0.8515
2025-06-03 21:19:24,179 - INFO - Adagrad优化器训练完成，耗时: 1.3713秒
2025-06-03 21:19:24,181 - INFO - Adagrad优化器训练历史已保存至 Adagrad_training_history_p1.txt
2025-06-03 21:19:24,181 - INFO - Adagrad优化器 - 最大割: 5.9039 (步骤 256), 平均割: 5.4615
2025-06-03 21:19:24,181 - INFO - Adagrad优化器 - 相对于GW算法的近似比: 0.9840
2025-06-03 21:19:24,181 - INFO - Adagrad优化器 - 训练时间: 1.3713秒
2025-06-03 21:19:24,181 - INFO - 
开始使用Adadelta优化器训练...
2025-06-03 21:19:24,188 - INFO - Adadelta优化器 - 训练步骤 0: 割值 = 5.3022, 近似比 = 0.8837
2025-06-03 21:19:24,235 - INFO - Adadelta优化器 - 训练步骤 20: 割值 = 5.6181, 近似比 = 0.9363
2025-06-03 21:19:24,285 - INFO - Adadelta优化器 - 训练步骤 40: 割值 = 5.1057, 近似比 = 0.8509
2025-06-03 21:19:24,334 - INFO - Adadelta优化器 - 训练步骤 60: 割值 = 5.8854, 近似比 = 0.9809
2025-06-03 21:19:24,384 - INFO - Adadelta优化器 - 训练步骤 80: 割值 = 5.1771, 近似比 = 0.8629
2025-06-03 21:19:24,434 - INFO - Adadelta优化器 - 训练步骤 100: 割值 = 5.3044, 近似比 = 0.8841
2025-06-03 21:19:24,483 - INFO - Adadelta优化器 - 训练步骤 120: 割值 = 5.8856, 近似比 = 0.9809
2025-06-03 21:19:24,531 - INFO - Adadelta优化器 - 训练步骤 140: 割值 = 5.8852, 近似比 = 0.9809
2025-06-03 21:19:24,580 - INFO - Adadelta优化器 - 训练步骤 160: 割值 = 4.6730, 近似比 = 0.7788
2025-06-03 21:19:24,630 - INFO - Adadelta优化器 - 训练步骤 180: 割值 = 5.4681, 近似比 = 0.9114
2025-06-03 21:19:24,681 - INFO - Adadelta优化器 - 训练步骤 200: 割值 = 4.9642, 近似比 = 0.8274
2025-06-03 21:19:24,730 - INFO - Adadelta优化器 - 训练步骤 220: 割值 = 5.0357, 近似比 = 0.8393
2025-06-03 21:19:24,780 - INFO - Adadelta优化器 - 训练步骤 240: 割值 = 5.1770, 近似比 = 0.8628
2025-06-03 21:19:24,829 - INFO - Adadelta优化器 - 训练步骤 260: 割值 = 5.4684, 近似比 = 0.9114
2025-06-03 21:19:24,878 - INFO - Adadelta优化器 - 训练步骤 280: 割值 = 5.5475, 近似比 = 0.9246
2025-06-03 21:19:24,927 - INFO - Adadelta优化器 - 训练步骤 300: 割值 = 5.4685, 近似比 = 0.9114
2025-06-03 21:19:24,977 - INFO - Adadelta优化器 - 训练步骤 320: 割值 = 5.8847, 近似比 = 0.9808
2025-06-03 21:19:25,027 - INFO - Adadelta优化器 - 训练步骤 340: 割值 = 4.8229, 近似比 = 0.8038
2025-06-03 21:19:25,077 - INFO - Adadelta优化器 - 训练步骤 360: 割值 = 4.8229, 近似比 = 0.8038
2025-06-03 21:19:25,126 - INFO - Adadelta优化器 - 训练步骤 380: 割值 = 5.8860, 近似比 = 0.9810
2025-06-03 21:19:25,175 - INFO - Adadelta优化器 - 训练步骤 400: 割值 = 5.1134, 近似比 = 0.8522
2025-06-03 21:19:25,224 - INFO - Adadelta优化器 - 训练步骤 420: 割值 = 4.8872, 近似比 = 0.8145
2025-06-03 21:19:25,274 - INFO - Adadelta优化器 - 训练步骤 440: 割值 = 5.8869, 近似比 = 0.9812
2025-06-03 21:19:25,325 - INFO - Adadelta优化器 - 训练步骤 460: 割值 = 5.6157, 近似比 = 0.9360
2025-06-03 21:19:25,375 - INFO - Adadelta优化器 - 训练步骤 480: 割值 = 5.5454, 近似比 = 0.9242
2025-06-03 21:19:25,421 - INFO - Adadelta优化器训练完成，耗时: 1.2386秒
2025-06-03 21:19:25,422 - INFO - Adadelta优化器训练历史已保存至 Adadelta_training_history_p1.txt
2025-06-03 21:19:25,422 - INFO - Adadelta优化器 - 最大割: 5.8870 (步骤 437), 平均割: 5.4806
2025-06-03 21:19:25,422 - INFO - Adadelta优化器 - 相对于GW算法的近似比: 0.9812
2025-06-03 21:19:25,422 - INFO - Adadelta优化器 - 训练时间: 1.2386秒
2025-06-03 21:19:41,018 - INFO - 结果比较图表已保存至 results_comparison_p1_2.pdf
2025-06-03 21:19:41,018 - INFO - 
————————————————————最终结果比较表————————————————————
2025-06-03 21:19:41,018 - INFO - 优化器        最大近似比        平均近似比        训练时间(秒)        
2025-06-03 21:19:41,018 - INFO - -------------------------------------------------------
2025-06-03 21:19:41,019 - INFO - Adam       0.9842       0.9079       1.5479         
2025-06-03 21:19:41,019 - INFO - SGD        0.9842       0.9096       1.3997         
2025-06-03 21:19:41,019 - INFO - Momentum   0.9835       0.8671       1.3595         
2025-06-03 21:19:41,019 - INFO - Adagrad    0.9840       0.9102       1.3713         
2025-06-03 21:19:41,019 - INFO - Adadelta   0.9812       0.9134       1.2386         
2025-06-03 21:19:41,019 - INFO - GW算法       1.0000 (基准)
2025-06-03 21:19:41,019 - INFO - 
完整日志已保存至: max_cut_qaoa_20250603_211909.log
