2025-06-03 21:15:08,134 - INFO - 用户输入：节点数 n = 5, k = 4
2025-06-03 21:15:08,135 - INFO - 成功生成4-正则图，节点数: 5, 边数: 10
2025-06-03 21:15:08,135 - INFO - 图的边集合: [(0, 1), (0, 4), (0, 3), (0, 2), (1, 2), (1, 4), (1, 3), (2, 4), (2, 3), (4, 3)]
2025-06-03 21:15:08,479 - INFO - 已保存图的可视化结果至 graph_5nodes_4regular.png
2025-06-03 21:15:12,973 - INFO - 用户输入噪声系数: p1 = 0.1
2025-06-03 21:15:12,973 - INFO - 开始运行GW算法...
2025-06-03 21:15:12,973 - INFO - 开始运行GW算法，采样次数: 100
2025-06-03 21:15:12,976 - INFO - GW算法完成，最大割值: 6
2025-06-03 21:15:12,976 - INFO - GW算法最大割值: 6, 运行时间: 0.0030秒
2025-06-03 21:15:16,373 - INFO - 用户输入线路层次: p = 1
2025-06-03 21:15:16,400 - ERROR - 无法使用matplotlib显示量子线路: 'SVGCircuit' object has no attribute 'mpl'
2025-06-03 21:15:16,529 - INFO - 
开始使用Adam优化器训练...
2025-06-03 21:15:16,659 - INFO - Adam优化器 - 训练步骤 0: 割值 = 5.0000, 近似比 = 0.8333
2025-06-03 21:15:16,718 - INFO - Adam优化器 - 训练步骤 20: 割值 = 5.6272, 近似比 = 0.9379
2025-06-03 21:15:16,773 - INFO - Adam优化器 - 训练步骤 40: 割值 = 5.3888, 近似比 = 0.8981
2025-06-03 21:15:16,829 - INFO - Adam优化器 - 训练步骤 60: 割值 = 5.7275, 近似比 = 0.9546
2025-06-03 21:15:16,886 - INFO - Adam优化器 - 训练步骤 80: 割值 = 5.0921, 近似比 = 0.8487
2025-06-03 21:15:16,943 - INFO - Adam优化器 - 训练步骤 100: 割值 = 5.1669, 近似比 = 0.8612
2025-06-03 21:15:16,999 - INFO - Adam优化器 - 训练步骤 120: 割值 = 5.3168, 近似比 = 0.8861
2025-06-03 21:15:17,054 - INFO - Adam优化器 - 训练步骤 140: 割值 = 4.8237, 近似比 = 0.8039
2025-06-03 21:15:17,110 - INFO - Adam优化器 - 训练步骤 160: 割值 = 5.0514, 近似比 = 0.8419
2025-06-03 21:15:17,168 - INFO - Adam优化器 - 训练步骤 180: 割值 = 5.6316, 近似比 = 0.9386
2025-06-03 21:15:17,224 - INFO - Adam优化器 - 训练步骤 200: 割值 = 5.6666, 近似比 = 0.9444
2025-06-03 21:15:17,281 - INFO - Adam优化器 - 训练步骤 220: 割值 = 5.1761, 近似比 = 0.8627
2025-06-03 21:15:17,338 - INFO - Adam优化器 - 训练步骤 240: 割值 = 5.3835, 近似比 = 0.8973
2025-06-03 21:15:17,394 - INFO - Adam优化器 - 训练步骤 260: 割值 = 5.8054, 近似比 = 0.9676
2025-06-03 21:15:17,449 - INFO - Adam优化器 - 训练步骤 280: 割值 = 5.8943, 近似比 = 0.9824
2025-06-03 21:15:17,505 - INFO - Adam优化器 - 训练步骤 300: 割值 = 5.6662, 近似比 = 0.9444
2025-06-03 21:15:17,586 - INFO - Adam优化器 - 训练步骤 320: 割值 = 5.5216, 近似比 = 0.9203
2025-06-03 21:15:17,643 - INFO - Adam优化器 - 训练步骤 340: 割值 = 5.6461, 近似比 = 0.9410
2025-06-03 21:15:17,700 - INFO - Adam优化器 - 训练步骤 360: 割值 = 5.1789, 近似比 = 0.8631
2025-06-03 21:15:17,756 - INFO - Adam优化器 - 训练步骤 380: 割值 = 5.0274, 近似比 = 0.8379
2025-06-03 21:15:17,811 - INFO - Adam优化器 - 训练步骤 400: 割值 = 5.6613, 近似比 = 0.9436
2025-06-03 21:15:17,867 - INFO - Adam优化器 - 训练步骤 420: 割值 = 5.8844, 近似比 = 0.9807
2025-06-03 21:15:17,923 - INFO - Adam优化器 - 训练步骤 440: 割值 = 5.9041, 近似比 = 0.9840
2025-06-03 21:15:17,977 - INFO - Adam优化器 - 训练步骤 460: 割值 = 5.4504, 近似比 = 0.9084
2025-06-03 21:15:18,032 - INFO - Adam优化器 - 训练步骤 480: 割值 = 5.8180, 近似比 = 0.9697
2025-06-03 21:15:18,086 - INFO - Adam优化器训练完成，耗时: 1.5551秒
2025-06-03 21:15:18,088 - INFO - Adam优化器训练历史已保存至 Adam_training_history_p1.txt
2025-06-03 21:15:18,088 - INFO - Adam优化器 - 最大割: 5.9048 (步骤 309), 平均割: 5.4696
2025-06-03 21:15:18,088 - INFO - Adam优化器 - 相对于GW算法的近似比: 0.9841
2025-06-03 21:15:18,088 - INFO - Adam优化器 - 训练时间: 1.5551秒
2025-06-03 21:15:18,088 - INFO - 
开始使用SGD优化器训练...
2025-06-03 21:15:18,123 - INFO - SGD优化器 - 训练步骤 0: 割值 = 5.0310, 近似比 = 0.8385
2025-06-03 21:15:18,182 - INFO - SGD优化器 - 训练步骤 20: 割值 = 5.1096, 近似比 = 0.8516
2025-06-03 21:15:18,240 - INFO - SGD优化器 - 训练步骤 40: 割值 = 5.8521, 近似比 = 0.9753
2025-06-03 21:15:18,295 - INFO - SGD优化器 - 训练步骤 60: 割值 = 4.9720, 近似比 = 0.8287
2025-06-03 21:15:18,350 - INFO - SGD优化器 - 训练步骤 80: 割值 = 5.6494, 近似比 = 0.9416
2025-06-03 21:15:18,404 - INFO - SGD优化器 - 训练步骤 100: 割值 = 5.6905, 近似比 = 0.9484
2025-06-03 21:15:18,458 - INFO - SGD优化器 - 训练步骤 120: 割值 = 5.4214, 近似比 = 0.9036
2025-06-03 21:15:18,513 - INFO - SGD优化器 - 训练步骤 140: 割值 = 5.1678, 近似比 = 0.8613
2025-06-03 21:15:18,566 - INFO - SGD优化器 - 训练步骤 160: 割值 = 5.8196, 近似比 = 0.9699
2025-06-03 21:15:18,618 - INFO - SGD优化器 - 训练步骤 180: 割值 = 4.6889, 近似比 = 0.7815
2025-06-03 21:15:18,675 - INFO - SGD优化器 - 训练步骤 200: 割值 = 4.9314, 近似比 = 0.8219
2025-06-03 21:15:18,732 - INFO - SGD优化器 - 训练步骤 220: 割值 = 5.6176, 近似比 = 0.9363
2025-06-03 21:15:18,787 - INFO - SGD优化器 - 训练步骤 240: 割值 = 5.6117, 近似比 = 0.9353
2025-06-03 21:15:18,839 - INFO - SGD优化器 - 训练步骤 260: 割值 = 5.1801, 近似比 = 0.8634
2025-06-03 21:15:18,893 - INFO - SGD优化器 - 训练步骤 280: 割值 = 4.8310, 近似比 = 0.8052
2025-06-03 21:15:18,955 - INFO - SGD优化器 - 训练步骤 300: 割值 = 5.4370, 近似比 = 0.9062
2025-06-03 21:15:19,007 - INFO - SGD优化器 - 训练步骤 320: 割值 = 5.8667, 近似比 = 0.9778
2025-06-03 21:15:19,059 - INFO - SGD优化器 - 训练步骤 340: 割值 = 5.8937, 近似比 = 0.9823
2025-06-03 21:15:19,112 - INFO - SGD优化器 - 训练步骤 360: 割值 = 5.1521, 近似比 = 0.8587
2025-06-03 21:15:19,167 - INFO - SGD优化器 - 训练步骤 380: 割值 = 4.7742, 近似比 = 0.7957
2025-06-03 21:15:19,220 - INFO - SGD优化器 - 训练步骤 400: 割值 = 5.8768, 近似比 = 0.9795
2025-06-03 21:15:19,272 - INFO - SGD优化器 - 训练步骤 420: 割值 = 5.6998, 近似比 = 0.9500
2025-06-03 21:15:19,327 - INFO - SGD优化器 - 训练步骤 440: 割值 = 5.5570, 近似比 = 0.9262
2025-06-03 21:15:19,383 - INFO - SGD优化器 - 训练步骤 460: 割值 = 5.4247, 近似比 = 0.9041
2025-06-03 21:15:19,436 - INFO - SGD优化器 - 训练步骤 480: 割值 = 5.0994, 近似比 = 0.8499
2025-06-03 21:15:19,487 - INFO - SGD优化器训练完成，耗时: 1.3989秒
2025-06-03 21:15:19,488 - INFO - SGD优化器训练历史已保存至 SGD_training_history_p1.txt
2025-06-03 21:15:19,489 - INFO - SGD优化器 - 最大割: 5.9046 (步骤 31), 平均割: 5.4447
2025-06-03 21:15:19,489 - INFO - SGD优化器 - 相对于GW算法的近似比: 0.9841
2025-06-03 21:15:19,489 - INFO - SGD优化器 - 训练时间: 1.3989秒
2025-06-03 21:15:19,489 - INFO - 
开始使用Momentum优化器训练...
2025-06-03 21:15:19,525 - INFO - Momentum优化器 - 训练步骤 0: 割值 = 5.0395, 近似比 = 0.8399
2025-06-03 21:15:19,580 - INFO - Momentum优化器 - 训练步骤 20: 割值 = 4.8334, 近似比 = 0.8056
2025-06-03 21:15:19,636 - INFO - Momentum优化器 - 训练步骤 40: 割值 = 5.1508, 近似比 = 0.8585
2025-06-03 21:15:19,688 - INFO - Momentum优化器 - 训练步骤 60: 割值 = 5.0419, 近似比 = 0.8403
2025-06-03 21:15:19,742 - INFO - Momentum优化器 - 训练步骤 80: 割值 = 5.4203, 近似比 = 0.9034
2025-06-03 21:15:19,796 - INFO - Momentum优化器 - 训练步骤 100: 割值 = 5.2255, 近似比 = 0.8709
2025-06-03 21:15:19,851 - INFO - Momentum优化器 - 训练步骤 120: 割值 = 5.0353, 近似比 = 0.8392
2025-06-03 21:15:19,906 - INFO - Momentum优化器 - 训练步骤 140: 割值 = 5.1680, 近似比 = 0.8613
2025-06-03 21:15:19,959 - INFO - Momentum优化器 - 训练步骤 160: 割值 = 5.5166, 近似比 = 0.9194
2025-06-03 21:15:20,014 - INFO - Momentum优化器 - 训练步骤 180: 割值 = 4.9822, 近似比 = 0.8304
2025-06-03 21:15:20,067 - INFO - Momentum优化器 - 训练步骤 200: 割值 = 4.8370, 近似比 = 0.8062
2025-06-03 21:15:20,119 - INFO - Momentum优化器 - 训练步骤 220: 割值 = 5.3811, 近似比 = 0.8968
2025-06-03 21:15:20,174 - INFO - Momentum优化器 - 训练步骤 240: 割值 = 5.0721, 近似比 = 0.8453
2025-06-03 21:15:20,229 - INFO - Momentum优化器 - 训练步骤 260: 割值 = 4.1446, 近似比 = 0.6908
2025-06-03 21:15:20,283 - INFO - Momentum优化器 - 训练步骤 280: 割值 = 5.0910, 近似比 = 0.8485
2025-06-03 21:15:20,335 - INFO - Momentum优化器 - 训练步骤 300: 割值 = 5.4667, 近似比 = 0.9111
2025-06-03 21:15:20,388 - INFO - Momentum优化器 - 训练步骤 320: 割值 = 4.8228, 近似比 = 0.8038
2025-06-03 21:15:20,443 - INFO - Momentum优化器 - 训练步骤 340: 割值 = 5.7084, 近似比 = 0.9514
2025-06-03 21:15:20,496 - INFO - Momentum优化器 - 训练步骤 360: 割值 = 5.3145, 近似比 = 0.8857
2025-06-03 21:15:20,549 - INFO - Momentum优化器 - 训练步骤 380: 割值 = 5.0203, 近似比 = 0.8367
2025-06-03 21:15:20,601 - INFO - Momentum优化器 - 训练步骤 400: 割值 = 5.2838, 近似比 = 0.8806
2025-06-03 21:15:20,655 - INFO - Momentum优化器 - 训练步骤 420: 割值 = 5.1428, 近似比 = 0.8571
2025-06-03 21:15:20,708 - INFO - Momentum优化器 - 训练步骤 440: 割值 = 4.3390, 近似比 = 0.7232
2025-06-03 21:15:20,759 - INFO - Momentum优化器 - 训练步骤 460: 割值 = 4.7151, 近似比 = 0.7859
2025-06-03 21:15:20,812 - INFO - Momentum优化器 - 训练步骤 480: 割值 = 5.0255, 近似比 = 0.8376
2025-06-03 21:15:20,864 - INFO - Momentum优化器训练完成，耗时: 1.3734秒
2025-06-03 21:15:20,865 - INFO - Momentum优化器训练历史已保存至 Momentum_training_history_p1.txt
2025-06-03 21:15:20,866 - INFO - Momentum优化器 - 最大割: 5.9031 (步骤 126), 平均割: 5.2534
2025-06-03 21:15:20,866 - INFO - Momentum优化器 - 相对于GW算法的近似比: 0.9839
2025-06-03 21:15:20,866 - INFO - Momentum优化器 - 训练时间: 1.3734秒
2025-06-03 21:15:20,866 - INFO - 
开始使用Adagrad优化器训练...
2025-06-03 21:15:20,898 - INFO - Adagrad优化器 - 训练步骤 0: 割值 = 4.9811, 近似比 = 0.8302
2025-06-03 21:15:20,955 - INFO - Adagrad优化器 - 训练步骤 20: 割值 = 4.9117, 近似比 = 0.8186
2025-06-03 21:15:21,009 - INFO - Adagrad优化器 - 训练步骤 40: 割值 = 5.3358, 近似比 = 0.8893
2025-06-03 21:15:21,063 - INFO - Adagrad优化器 - 训练步骤 60: 割值 = 5.8609, 近似比 = 0.9768
2025-06-03 21:15:21,118 - INFO - Adagrad优化器 - 训练步骤 80: 割值 = 5.4687, 近似比 = 0.9115
2025-06-03 21:15:21,172 - INFO - Adagrad优化器 - 训练步骤 100: 割值 = 4.8243, 近似比 = 0.8040
2025-06-03 21:15:21,224 - INFO - Adagrad优化器 - 训练步骤 120: 割值 = 5.5495, 近似比 = 0.9249
2025-06-03 21:15:21,280 - INFO - Adagrad优化器 - 训练步骤 140: 割值 = 5.5456, 近似比 = 0.9243
2025-06-03 21:15:21,332 - INFO - Adagrad优化器 - 训练步骤 160: 割值 = 5.8989, 近似比 = 0.9832
2025-06-03 21:15:21,384 - INFO - Adagrad优化器 - 训练步骤 180: 割值 = 4.7473, 近似比 = 0.7912
2025-06-03 21:15:21,437 - INFO - Adagrad优化器 - 训练步骤 200: 割值 = 5.3166, 近似比 = 0.8861
2025-06-03 21:15:21,491 - INFO - Adagrad优化器 - 训练步骤 220: 割值 = 5.8950, 近似比 = 0.9825
2025-06-03 21:15:21,544 - INFO - Adagrad优化器 - 训练步骤 240: 割值 = 5.8849, 近似比 = 0.9808
2025-06-03 21:15:21,597 - INFO - Adagrad优化器 - 训练步骤 260: 割值 = 5.1070, 近似比 = 0.8512
2025-06-03 21:15:21,651 - INFO - Adagrad优化器 - 训练步骤 280: 割值 = 5.8288, 近似比 = 0.9715
2025-06-03 21:15:21,706 - INFO - Adagrad优化器 - 训练步骤 300: 割值 = 4.9805, 近似比 = 0.8301
2025-06-03 21:15:21,760 - INFO - Adagrad优化器 - 训练步骤 320: 割值 = 4.9018, 近似比 = 0.8170
2025-06-03 21:15:21,811 - INFO - Adagrad优化器 - 训练步骤 340: 割值 = 5.9000, 近似比 = 0.9833
2025-06-03 21:15:21,866 - INFO - Adagrad优化器 - 训练步骤 360: 割值 = 5.1796, 近似比 = 0.8633
2025-06-03 21:15:21,921 - INFO - Adagrad优化器 - 训练步骤 380: 割值 = 5.8920, 近似比 = 0.9820
2025-06-03 21:15:21,976 - INFO - Adagrad优化器 - 训练步骤 400: 割值 = 5.4535, 近似比 = 0.9089
2025-06-03 21:15:22,032 - INFO - Adagrad优化器 - 训练步骤 420: 割值 = 4.8193, 近似比 = 0.8032
2025-06-03 21:15:22,086 - INFO - Adagrad优化器 - 训练步骤 440: 割值 = 5.9022, 近似比 = 0.9837
2025-06-03 21:15:22,140 - INFO - Adagrad优化器 - 训练步骤 460: 割值 = 5.1804, 近似比 = 0.8634
2025-06-03 21:15:22,193 - INFO - Adagrad优化器 - 训练步骤 480: 割值 = 5.9003, 近似比 = 0.9834
2025-06-03 21:15:22,243 - INFO - Adagrad优化器训练完成，耗时: 1.3765秒
2025-06-03 21:15:22,244 - INFO - Adagrad优化器训练历史已保存至 Adagrad_training_history_p1.txt
2025-06-03 21:15:22,245 - INFO - Adagrad优化器 - 最大割: 5.9037 (步骤 424), 平均割: 5.4658
2025-06-03 21:15:22,245 - INFO - Adagrad优化器 - 相对于GW算法的近似比: 0.9840
2025-06-03 21:15:22,245 - INFO - Adagrad优化器 - 训练时间: 1.3765秒
2025-06-03 21:15:22,245 - INFO - 
开始使用Adadelta优化器训练...
2025-06-03 21:15:22,252 - INFO - Adadelta优化器 - 训练步骤 0: 割值 = 5.7365, 近似比 = 0.9561
2025-06-03 21:15:22,301 - INFO - Adadelta优化器 - 训练步骤 20: 割值 = 5.9016, 近似比 = 0.9836
2025-06-03 21:15:22,352 - INFO - Adadelta优化器 - 训练步骤 40: 割值 = 5.7378, 近似比 = 0.9563
2025-06-03 21:15:22,402 - INFO - Adadelta优化器 - 训练步骤 60: 割值 = 5.9013, 近似比 = 0.9835
2025-06-03 21:15:22,451 - INFO - Adadelta优化器 - 训练步骤 80: 割值 = 4.4302, 近似比 = 0.7384
2025-06-03 21:15:22,501 - INFO - Adadelta优化器 - 训练步骤 100: 割值 = 5.3099, 近似比 = 0.8850
2025-06-03 21:15:22,550 - INFO - Adadelta优化器 - 训练步骤 120: 割值 = 4.8198, 近似比 = 0.8033
2025-06-03 21:15:22,600 - INFO - Adadelta优化器 - 训练步骤 140: 割值 = 5.9011, 近似比 = 0.9835
2025-06-03 21:15:22,652 - INFO - Adadelta优化器 - 训练步骤 160: 割值 = 5.1802, 近似比 = 0.8634
2025-06-03 21:15:22,704 - INFO - Adadelta优化器 - 训练步骤 180: 割值 = 5.4547, 近似比 = 0.9091
2025-06-03 21:15:22,754 - INFO - Adadelta优化器 - 训练步骤 200: 割值 = 5.9007, 近似比 = 0.9834
2025-06-03 21:15:22,804 - INFO - Adadelta优化器 - 训练步骤 220: 割值 = 5.3799, 近似比 = 0.8967
2025-06-03 21:15:22,852 - INFO - Adadelta优化器 - 训练步骤 240: 割值 = 5.7408, 近似比 = 0.9568
2025-06-03 21:15:22,902 - INFO - Adadelta优化器 - 训练步骤 260: 割值 = 5.0317, 近似比 = 0.8386
2025-06-03 21:15:22,952 - INFO - Adadelta优化器 - 训练步骤 280: 割值 = 5.8999, 近似比 = 0.9833
2025-06-03 21:15:23,004 - INFO - Adadelta优化器 - 训练步骤 300: 割值 = 5.9000, 近似比 = 0.9833
2025-06-03 21:15:23,053 - INFO - Adadelta优化器 - 训练步骤 320: 割值 = 5.8998, 近似比 = 0.9833
2025-06-03 21:15:23,102 - INFO - Adadelta优化器 - 训练步骤 340: 割值 = 5.3971, 近似比 = 0.8995
2025-06-03 21:15:23,154 - INFO - Adadelta优化器 - 训练步骤 360: 割值 = 4.7748, 近似比 = 0.7958
2025-06-03 21:15:23,203 - INFO - Adadelta优化器 - 训练步骤 380: 割值 = 5.2494, 近似比 = 0.8749
2025-06-03 21:15:23,250 - INFO - Adadelta优化器 - 训练步骤 400: 割值 = 4.8202, 近似比 = 0.8034
2025-06-03 21:15:23,299 - INFO - Adadelta优化器 - 训练步骤 420: 割值 = 5.6792, 近似比 = 0.9465
2025-06-03 21:15:23,348 - INFO - Adadelta优化器 - 训练步骤 440: 割值 = 5.3846, 近似比 = 0.8974
2025-06-03 21:15:23,396 - INFO - Adadelta优化器 - 训练步骤 460: 割值 = 5.6794, 近似比 = 0.9466
2025-06-03 21:15:23,445 - INFO - Adadelta优化器 - 训练步骤 480: 割值 = 5.3346, 近似比 = 0.8891
2025-06-03 21:15:23,492 - INFO - Adadelta优化器训练完成，耗时: 1.2460秒
2025-06-03 21:15:23,493 - INFO - Adadelta优化器训练历史已保存至 Adadelta_training_history_p1.txt
2025-06-03 21:15:23,494 - INFO - Adadelta优化器 - 最大割: 5.9017 (步骤 7), 平均割: 5.4306
2025-06-03 21:15:23,494 - INFO - Adadelta优化器 - 相对于GW算法的近似比: 0.9836
2025-06-03 21:15:23,494 - INFO - Adadelta优化器 - 训练时间: 1.2460秒
2025-06-03 21:15:55,937 - INFO - 结果比较图表已保存至 results_comparison_p1_2.png
2025-06-03 21:15:55,937 - INFO - 
————————————————————最终结果比较表————————————————————
2025-06-03 21:15:55,937 - INFO - 优化器        最大近似比        平均近似比        训练时间(秒)        
2025-06-03 21:15:55,937 - INFO - -------------------------------------------------------
2025-06-03 21:15:55,937 - INFO - Adam       0.9841       0.9116       1.5551         
2025-06-03 21:15:55,937 - INFO - SGD        0.9841       0.9075       1.3989         
2025-06-03 21:15:55,937 - INFO - Momentum   0.9839       0.8756       1.3734         
2025-06-03 21:15:55,937 - INFO - Adagrad    0.9840       0.9110       1.3765         
2025-06-03 21:15:55,938 - INFO - Adadelta   0.9836       0.9051       1.2460         
2025-06-03 21:15:55,938 - INFO - GW算法       1.0000 (基准)
2025-06-03 21:15:55,938 - INFO - 
完整日志已保存至: max_cut_qaoa_20250603_211504.log
