2025-06-03 21:04:40,914 - INFO - 用户输入：节点数 n = 5, k = 4
2025-06-03 21:04:40,916 - INFO - 成功生成4-正则图，节点数: 5, 边数: 10
2025-06-03 21:04:40,916 - INFO - 图的边集合: [(0, 1), (0, 4), (0, 3), (0, 2), (1, 2), (1, 4), (1, 3), (2, 4), (2, 3), (4, 3)]
2025-06-03 21:04:41,261 - INFO - 已保存图的可视化结果至 graph_5nodes_4regular.png
2025-06-03 21:04:44,997 - INFO - 用户输入噪声系数: p1 = 0.1
2025-06-03 21:04:44,997 - INFO - 开始运行GW算法...
2025-06-03 21:04:44,997 - INFO - 开始运行GW算法，采样次数: 100
2025-06-03 21:04:45,025 - INFO - GW算法完成，最大割值: 6
2025-06-03 21:04:45,025 - INFO - GW算法最大割值: 6, 运行时间: 0.0283秒
2025-06-03 21:04:48,819 - INFO - 用户输入线路层次: p = 1
2025-06-03 21:04:48,846 - ERROR - 无法使用matplotlib显示量子线路: 'SVGCircuit' object has no attribute 'mpl'
2025-06-03 21:04:48,972 - INFO - 
开始使用Adam优化器训练...
2025-06-03 21:04:49,099 - INFO - Adam优化器 - 训练步骤 0: 割值 = 5.0004, 近似比 = 0.8334
2025-06-03 21:04:49,159 - INFO - Adam优化器 - 训练步骤 20: 割值 = 5.3277, 近似比 = 0.8880
2025-06-03 21:04:49,215 - INFO - Adam优化器 - 训练步骤 40: 割值 = 4.6031, 近似比 = 0.7672
2025-06-03 21:04:49,271 - INFO - Adam优化器 - 训练步骤 60: 割值 = 5.9052, 近似比 = 0.9842
2025-06-03 21:04:49,327 - INFO - Adam优化器 - 训练步骤 80: 割值 = 5.8380, 近似比 = 0.9730
2025-06-03 21:04:49,385 - INFO - Adam优化器 - 训练步骤 100: 割值 = 5.8693, 近似比 = 0.9782
2025-06-03 21:04:49,440 - INFO - Adam优化器 - 训练步骤 120: 割值 = 5.8091, 近似比 = 0.9682
2025-06-03 21:04:49,495 - INFO - Adam优化器 - 训练步骤 140: 割值 = 5.8280, 近似比 = 0.9713
2025-06-03 21:04:49,551 - INFO - Adam优化器 - 训练步骤 160: 割值 = 5.4605, 近似比 = 0.9101
2025-06-03 21:04:49,607 - INFO - Adam优化器 - 训练步骤 180: 割值 = 5.3679, 近似比 = 0.8947
2025-06-03 21:04:49,665 - INFO - Adam优化器 - 训练步骤 200: 割值 = 5.5308, 近似比 = 0.9218
2025-06-03 21:04:49,722 - INFO - Adam优化器 - 训练步骤 220: 割值 = 5.3460, 近似比 = 0.8910
2025-06-03 21:04:49,778 - INFO - Adam优化器 - 训练步骤 240: 割值 = 5.4307, 近似比 = 0.9051
2025-06-03 21:04:49,836 - INFO - Adam优化器 - 训练步骤 260: 割值 = 4.8335, 近似比 = 0.8056
2025-06-03 21:04:49,892 - INFO - Adam优化器 - 训练步骤 280: 割值 = 5.8840, 近似比 = 0.9807
2025-06-03 21:04:49,948 - INFO - Adam优化器 - 训练步骤 300: 割值 = 5.8804, 近似比 = 0.9801
2025-06-03 21:04:50,005 - INFO - Adam优化器 - 训练步骤 320: 割值 = 5.1642, 近似比 = 0.8607
2025-06-03 21:04:50,062 - INFO - Adam优化器 - 训练步骤 340: 割值 = 5.4524, 近似比 = 0.9087
2025-06-03 21:04:50,118 - INFO - Adam优化器 - 训练步骤 360: 割值 = 5.2218, 近似比 = 0.8703
2025-06-03 21:04:50,174 - INFO - Adam优化器 - 训练步骤 380: 割值 = 5.0427, 近似比 = 0.8405
2025-06-03 21:04:50,230 - INFO - Adam优化器 - 训练步骤 400: 割值 = 5.8731, 近似比 = 0.9789
2025-06-03 21:04:50,288 - INFO - Adam优化器 - 训练步骤 420: 割值 = 5.1772, 近似比 = 0.8629
2025-06-03 21:04:50,344 - INFO - Adam优化器 - 训练步骤 440: 割值 = 5.7976, 近似比 = 0.9663
2025-06-03 21:04:50,401 - INFO - Adam优化器 - 训练步骤 460: 割值 = 5.7704, 近似比 = 0.9617
2025-06-03 21:04:50,456 - INFO - Adam优化器 - 训练步骤 480: 割值 = 5.4339, 近似比 = 0.9057
2025-06-03 21:04:50,509 - INFO - Adam优化器训练完成，耗时: 1.5366秒
2025-06-03 21:04:50,510 - INFO - Adam优化器训练历史已保存至 Adam_training_history_p1.txt
2025-06-03 21:04:50,511 - INFO - Adam优化器 - 最大割: 5.9052 (步骤 60), 平均割: 5.4461
2025-06-03 21:04:50,511 - INFO - Adam优化器 - 相对于GW算法的近似比: 0.9842
2025-06-03 21:04:50,511 - INFO - Adam优化器 - 训练时间: 1.5366秒
2025-06-03 21:04:50,511 - INFO - 
开始使用SGD优化器训练...
2025-06-03 21:04:50,547 - INFO - SGD优化器 - 训练步骤 0: 割值 = 5.1447, 近似比 = 0.8575
2025-06-03 21:04:50,603 - INFO - SGD优化器 - 训练步骤 20: 割值 = 5.5531, 近似比 = 0.9255
2025-06-03 21:04:50,657 - INFO - SGD优化器 - 训练步骤 40: 割值 = 5.4460, 近似比 = 0.9077
2025-06-03 21:04:50,711 - INFO - SGD优化器 - 训练步骤 60: 割值 = 4.5791, 近似比 = 0.7632
2025-06-03 21:04:50,765 - INFO - SGD优化器 - 训练步骤 80: 割值 = 5.6136, 近似比 = 0.9356
2025-06-03 21:04:50,819 - INFO - SGD优化器 - 训练步骤 100: 割值 = 5.4137, 近似比 = 0.9023
2025-06-03 21:04:50,872 - INFO - SGD优化器 - 训练步骤 120: 割值 = 5.7683, 近似比 = 0.9614
2025-06-03 21:04:50,925 - INFO - SGD优化器 - 训练步骤 140: 割值 = 5.1395, 近似比 = 0.8566
2025-06-03 21:04:50,979 - INFO - SGD优化器 - 训练步骤 160: 割值 = 5.3741, 近似比 = 0.8957
2025-06-03 21:04:51,032 - INFO - SGD优化器 - 训练步骤 180: 割值 = 5.8289, 近似比 = 0.9715
2025-06-03 21:04:51,086 - INFO - SGD优化器 - 训练步骤 200: 割值 = 5.8963, 近似比 = 0.9827
2025-06-03 21:04:51,140 - INFO - SGD优化器 - 训练步骤 220: 割值 = 4.8493, 近似比 = 0.8082
2025-06-03 21:04:51,197 - INFO - SGD优化器 - 训练步骤 240: 割值 = 5.1165, 近似比 = 0.8528
2025-06-03 21:04:51,250 - INFO - SGD优化器 - 训练步骤 260: 割值 = 5.5253, 近似比 = 0.9209
2025-06-03 21:04:51,303 - INFO - SGD优化器 - 训练步骤 280: 割值 = 5.4897, 近似比 = 0.9149
2025-06-03 21:04:51,358 - INFO - SGD优化器 - 训练步骤 300: 割值 = 5.3439, 近似比 = 0.8907
2025-06-03 21:04:51,411 - INFO - SGD优化器 - 训练步骤 320: 割值 = 5.8903, 近似比 = 0.9817
2025-06-03 21:04:51,463 - INFO - SGD优化器 - 训练步骤 340: 割值 = 5.3643, 近似比 = 0.8941
2025-06-03 21:04:51,517 - INFO - SGD优化器 - 训练步骤 360: 割值 = 5.4588, 近似比 = 0.9098
2025-06-03 21:04:51,572 - INFO - SGD优化器 - 训练步骤 380: 割值 = 5.5460, 近似比 = 0.9243
2025-06-03 21:04:51,625 - INFO - SGD优化器 - 训练步骤 400: 割值 = 5.6949, 近似比 = 0.9491
2025-06-03 21:04:51,679 - INFO - SGD优化器 - 训练步骤 420: 割值 = 5.1259, 近似比 = 0.8543
2025-06-03 21:04:51,733 - INFO - SGD优化器 - 训练步骤 440: 割值 = 5.4342, 近似比 = 0.9057
2025-06-03 21:04:51,786 - INFO - SGD优化器 - 训练步骤 460: 割值 = 5.5051, 近似比 = 0.9175
2025-06-03 21:04:51,841 - INFO - SGD优化器 - 训练步骤 480: 割值 = 5.8870, 近似比 = 0.9812
2025-06-03 21:04:51,890 - INFO - SGD优化器训练完成，耗时: 1.3779秒
2025-06-03 21:04:51,891 - INFO - SGD优化器训练历史已保存至 SGD_training_history_p1.txt
2025-06-03 21:04:51,892 - INFO - SGD优化器 - 最大割: 5.9050 (步骤 297), 平均割: 5.4490
2025-06-03 21:04:51,892 - INFO - SGD优化器 - 相对于GW算法的近似比: 0.9842
2025-06-03 21:04:51,892 - INFO - SGD优化器 - 训练时间: 1.3779秒
2025-06-03 21:04:51,892 - INFO - 
开始使用Momentum优化器训练...
2025-06-03 21:04:51,928 - INFO - Momentum优化器 - 训练步骤 0: 割值 = 5.4691, 近似比 = 0.9115
2025-06-03 21:04:51,983 - INFO - Momentum优化器 - 训练步骤 20: 割值 = 5.2487, 近似比 = 0.8748
2025-06-03 21:04:52,038 - INFO - Momentum优化器 - 训练步骤 40: 割值 = 5.1887, 近似比 = 0.8648
2025-06-03 21:04:52,090 - INFO - Momentum优化器 - 训练步骤 60: 割值 = 5.3620, 近似比 = 0.8937
2025-06-03 21:04:52,144 - INFO - Momentum优化器 - 训练步骤 80: 割值 = 5.7984, 近似比 = 0.9664
2025-06-03 21:04:52,198 - INFO - Momentum优化器 - 训练步骤 100: 割值 = 4.8260, 近似比 = 0.8043
2025-06-03 21:04:52,252 - INFO - Momentum优化器 - 训练步骤 120: 割值 = 5.2794, 近似比 = 0.8799
2025-06-03 21:04:52,307 - INFO - Momentum优化器 - 训练步骤 140: 割值 = 5.0723, 近似比 = 0.8454
2025-06-03 21:04:52,360 - INFO - Momentum优化器 - 训练步骤 160: 割值 = 5.1889, 近似比 = 0.8648
2025-06-03 21:04:52,415 - INFO - Momentum优化器 - 训练步骤 180: 割值 = 5.7385, 近似比 = 0.9564
2025-06-03 21:04:52,469 - INFO - Momentum优化器 - 训练步骤 200: 割值 = 5.8609, 近似比 = 0.9768
2025-06-03 21:04:52,523 - INFO - Momentum优化器 - 训练步骤 220: 割值 = 5.3402, 近似比 = 0.8900
2025-06-03 21:04:52,576 - INFO - Momentum优化器 - 训练步骤 240: 割值 = 5.1112, 近似比 = 0.8519
2025-06-03 21:04:52,630 - INFO - Momentum优化器 - 训练步骤 260: 割值 = 4.9844, 近似比 = 0.8307
2025-06-03 21:04:52,684 - INFO - Momentum优化器 - 训练步骤 280: 割值 = 5.3043, 近似比 = 0.8841
2025-06-03 21:04:52,737 - INFO - Momentum优化器 - 训练步骤 300: 割值 = 5.0764, 近似比 = 0.8461
2025-06-03 21:04:52,790 - INFO - Momentum优化器 - 训练步骤 320: 割值 = 5.6572, 近似比 = 0.9429
2025-06-03 21:04:52,845 - INFO - Momentum优化器 - 训练步骤 340: 割值 = 5.1276, 近似比 = 0.8546
2025-06-03 21:04:52,899 - INFO - Momentum优化器 - 训练步骤 360: 割值 = 5.0540, 近似比 = 0.8423
2025-06-03 21:04:52,954 - INFO - Momentum优化器 - 训练步骤 380: 割值 = 5.2902, 近似比 = 0.8817
2025-06-03 21:04:53,007 - INFO - Momentum优化器 - 训练步骤 400: 割值 = 5.6896, 近似比 = 0.9483
2025-06-03 21:04:53,060 - INFO - Momentum优化器 - 训练步骤 420: 割值 = 4.8990, 近似比 = 0.8165
2025-06-03 21:04:53,115 - INFO - Momentum优化器 - 训练步骤 440: 割值 = 5.8877, 近似比 = 0.9813
2025-06-03 21:04:53,171 - INFO - Momentum优化器 - 训练步骤 460: 割值 = 4.8687, 近似比 = 0.8114
2025-06-03 21:04:53,226 - INFO - Momentum优化器 - 训练步骤 480: 割值 = 5.5732, 近似比 = 0.9289
2025-06-03 21:04:53,278 - INFO - Momentum优化器训练完成，耗时: 1.3845秒
2025-06-03 21:04:53,279 - INFO - Momentum优化器训练历史已保存至 Momentum_training_history_p1.txt
2025-06-03 21:04:53,279 - INFO - Momentum优化器 - 最大割: 5.9013 (步骤 437), 平均割: 5.2718
2025-06-03 21:04:53,280 - INFO - Momentum优化器 - 相对于GW算法的近似比: 0.9835
2025-06-03 21:04:53,280 - INFO - Momentum优化器 - 训练时间: 1.3845秒
2025-06-03 21:04:53,280 - INFO - 
开始使用Adagrad优化器训练...
2025-06-03 21:04:53,312 - INFO - Adagrad优化器 - 训练步骤 0: 割值 = 4.9100, 近似比 = 0.8183
2025-06-03 21:04:53,368 - INFO - Adagrad优化器 - 训练步骤 20: 割值 = 5.7298, 近似比 = 0.9550
2025-06-03 21:04:53,422 - INFO - Adagrad优化器 - 训练步骤 40: 割值 = 4.8271, 近似比 = 0.8045
2025-06-03 21:04:53,475 - INFO - Adagrad优化器 - 训练步骤 60: 割值 = 4.8252, 近似比 = 0.8042
2025-06-03 21:04:53,530 - INFO - Adagrad优化器 - 训练步骤 80: 割值 = 5.1739, 近似比 = 0.8623
2025-06-03 21:04:53,581 - INFO - Adagrad优化器 - 训练步骤 100: 割值 = 5.4059, 近似比 = 0.9010
2025-06-03 21:04:53,634 - INFO - Adagrad优化器 - 训练步骤 120: 割值 = 5.8982, 近似比 = 0.9830
2025-06-03 21:04:53,688 - INFO - Adagrad优化器 - 训练步骤 140: 割值 = 5.8961, 近似比 = 0.9827
2025-06-03 21:04:53,742 - INFO - Adagrad优化器 - 训练步骤 160: 割值 = 5.3164, 近似比 = 0.8861
2025-06-03 21:04:53,796 - INFO - Adagrad优化器 - 训练步骤 180: 割值 = 5.1770, 近似比 = 0.8628
2025-06-03 21:04:53,850 - INFO - Adagrad优化器 - 训练步骤 200: 割值 = 5.8928, 近似比 = 0.9821
2025-06-03 21:04:53,905 - INFO - Adagrad优化器 - 训练步骤 220: 割值 = 5.4633, 近似比 = 0.9106
2025-06-03 21:04:53,958 - INFO - Adagrad优化器 - 训练步骤 240: 割值 = 5.3979, 近似比 = 0.8997
2025-06-03 21:04:54,009 - INFO - Adagrad优化器 - 训练步骤 260: 割值 = 4.8221, 近似比 = 0.8037
2025-06-03 21:04:54,060 - INFO - Adagrad优化器 - 训练步骤 280: 割值 = 5.4624, 近似比 = 0.9104
2025-06-03 21:04:54,114 - INFO - Adagrad优化器 - 训练步骤 300: 割值 = 5.1785, 近似比 = 0.8631
2025-06-03 21:04:54,168 - INFO - Adagrad优化器 - 训练步骤 320: 割值 = 5.1792, 近似比 = 0.8632
2025-06-03 21:04:54,222 - INFO - Adagrad优化器 - 训练步骤 340: 割值 = 5.4661, 近似比 = 0.9110
2025-06-03 21:04:54,275 - INFO - Adagrad优化器 - 训练步骤 360: 割值 = 5.1069, 近似比 = 0.8511
2025-06-03 21:04:54,329 - INFO - Adagrad优化器 - 训练步骤 380: 割值 = 5.8989, 近似比 = 0.9832
2025-06-03 21:04:54,381 - INFO - Adagrad优化器 - 训练步骤 400: 割值 = 5.0934, 近似比 = 0.8489
2025-06-03 21:04:54,434 - INFO - Adagrad优化器 - 训练步骤 420: 割值 = 5.9040, 近似比 = 0.9840
2025-06-03 21:04:54,489 - INFO - Adagrad优化器 - 训练步骤 440: 割值 = 5.9021, 近似比 = 0.9837
2025-06-03 21:04:54,544 - INFO - Adagrad优化器 - 训练步骤 460: 割值 = 5.1809, 近似比 = 0.8635
2025-06-03 21:04:54,597 - INFO - Adagrad优化器 - 训练步骤 480: 割值 = 5.9030, 近似比 = 0.9838
2025-06-03 21:04:54,646 - INFO - Adagrad优化器训练完成，耗时: 1.3665秒
2025-06-03 21:04:54,648 - INFO - Adagrad优化器训练历史已保存至 Adagrad_training_history_p1.txt
2025-06-03 21:04:54,648 - INFO - Adagrad优化器 - 最大割: 5.9050 (步骤 468), 平均割: 5.4395
2025-06-03 21:04:54,648 - INFO - Adagrad优化器 - 相对于GW算法的近似比: 0.9842
2025-06-03 21:04:54,648 - INFO - Adagrad优化器 - 训练时间: 1.3665秒
2025-06-03 21:04:54,648 - INFO - 
开始使用Adadelta优化器训练...
2025-06-03 21:04:54,655 - INFO - Adadelta优化器 - 训练步骤 0: 割值 = 5.4635, 近似比 = 0.9106
2025-06-03 21:04:54,702 - INFO - Adadelta优化器 - 训练步骤 20: 割值 = 5.5361, 近似比 = 0.9227
2025-06-03 21:04:54,751 - INFO - Adadelta优化器 - 训练步骤 40: 割值 = 5.1792, 近似比 = 0.8632
2025-06-03 21:04:54,799 - INFO - Adadelta优化器 - 训练步骤 60: 割值 = 5.8961, 近似比 = 0.9827
2025-06-03 21:04:54,848 - INFO - Adadelta优化器 - 训练步骤 80: 割值 = 5.8957, 近似比 = 0.9826
2025-06-03 21:04:54,897 - INFO - Adadelta优化器 - 训练步骤 100: 割值 = 5.8955, 近似比 = 0.9826
2025-06-03 21:04:54,947 - INFO - Adadelta优化器 - 训练步骤 120: 割值 = 5.8957, 近似比 = 0.9826
2025-06-03 21:04:54,998 - INFO - Adadelta优化器 - 训练步骤 140: 割值 = 4.9672, 近似比 = 0.8279
2025-06-03 21:04:55,046 - INFO - Adadelta优化器 - 训练步骤 160: 割值 = 5.6830, 近似比 = 0.9472
2025-06-03 21:04:55,097 - INFO - Adadelta优化器 - 训练步骤 180: 割值 = 5.8948, 近似比 = 0.9825
2025-06-03 21:04:55,148 - INFO - Adadelta优化器 - 训练步骤 200: 割值 = 5.8954, 近似比 = 0.9826
2025-06-03 21:04:55,197 - INFO - Adadelta优化器 - 训练步骤 220: 割值 = 5.4636, 近似比 = 0.9106
2025-06-03 21:04:55,244 - INFO - Adadelta优化器 - 训练步骤 240: 割值 = 4.7562, 近似比 = 0.7927
2025-06-03 21:04:55,294 - INFO - Adadelta优化器 - 训练步骤 260: 割值 = 5.6029, 近似比 = 0.9338
2025-06-03 21:04:55,346 - INFO - Adadelta优化器 - 训练步骤 280: 割值 = 5.7492, 近似比 = 0.9582
2025-06-03 21:04:55,398 - INFO - Adadelta优化器 - 训练步骤 300: 割值 = 5.1062, 近似比 = 0.8510
2025-06-03 21:04:55,447 - INFO - Adadelta优化器 - 训练步骤 320: 割值 = 5.8951, 近似比 = 0.9825
2025-06-03 21:04:55,497 - INFO - Adadelta优化器 - 训练步骤 340: 割值 = 5.3179, 近似比 = 0.8863
2025-06-03 21:04:55,545 - INFO - Adadelta优化器 - 训练步骤 360: 割值 = 5.7489, 近似比 = 0.9581
2025-06-03 21:04:55,597 - INFO - Adadelta优化器 - 训练步骤 380: 割值 = 5.1790, 近似比 = 0.8632
2025-06-03 21:04:55,647 - INFO - Adadelta优化器 - 训练步骤 400: 割值 = 4.6825, 近似比 = 0.7804
2025-06-03 21:04:55,697 - INFO - Adadelta优化器 - 训练步骤 420: 割值 = 5.1791, 近似比 = 0.8632
2025-06-03 21:04:55,749 - INFO - Adadelta优化器 - 训练步骤 440: 割值 = 5.1791, 近似比 = 0.8632
2025-06-03 21:04:55,800 - INFO - Adadelta优化器 - 训练步骤 460: 割值 = 5.5446, 近似比 = 0.9241
2025-06-03 21:04:55,848 - INFO - Adadelta优化器 - 训练步骤 480: 割值 = 5.8960, 近似比 = 0.9827
2025-06-03 21:04:55,893 - INFO - Adadelta优化器训练完成，耗时: 1.2442秒
2025-06-03 21:04:55,894 - INFO - Adadelta优化器训练历史已保存至 Adadelta_training_history_p1.txt
2025-06-03 21:04:55,895 - INFO - Adadelta优化器 - 最大割: 5.8962 (步骤 54), 平均割: 5.4695
2025-06-03 21:04:55,895 - INFO - Adadelta优化器 - 相对于GW算法的近似比: 0.9827
2025-06-03 21:04:55,895 - INFO - Adadelta优化器 - 训练时间: 1.2442秒
2025-06-03 21:04:56,053 - INFO - 开始模拟不同噪声水平下的性能...
2025-06-03 21:04:56,053 - INFO - 
模拟噪声水平: 0.00
2025-06-03 21:04:56,110 - INFO - 噪声 0.00 - 步骤 0: 割值 = 4.9998, 近似比 = 0.8333
2025-06-03 21:04:56,164 - INFO - 噪声 0.00 - 步骤 20: 割值 = 5.7686, 近似比 = 0.9614
2025-06-03 21:04:56,219 - INFO - 噪声 0.00 - 步骤 40: 割值 = 5.8985, 近似比 = 0.9831
2025-06-03 21:04:56,273 - INFO - 噪声 0.00 - 步骤 60: 割值 = 5.9047, 近似比 = 0.9841
2025-06-03 21:04:56,328 - INFO - 噪声 0.00 - 步骤 80: 割值 = 5.9051, 近似比 = 0.9842
2025-06-03 21:04:56,379 - INFO - 噪声水平 0.00: 平均近似比 = 0.9842
2025-06-03 21:04:56,380 - INFO - 
模拟噪声水平: 0.10
2025-06-03 21:04:56,435 - INFO - 噪声 0.10 - 步骤 0: 割值 = 4.9998, 近似比 = 0.8333
2025-06-03 21:04:56,491 - INFO - 噪声 0.10 - 步骤 20: 割值 = 5.1369, 近似比 = 0.8561
2025-06-03 21:04:56,548 - INFO - 噪声 0.10 - 步骤 40: 割值 = 5.8615, 近似比 = 0.9769
2025-06-03 21:04:56,604 - INFO - 噪声 0.10 - 步骤 60: 割值 = 5.7552, 近似比 = 0.9592
2025-06-03 21:04:56,661 - INFO - 噪声 0.10 - 步骤 80: 割值 = 5.8866, 近似比 = 0.9811
2025-06-03 21:04:56,713 - INFO - 噪声水平 0.10: 平均近似比 = 0.9107
2025-06-03 21:04:56,713 - INFO - 
模拟噪声水平: 0.20
2025-06-03 21:04:56,770 - INFO - 噪声 0.20 - 步骤 0: 割值 = 4.9996, 近似比 = 0.8333
2025-06-03 21:04:56,827 - INFO - 噪声 0.20 - 步骤 20: 割值 = 4.8159, 近似比 = 0.8026
2025-06-03 21:04:56,884 - INFO - 噪声 0.20 - 步骤 40: 割值 = 5.2056, 近似比 = 0.8676
2025-06-03 21:04:56,941 - INFO - 噪声 0.20 - 步骤 60: 割值 = 5.3815, 近似比 = 0.8969
2025-06-03 21:04:56,997 - INFO - 噪声 0.20 - 步骤 80: 割值 = 5.3309, 近似比 = 0.8885
2025-06-03 21:04:57,050 - INFO - 噪声水平 0.20: 平均近似比 = 0.8435
2025-06-03 21:04:57,050 - INFO - 
模拟噪声水平: 0.30
2025-06-03 21:04:57,107 - INFO - 噪声 0.30 - 步骤 0: 割值 = 5.0000, 近似比 = 0.8333
2025-06-03 21:04:57,165 - INFO - 噪声 0.30 - 步骤 20: 割值 = 5.0000, 近似比 = 0.8333
2025-06-03 21:04:57,221 - INFO - 噪声 0.30 - 步骤 40: 割值 = 5.1316, 近似比 = 0.8553
2025-06-03 21:04:57,276 - INFO - 噪声 0.30 - 步骤 60: 割值 = 5.0112, 近似比 = 0.8352
2025-06-03 21:04:57,333 - INFO - 噪声 0.30 - 步骤 80: 割值 = 5.2690, 近似比 = 0.8782
2025-06-03 21:04:57,387 - INFO - 噪声水平 0.30: 平均近似比 = 0.8545
2025-06-03 21:04:57,387 - INFO - 
模拟噪声水平: 0.40
2025-06-03 21:04:57,445 - INFO - 噪声 0.40 - 步骤 0: 割值 = 5.0000, 近似比 = 0.8333
2025-06-03 21:04:57,500 - INFO - 噪声 0.40 - 步骤 20: 割值 = 5.0004, 近似比 = 0.8334
2025-06-03 21:04:57,554 - INFO - 噪声 0.40 - 步骤 40: 割值 = 4.9993, 近似比 = 0.8332
2025-06-03 21:04:57,610 - INFO - 噪声 0.40 - 步骤 60: 割值 = 4.9255, 近似比 = 0.8209
2025-06-03 21:04:57,666 - INFO - 噪声 0.40 - 步骤 80: 割值 = 4.9726, 近似比 = 0.8288
2025-06-03 21:04:57,717 - INFO - 噪声水平 0.40: 平均近似比 = 0.8275
2025-06-03 21:04:57,717 - INFO - 
模拟噪声水平: 0.50
2025-06-03 21:04:57,775 - INFO - 噪声 0.50 - 步骤 0: 割值 = 5.0006, 近似比 = 0.8334
2025-06-03 21:04:57,832 - INFO - 噪声 0.50 - 步骤 20: 割值 = 4.8532, 近似比 = 0.8089
2025-06-03 21:04:57,889 - INFO - 噪声 0.50 - 步骤 40: 割值 = 4.9239, 近似比 = 0.8206
2025-06-03 21:04:57,947 - INFO - 噪声 0.50 - 步骤 60: 割值 = 4.9324, 近似比 = 0.8221
2025-06-03 21:04:58,006 - INFO - 噪声 0.50 - 步骤 80: 割值 = 5.2249, 近似比 = 0.8708
2025-06-03 21:04:58,062 - INFO - 噪声水平 0.50: 平均近似比 = 0.8297
2025-06-03 21:04:58,063 - INFO - 噪声模拟结果已保存至 noise_simulation_p1.txt
2025-06-03 21:05:04,260 - INFO - 恢复原始噪声系数: p1 = 0.1
2025-06-03 21:05:05,913 - INFO - 结果比较图表已保存至 results_comparison_p1.png
2025-06-03 21:05:05,913 - INFO - 
————————————————————最终结果比较表————————————————————
2025-06-03 21:05:05,914 - INFO - 优化器        最大近似比        平均近似比        训练时间(秒)        
2025-06-03 21:05:05,914 - INFO - -------------------------------------------------------
2025-06-03 21:05:05,914 - INFO - Adam       0.9842       0.9077       1.5366         
2025-06-03 21:05:05,914 - INFO - SGD        0.9842       0.9082       1.3779         
2025-06-03 21:05:05,914 - INFO - Momentum   0.9835       0.8786       1.3845         
2025-06-03 21:05:05,914 - INFO - Adagrad    0.9842       0.9066       1.3665         
2025-06-03 21:05:05,914 - INFO - Adadelta   0.9827       0.9116       1.2442         
2025-06-03 21:05:05,914 - INFO - GW算法       1.0000 (基准)
2025-06-03 21:05:05,914 - INFO - 
完整日志已保存至: max_cut_qaoa_20250603_210436.log
