2025-06-03 20:41:39,019 - INFO - 用户输入：节点数 n = 5, k = 4
2025-06-03 20:41:39,020 - INFO - 成功生成4-正则图，节点数: 5, 边数: 10
2025-06-03 20:41:39,020 - INFO - 图的边集合: [(0, 1), (0, 4), (0, 3), (0, 2), (1, 2), (1, 4), (1, 3), (2, 4), (2, 3), (4, 3)]
2025-06-03 20:41:39,399 - INFO - 已保存图的可视化结果至 graph_5nodes_4regular.png
2025-06-03 20:42:15,396 - INFO - 用户输入噪声系数: p1 = 0.1
2025-06-03 20:42:15,397 - INFO - 开始运行GW算法...
2025-06-03 20:42:15,397 - INFO - 开始运行GW算法，采样次数: 100
2025-06-03 20:42:15,422 - INFO - GW算法完成，最大割值: 6
2025-06-03 20:42:15,422 - INFO - GW算法最大割值: 6, 运行时间: 0.0254秒
2025-06-03 20:42:20,253 - INFO - 用户输入线路层次: p = 1
2025-06-03 20:42:20,280 - ERROR - 无法使用matplotlib显示量子线路: 'SVGCircuit' object has no attribute 'mpl'
2025-06-03 20:42:20,407 - INFO - 
开始使用Adam优化器训练...
2025-06-03 20:42:20,533 - INFO - Adam优化器 - 训练步骤 0: 割值 = 5.0008, 近似比 = 0.8335
2025-06-03 20:42:20,563 - INFO - Adam优化器 - 训练步骤 10: 割值 = 4.8211, 近似比 = 0.8035
2025-06-03 20:42:20,593 - INFO - Adam优化器 - 训练步骤 20: 割值 = 5.0766, 近似比 = 0.8461
2025-06-03 20:42:20,622 - INFO - Adam优化器 - 训练步骤 30: 割值 = 4.9763, 近似比 = 0.8294
2025-06-03 20:42:20,649 - INFO - Adam优化器 - 训练步骤 40: 割值 = 5.8725, 近似比 = 0.9788
2025-06-03 20:42:20,677 - INFO - Adam优化器 - 训练步骤 50: 割值 = 5.4569, 近似比 = 0.9095
2025-06-03 20:42:20,705 - INFO - Adam优化器 - 训练步骤 60: 割值 = 5.8599, 近似比 = 0.9767
2025-06-03 20:42:20,733 - INFO - Adam优化器 - 训练步骤 70: 割值 = 5.6554, 近似比 = 0.9426
2025-06-03 20:42:20,760 - INFO - Adam优化器 - 训练步骤 80: 割值 = 5.1053, 近似比 = 0.8509
2025-06-03 20:42:20,789 - INFO - Adam优化器 - 训练步骤 90: 割值 = 5.9015, 近似比 = 0.9836
2025-06-03 20:42:20,816 - INFO - Adam优化器 - 训练步骤 100: 割值 = 5.1787, 近似比 = 0.8631
2025-06-03 20:42:20,844 - INFO - Adam优化器 - 训练步骤 110: 割值 = 5.8915, 近似比 = 0.9819
2025-06-03 20:42:20,871 - INFO - Adam优化器 - 训练步骤 120: 割值 = 5.1614, 近似比 = 0.8602
2025-06-03 20:42:20,899 - INFO - Adam优化器 - 训练步骤 130: 割值 = 5.8619, 近似比 = 0.9770
2025-06-03 20:42:20,926 - INFO - Adam优化器 - 训练步骤 140: 割值 = 4.8191, 近似比 = 0.8032
2025-06-03 20:42:20,954 - INFO - Adam优化器 - 训练步骤 150: 割值 = 5.8655, 近似比 = 0.9776
2025-06-03 20:42:20,982 - INFO - Adam优化器 - 训练步骤 160: 割值 = 5.4595, 近似比 = 0.9099
2025-06-03 20:42:21,011 - INFO - Adam优化器 - 训练步骤 170: 割值 = 5.0914, 近似比 = 0.8486
2025-06-03 20:42:21,039 - INFO - Adam优化器 - 训练步骤 180: 割值 = 4.6927, 近似比 = 0.7821
2025-06-03 20:42:21,066 - INFO - Adam优化器 - 训练步骤 190: 割值 = 5.8846, 近似比 = 0.9808
2025-06-03 20:42:21,093 - INFO - Adam优化器 - 训练步骤 200: 割值 = 5.8840, 近似比 = 0.9807
2025-06-03 20:42:21,121 - INFO - Adam优化器 - 训练步骤 210: 割值 = 5.4911, 近似比 = 0.9152
2025-06-03 20:42:21,148 - INFO - Adam优化器 - 训练步骤 220: 割值 = 5.6847, 近似比 = 0.9475
2025-06-03 20:42:21,176 - INFO - Adam优化器 - 训练步骤 230: 割值 = 5.1161, 近似比 = 0.8527
2025-06-03 20:42:21,204 - INFO - Adam优化器 - 训练步骤 240: 割值 = 5.9025, 近似比 = 0.9837
2025-06-03 20:42:21,231 - INFO - Adam优化器 - 训练步骤 250: 割值 = 5.4093, 近似比 = 0.9015
2025-06-03 20:42:21,259 - INFO - Adam优化器 - 训练步骤 260: 割值 = 5.8274, 近似比 = 0.9712
2025-06-03 20:42:21,287 - INFO - Adam优化器 - 训练步骤 270: 割值 = 5.4967, 近似比 = 0.9161
2025-06-03 20:42:21,315 - INFO - Adam优化器 - 训练步骤 280: 割值 = 5.8291, 近似比 = 0.9715
2025-06-03 20:42:21,343 - INFO - Adam优化器 - 训练步骤 290: 割值 = 5.6875, 近似比 = 0.9479
2025-06-03 20:42:21,369 - INFO - Adam优化器训练完成，耗时: 0.9609秒
2025-06-03 20:42:21,397 - INFO - Adam优化器训练历史已保存至 Adam_training_history_p1.txt
2025-06-03 20:42:21,397 - INFO - Adam优化器 - 最大割: 5.9045 (步骤 91), 平均割: 5.4183
2025-06-03 20:42:21,397 - INFO - Adam优化器 - 相对于GW算法的近似比: 0.9841
2025-06-03 20:42:21,397 - INFO - Adam优化器 - 训练时间: 0.9609秒
2025-06-03 20:42:21,397 - INFO - 
开始使用SGD优化器训练...
2025-06-03 20:42:21,434 - INFO - SGD优化器 - 训练步骤 0: 割值 = 5.6757, 近似比 = 0.9459
2025-06-03 20:42:21,462 - INFO - SGD优化器 - 训练步骤 10: 割值 = 5.2466, 近似比 = 0.8744
2025-06-03 20:42:21,490 - INFO - SGD优化器 - 训练步骤 20: 割值 = 5.2814, 近似比 = 0.8802
2025-06-03 20:42:21,518 - INFO - SGD优化器 - 训练步骤 30: 割值 = 5.8469, 近似比 = 0.9745
2025-06-03 20:42:21,546 - INFO - SGD优化器 - 训练步骤 40: 割值 = 4.8826, 近似比 = 0.8138
2025-06-03 20:42:21,574 - INFO - SGD优化器 - 训练步骤 50: 割值 = 5.7678, 近似比 = 0.9613
2025-06-03 20:42:21,602 - INFO - SGD优化器 - 训练步骤 60: 割值 = 5.3115, 近似比 = 0.8853
2025-06-03 20:42:21,630 - INFO - SGD优化器 - 训练步骤 70: 割值 = 5.8122, 近似比 = 0.9687
2025-06-03 20:42:21,658 - INFO - SGD优化器 - 训练步骤 80: 割值 = 5.1468, 近似比 = 0.8578
2025-06-03 20:42:21,686 - INFO - SGD优化器 - 训练步骤 90: 割值 = 5.1800, 近似比 = 0.8633
2025-06-03 20:42:21,715 - INFO - SGD优化器 - 训练步骤 100: 割值 = 5.4259, 近似比 = 0.9043
2025-06-03 20:42:21,742 - INFO - SGD优化器 - 训练步骤 110: 割值 = 5.7926, 近似比 = 0.9654
2025-06-03 20:42:21,769 - INFO - SGD优化器 - 训练步骤 120: 割值 = 5.6553, 近似比 = 0.9426
2025-06-03 20:42:21,796 - INFO - SGD优化器 - 训练步骤 130: 割值 = 5.6030, 近似比 = 0.9338
2025-06-03 20:42:21,823 - INFO - SGD优化器 - 训练步骤 140: 割值 = 5.1804, 近似比 = 0.8634
2025-06-03 20:42:21,851 - INFO - SGD优化器 - 训练步骤 150: 割值 = 5.4855, 近似比 = 0.9143
2025-06-03 20:42:21,879 - INFO - SGD优化器 - 训练步骤 160: 割值 = 5.8764, 近似比 = 0.9794
2025-06-03 20:42:21,906 - INFO - SGD优化器 - 训练步骤 170: 割值 = 5.4555, 近似比 = 0.9093
2025-06-03 20:42:21,934 - INFO - SGD优化器 - 训练步骤 180: 割值 = 5.8569, 近似比 = 0.9761
2025-06-03 20:42:21,961 - INFO - SGD优化器 - 训练步骤 190: 割值 = 5.0683, 近似比 = 0.8447
2025-06-03 20:42:21,988 - INFO - SGD优化器 - 训练步骤 200: 割值 = 4.8232, 近似比 = 0.8039
2025-06-03 20:42:22,017 - INFO - SGD优化器 - 训练步骤 210: 割值 = 5.1797, 近似比 = 0.8633
2025-06-03 20:42:22,045 - INFO - SGD优化器 - 训练步骤 220: 割值 = 4.8314, 近似比 = 0.8052
2025-06-03 20:42:22,073 - INFO - SGD优化器 - 训练步骤 230: 割值 = 5.7792, 近似比 = 0.9632
2025-06-03 20:42:22,100 - INFO - SGD优化器 - 训练步骤 240: 割值 = 5.0517, 近似比 = 0.8420
2025-06-03 20:42:22,128 - INFO - SGD优化器 - 训练步骤 250: 割值 = 5.8214, 近似比 = 0.9702
2025-06-03 20:42:22,155 - INFO - SGD优化器 - 训练步骤 260: 割值 = 5.1284, 近似比 = 0.8547
2025-06-03 20:42:22,184 - INFO - SGD优化器 - 训练步骤 270: 割值 = 5.5367, 近似比 = 0.9228
2025-06-03 20:42:22,212 - INFO - SGD优化器 - 训练步骤 280: 割值 = 5.8847, 近似比 = 0.9808
2025-06-03 20:42:22,240 - INFO - SGD优化器 - 训练步骤 290: 割值 = 5.8141, 近似比 = 0.9690
2025-06-03 20:42:22,265 - INFO - SGD优化器训练完成，耗时: 0.8678秒
2025-06-03 20:42:22,266 - INFO - SGD优化器训练历史已保存至 SGD_training_history_p1.txt
2025-06-03 20:42:22,266 - INFO - SGD优化器 - 最大割: 5.9035 (步骤 39), 平均割: 5.4794
2025-06-03 20:42:22,267 - INFO - SGD优化器 - 相对于GW算法的近似比: 0.9839
2025-06-03 20:42:22,267 - INFO - SGD优化器 - 训练时间: 0.8678秒
2025-06-03 20:42:22,267 - INFO - 
开始使用Momentum优化器训练...
2025-06-03 20:42:22,304 - INFO - Momentum优化器 - 训练步骤 0: 割值 = 5.1240, 近似比 = 0.8540
2025-06-03 20:42:22,332 - INFO - Momentum优化器 - 训练步骤 10: 割值 = 5.1453, 近似比 = 0.8575
2025-06-03 20:42:22,361 - INFO - Momentum优化器 - 训练步骤 20: 割值 = 5.4182, 近似比 = 0.9030
2025-06-03 20:42:22,388 - INFO - Momentum优化器 - 训练步骤 30: 割值 = 4.8995, 近似比 = 0.8166
2025-06-03 20:42:22,415 - INFO - Momentum优化器 - 训练步骤 40: 割值 = 5.1691, 近似比 = 0.8615
2025-06-03 20:42:22,444 - INFO - Momentum优化器 - 训练步骤 50: 割值 = 4.8542, 近似比 = 0.8090
2025-06-03 20:42:22,471 - INFO - Momentum优化器 - 训练步骤 60: 割值 = 5.5343, 近似比 = 0.9224
2025-06-03 20:42:22,500 - INFO - Momentum优化器 - 训练步骤 70: 割值 = 5.6847, 近似比 = 0.9474
2025-06-03 20:42:22,526 - INFO - Momentum优化器 - 训练步骤 80: 割值 = 5.4686, 近似比 = 0.9114
2025-06-03 20:42:22,553 - INFO - Momentum优化器 - 训练步骤 90: 割值 = 4.7815, 近似比 = 0.7969
2025-06-03 20:42:22,581 - INFO - Momentum优化器 - 训练步骤 100: 割值 = 5.2987, 近似比 = 0.8831
2025-06-03 20:42:22,608 - INFO - Momentum优化器 - 训练步骤 110: 割值 = 5.1546, 近似比 = 0.8591
2025-06-03 20:42:22,636 - INFO - Momentum优化器 - 训练步骤 120: 割值 = 4.9605, 近似比 = 0.8267
2025-06-03 20:42:22,664 - INFO - Momentum优化器 - 训练步骤 130: 割值 = 5.0119, 近似比 = 0.8353
2025-06-03 20:42:22,692 - INFO - Momentum优化器 - 训练步骤 140: 割值 = 5.4859, 近似比 = 0.9143
2025-06-03 20:42:22,719 - INFO - Momentum优化器 - 训练步骤 150: 割值 = 5.4059, 近似比 = 0.9010
2025-06-03 20:42:22,745 - INFO - Momentum优化器 - 训练步骤 160: 割值 = 4.8871, 近似比 = 0.8145
2025-06-03 20:42:22,773 - INFO - Momentum优化器 - 训练步骤 170: 割值 = 4.8505, 近似比 = 0.8084
2025-06-03 20:42:22,802 - INFO - Momentum优化器 - 训练步骤 180: 割值 = 5.2173, 近似比 = 0.8696
2025-06-03 20:42:22,830 - INFO - Momentum优化器 - 训练步骤 190: 割值 = 5.0650, 近似比 = 0.8442
2025-06-03 20:42:22,856 - INFO - Momentum优化器 - 训练步骤 200: 割值 = 5.1204, 近似比 = 0.8534
2025-06-03 20:42:22,884 - INFO - Momentum优化器 - 训练步骤 210: 割值 = 5.1394, 近似比 = 0.8566
2025-06-03 20:42:22,911 - INFO - Momentum优化器 - 训练步骤 220: 割值 = 5.0316, 近似比 = 0.8386
2025-06-03 20:42:22,939 - INFO - Momentum优化器 - 训练步骤 230: 割值 = 5.3433, 近似比 = 0.8905
2025-06-03 20:42:22,966 - INFO - Momentum优化器 - 训练步骤 240: 割值 = 5.7247, 近似比 = 0.9541
2025-06-03 20:42:22,993 - INFO - Momentum优化器 - 训练步骤 250: 割值 = 5.7694, 近似比 = 0.9616
2025-06-03 20:42:23,022 - INFO - Momentum优化器 - 训练步骤 260: 割值 = 4.9675, 近似比 = 0.8279
2025-06-03 20:42:23,050 - INFO - Momentum优化器 - 训练步骤 270: 割值 = 4.9024, 近似比 = 0.8171
2025-06-03 20:42:23,077 - INFO - Momentum优化器 - 训练步骤 280: 割值 = 5.0790, 近似比 = 0.8465
2025-06-03 20:42:23,105 - INFO - Momentum优化器 - 训练步骤 290: 割值 = 5.0043, 近似比 = 0.8341
2025-06-03 20:42:23,130 - INFO - Momentum优化器训练完成，耗时: 0.8615秒
2025-06-03 20:42:23,131 - INFO - Momentum优化器训练历史已保存至 Momentum_training_history_p1.txt
2025-06-03 20:42:23,131 - INFO - Momentum优化器 - 最大割: 5.9006 (步骤 93), 平均割: 5.2411
2025-06-03 20:42:23,131 - INFO - Momentum优化器 - 相对于GW算法的近似比: 0.9834
2025-06-03 20:42:23,131 - INFO - Momentum优化器 - 训练时间: 0.8615秒
2025-06-03 20:42:23,131 - INFO - 
开始使用Adagrad优化器训练...
2025-06-03 20:42:23,164 - INFO - Adagrad优化器 - 训练步骤 0: 割值 = 5.0006, 近似比 = 0.8334
2025-06-03 20:42:23,193 - INFO - Adagrad优化器 - 训练步骤 10: 割值 = 5.6988, 近似比 = 0.9498
2025-06-03 20:42:23,222 - INFO - Adagrad优化器 - 训练步骤 20: 割值 = 5.8495, 近似比 = 0.9749
2025-06-03 20:42:23,249 - INFO - Adagrad优化器 - 训练步骤 30: 割值 = 5.1758, 近似比 = 0.8626
2025-06-03 20:42:23,276 - INFO - Adagrad优化器 - 训练步骤 40: 割值 = 5.8927, 近似比 = 0.9821
2025-06-03 20:42:23,304 - INFO - Adagrad优化器 - 训练步骤 50: 割值 = 5.0818, 近似比 = 0.8470
2025-06-03 20:42:23,331 - INFO - Adagrad优化器 - 训练步骤 60: 割值 = 5.8173, 近似比 = 0.9696
2025-06-03 20:42:23,357 - INFO - Adagrad优化器 - 训练步骤 70: 割值 = 5.1104, 近似比 = 0.8517
2025-06-03 20:42:23,384 - INFO - Adagrad优化器 - 训练步骤 80: 割值 = 5.1023, 近似比 = 0.8504
2025-06-03 20:42:23,410 - INFO - Adagrad优化器 - 训练步骤 90: 割值 = 5.0890, 近似比 = 0.8482
2025-06-03 20:42:23,438 - INFO - Adagrad优化器 - 训练步骤 100: 割值 = 5.2437, 近似比 = 0.8740
2025-06-03 20:42:23,465 - INFO - Adagrad优化器 - 训练步骤 110: 割值 = 5.9047, 近似比 = 0.9841
2025-06-03 20:42:23,493 - INFO - Adagrad优化器 - 训练步骤 120: 割值 = 5.3678, 近似比 = 0.8946
2025-06-03 20:42:23,521 - INFO - Adagrad优化器 - 训练步骤 130: 割值 = 5.1808, 近似比 = 0.8635
2025-06-03 20:42:23,549 - INFO - Adagrad优化器 - 训练步骤 140: 割值 = 5.8998, 近似比 = 0.9833
2025-06-03 20:42:23,575 - INFO - Adagrad优化器 - 训练步骤 150: 割值 = 5.8796, 近似比 = 0.9799
2025-06-03 20:42:23,602 - INFO - Adagrad优化器 - 训练步骤 160: 割值 = 5.7604, 近似比 = 0.9601
2025-06-03 20:42:23,630 - INFO - Adagrad优化器 - 训练步骤 170: 割值 = 5.8833, 近似比 = 0.9806
2025-06-03 20:42:23,658 - INFO - Adagrad优化器 - 训练步骤 180: 割值 = 5.8902, 近似比 = 0.9817
2025-06-03 20:42:23,685 - INFO - Adagrad优化器 - 训练步骤 190: 割值 = 5.8837, 近似比 = 0.9806
2025-06-03 20:42:23,713 - INFO - Adagrad优化器 - 训练步骤 200: 割值 = 5.1151, 近似比 = 0.8525
2025-06-03 20:42:23,740 - INFO - Adagrad优化器 - 训练步骤 210: 割值 = 4.9644, 近似比 = 0.8274
2025-06-03 20:42:23,767 - INFO - Adagrad优化器 - 训练步骤 220: 割值 = 5.1779, 近似比 = 0.8630
2025-06-03 20:42:23,793 - INFO - Adagrad优化器 - 训练步骤 230: 割值 = 4.9687, 近似比 = 0.8281
2025-06-03 20:42:23,818 - INFO - Adagrad优化器 - 训练步骤 240: 割值 = 5.8994, 近似比 = 0.9832
2025-06-03 20:42:23,844 - INFO - Adagrad优化器 - 训练步骤 250: 割值 = 5.8970, 近似比 = 0.9828
2025-06-03 20:42:23,870 - INFO - Adagrad优化器 - 训练步骤 260: 割值 = 5.1790, 近似比 = 0.8632
2025-06-03 20:42:23,899 - INFO - Adagrad优化器 - 训练步骤 270: 割值 = 5.8969, 近似比 = 0.9828
2025-06-03 20:42:23,926 - INFO - Adagrad优化器 - 训练步骤 280: 割值 = 5.4650, 近似比 = 0.9108
2025-06-03 20:42:23,952 - INFO - Adagrad优化器 - 训练步骤 290: 割值 = 5.1787, 近似比 = 0.8631
2025-06-03 20:42:23,976 - INFO - Adagrad优化器训练完成，耗时: 0.8443秒
2025-06-03 20:42:24,003 - INFO - Adagrad优化器训练历史已保存至 Adagrad_training_history_p1.txt
2025-06-03 20:42:24,003 - INFO - Adagrad优化器 - 最大割: 5.9052 (步骤 92), 平均割: 5.4647
2025-06-03 20:42:24,003 - INFO - Adagrad优化器 - 相对于GW算法的近似比: 0.9842
2025-06-03 20:42:24,003 - INFO - Adagrad优化器 - 训练时间: 0.8443秒
2025-06-03 20:42:24,003 - INFO - 
开始使用Adadelta优化器训练...
2025-06-03 20:42:24,010 - INFO - Adadelta优化器 - 训练步骤 0: 割值 = 5.4650, 近似比 = 0.9108
2025-06-03 20:42:24,036 - INFO - Adadelta优化器 - 训练步骤 10: 割值 = 4.9665, 近似比 = 0.8278
2025-06-03 20:42:24,059 - INFO - Adadelta优化器 - 训练步骤 20: 割值 = 5.8937, 近似比 = 0.9823
2025-06-03 20:42:24,085 - INFO - Adadelta优化器 - 训练步骤 30: 割值 = 5.1788, 近似比 = 0.8631
2025-06-03 20:42:24,110 - INFO - Adadelta优化器 - 训练步骤 40: 割值 = 5.8941, 近似比 = 0.9824
2025-06-03 20:42:24,134 - INFO - Adadelta优化器 - 训练步骤 50: 割值 = 5.1788, 近似比 = 0.8631
2025-06-03 20:42:24,159 - INFO - Adadelta优化器 - 训练步骤 60: 割值 = 5.8942, 近似比 = 0.9824
2025-06-03 20:42:24,185 - INFO - Adadelta优化器 - 训练步骤 70: 割值 = 5.8943, 近似比 = 0.9824
2025-06-03 20:42:24,208 - INFO - Adadelta优化器 - 训练步骤 80: 割值 = 5.3980, 近似比 = 0.8997
2025-06-03 20:42:24,234 - INFO - Adadelta优化器 - 训练步骤 90: 割值 = 5.3927, 近似比 = 0.8988
2025-06-03 20:42:24,257 - INFO - Adadelta优化器 - 训练步骤 100: 割值 = 4.6806, 近似比 = 0.7801
2025-06-03 20:42:24,282 - INFO - Adadelta优化器 - 训练步骤 110: 割值 = 5.8942, 近似比 = 0.9824
2025-06-03 20:42:24,307 - INFO - Adadelta优化器 - 训练步骤 120: 割值 = 5.7509, 近似比 = 0.9585
2025-06-03 20:42:24,331 - INFO - Adadelta优化器 - 训练步骤 130: 割值 = 5.8294, 近似比 = 0.9716
2025-06-03 20:42:24,356 - INFO - Adadelta优化器 - 训练步骤 140: 割值 = 5.7503, 近似比 = 0.9584
2025-06-03 20:42:24,381 - INFO - Adadelta优化器 - 训练步骤 150: 割值 = 5.7504, 近似比 = 0.9584
2025-06-03 20:42:24,407 - INFO - Adadelta优化器 - 训练步骤 160: 割值 = 4.7476, 近似比 = 0.7913
2025-06-03 20:42:24,432 - INFO - Adadelta优化器 - 训练步骤 170: 割值 = 5.8950, 近似比 = 0.9825
2025-06-03 20:42:24,456 - INFO - Adadelta优化器 - 训练步骤 180: 割值 = 4.7478, 近似比 = 0.7913
2025-06-03 20:42:24,481 - INFO - Adadelta优化器 - 训练步骤 190: 割值 = 5.7500, 近似比 = 0.9583
2025-06-03 20:42:24,505 - INFO - Adadelta优化器 - 训练步骤 200: 割值 = 5.5372, 近似比 = 0.9229
2025-06-03 20:42:24,531 - INFO - Adadelta优化器 - 训练步骤 210: 割值 = 4.7413, 近似比 = 0.7902
2025-06-03 20:42:24,556 - INFO - Adadelta优化器 - 训练步骤 220: 割值 = 5.1058, 近似比 = 0.8510
2025-06-03 20:42:24,581 - INFO - Adadelta优化器 - 训练步骤 230: 割值 = 5.4575, 近似比 = 0.9096
2025-06-03 20:42:24,606 - INFO - Adadelta优化器 - 训练步骤 240: 割值 = 5.8957, 近似比 = 0.9826
2025-06-03 20:42:24,630 - INFO - Adadelta优化器 - 训练步骤 250: 割值 = 5.1792, 近似比 = 0.8632
2025-06-03 20:42:24,656 - INFO - Adadelta优化器 - 训练步骤 260: 割值 = 5.8958, 近似比 = 0.9826
2025-06-03 20:42:24,680 - INFO - Adadelta优化器 - 训练步骤 270: 割值 = 5.8956, 近似比 = 0.9826
2025-06-03 20:42:24,706 - INFO - Adadelta优化器 - 训练步骤 280: 割值 = 5.3182, 近似比 = 0.8864
2025-06-03 20:42:24,731 - INFO - Adadelta优化器 - 训练步骤 290: 割值 = 5.8959, 近似比 = 0.9826
2025-06-03 20:42:24,752 - INFO - Adadelta优化器训练完成，耗时: 0.7477秒
2025-06-03 20:42:24,754 - INFO - Adadelta优化器训练历史已保存至 Adadelta_training_history_p1.txt
2025-06-03 20:42:24,754 - INFO - Adadelta优化器 - 最大割: 5.8959 (步骤 295), 平均割: 5.4800
2025-06-03 20:42:24,754 - INFO - Adadelta优化器 - 相对于GW算法的近似比: 0.9827
2025-06-03 20:42:24,754 - INFO - Adadelta优化器 - 训练时间: 0.7477秒
2025-06-03 20:42:24,945 - INFO - 开始模拟不同噪声水平下的性能...
2025-06-03 20:42:24,946 - INFO - 
模拟噪声水平: 0.00
2025-06-03 20:42:25,004 - INFO - 噪声 0.00 - 步骤 0: 割值 = 5.0000, 近似比 = 0.8333
2025-06-03 20:42:25,057 - INFO - 噪声 0.00 - 步骤 20: 割值 = 5.8124, 近似比 = 0.9687
2025-06-03 20:42:25,110 - INFO - 噪声 0.00 - 步骤 40: 割值 = 5.9040, 近似比 = 0.9840
2025-06-03 20:42:25,164 - INFO - 噪声 0.00 - 步骤 60: 割值 = 5.9030, 近似比 = 0.9838
2025-06-03 20:42:25,219 - INFO - 噪声 0.00 - 步骤 80: 割值 = 5.9048, 近似比 = 0.9841
2025-06-03 20:42:25,270 - INFO - 噪声水平 0.00: 平均近似比 = 0.9842
2025-06-03 20:42:25,270 - INFO - 
模拟噪声水平: 0.10
2025-06-03 20:42:25,325 - INFO - 噪声 0.10 - 步骤 0: 割值 = 4.9988, 近似比 = 0.8331
2025-06-03 20:42:25,380 - INFO - 噪声 0.10 - 步骤 20: 割值 = 5.4599, 近似比 = 0.9100
2025-06-03 20:42:25,432 - INFO - 噪声 0.10 - 步骤 40: 割值 = 5.1664, 近似比 = 0.8611
2025-06-03 20:42:25,485 - INFO - 噪声 0.10 - 步骤 60: 割值 = 4.8500, 近似比 = 0.8083
2025-06-03 20:42:25,537 - INFO - 噪声 0.10 - 步骤 80: 割值 = 5.2140, 近似比 = 0.8690
2025-06-03 20:42:25,587 - INFO - 噪声水平 0.10: 平均近似比 = 0.8734
2025-06-03 20:42:25,588 - INFO - 
模拟噪声水平: 0.20
2025-06-03 20:42:25,643 - INFO - 噪声 0.20 - 步骤 0: 割值 = 4.9990, 近似比 = 0.8332
2025-06-03 20:42:25,700 - INFO - 噪声 0.20 - 步骤 20: 割值 = 5.7361, 近似比 = 0.9560
2025-06-03 20:42:25,757 - INFO - 噪声 0.20 - 步骤 40: 割值 = 5.2979, 近似比 = 0.8830
2025-06-03 20:42:25,812 - INFO - 噪声 0.20 - 步骤 60: 割值 = 4.9825, 近似比 = 0.8304
2025-06-03 20:42:25,867 - INFO - 噪声 0.20 - 步骤 80: 割值 = 4.9634, 近似比 = 0.8272
2025-06-03 20:42:25,917 - INFO - 噪声水平 0.20: 平均近似比 = 0.8783
2025-06-03 20:42:25,917 - INFO - 
模拟噪声水平: 0.30
2025-06-03 20:42:25,973 - INFO - 噪声 0.30 - 步骤 0: 割值 = 5.0001, 近似比 = 0.8333
2025-06-03 20:42:26,030 - INFO - 噪声 0.30 - 步骤 20: 割值 = 5.0072, 近似比 = 0.8345
2025-06-03 20:42:26,086 - INFO - 噪声 0.30 - 步骤 40: 割值 = 4.5181, 近似比 = 0.7530
2025-06-03 20:42:26,140 - INFO - 噪声 0.30 - 步骤 60: 割值 = 5.2137, 近似比 = 0.8690
2025-06-03 20:42:26,194 - INFO - 噪声 0.30 - 步骤 80: 割值 = 5.1443, 近似比 = 0.8574
2025-06-03 20:42:26,246 - INFO - 噪声水平 0.30: 平均近似比 = 0.8405
2025-06-03 20:42:26,246 - INFO - 
模拟噪声水平: 0.40
2025-06-03 20:42:26,301 - INFO - 噪声 0.40 - 步骤 0: 割值 = 5.0000, 近似比 = 0.8333
2025-06-03 20:42:26,359 - INFO - 噪声 0.40 - 步骤 20: 割值 = 4.8655, 近似比 = 0.8109
2025-06-03 20:42:26,414 - INFO - 噪声 0.40 - 步骤 40: 割值 = 5.0193, 近似比 = 0.8365
2025-06-03 20:42:26,468 - INFO - 噪声 0.40 - 步骤 60: 割值 = 5.3588, 近似比 = 0.8931
2025-06-03 20:42:26,523 - INFO - 噪声 0.40 - 步骤 80: 割值 = 5.2445, 近似比 = 0.8741
2025-06-03 20:42:26,574 - INFO - 噪声水平 0.40: 平均近似比 = 0.8303
2025-06-03 20:42:26,574 - INFO - 
模拟噪声水平: 0.50
2025-06-03 20:42:26,629 - INFO - 噪声 0.50 - 步骤 0: 割值 = 5.0000, 近似比 = 0.8333
2025-06-03 20:42:26,685 - INFO - 噪声 0.50 - 步骤 20: 割值 = 5.0033, 近似比 = 0.8339
2025-06-03 20:42:26,741 - INFO - 噪声 0.50 - 步骤 40: 割值 = 5.0686, 近似比 = 0.8448
2025-06-03 20:42:26,794 - INFO - 噪声 0.50 - 步骤 60: 割值 = 5.0342, 近似比 = 0.8390
2025-06-03 20:42:26,849 - INFO - 噪声 0.50 - 步骤 80: 割值 = 4.9970, 近似比 = 0.8328
2025-06-03 20:42:26,903 - INFO - 噪声水平 0.50: 平均近似比 = 0.8317
2025-06-03 20:42:26,904 - INFO - 噪声模拟结果已保存至 noise_simulation_p1.txt
2025-06-03 20:42:37,613 - INFO - 恢复原始噪声系数: p1 = 0.1
2025-06-03 20:42:39,275 - INFO - 结果比较图表已保存至 results_comparison_p1.png
2025-06-03 20:42:39,275 - INFO - 
————————————————————最终结果比较表————————————————————
2025-06-03 20:42:39,275 - INFO - 优化器        最大近似比        平均近似比        训练时间(秒)        
2025-06-03 20:42:39,275 - INFO - -------------------------------------------------------
2025-06-03 20:42:39,275 - INFO - Adam       0.9841       0.9030       0.9609         
2025-06-03 20:42:39,275 - INFO - SGD        0.9839       0.9132       0.8678         
2025-06-03 20:42:39,275 - INFO - Momentum   0.9834       0.8735       0.8615         
2025-06-03 20:42:39,275 - INFO - Adagrad    0.9842       0.9108       0.8443         
2025-06-03 20:42:39,275 - INFO - Adadelta   0.9827       0.9133       0.7477         
2025-06-03 20:42:39,275 - INFO - GW算法       1.0000 (基准)
2025-06-03 20:42:39,275 - INFO - 
完整日志已保存至: max_cut_qaoa_20250603_204133.log
