2025-06-03 21:00:32,797 - INFO - 用户输入：节点数 n = 5, k = 4
2025-06-03 21:00:32,799 - INFO - 成功生成4-正则图，节点数: 5, 边数: 10
2025-06-03 21:00:32,799 - INFO - 图的边集合: [(0, 1), (0, 4), (0, 3), (0, 2), (1, 2), (1, 4), (1, 3), (2, 4), (2, 3), (4, 3)]
2025-06-03 21:00:33,142 - INFO - 已保存图的可视化结果至 graph_5nodes_4regular.png
2025-06-03 21:00:38,711 - INFO - 用户输入噪声系数: p1 = 0.1
2025-06-03 21:00:38,711 - INFO - 开始运行GW算法...
2025-06-03 21:00:38,711 - INFO - 开始运行GW算法，采样次数: 100
2025-06-03 21:00:38,740 - INFO - GW算法完成，最大割值: 6
2025-06-03 21:00:38,740 - INFO - GW算法最大割值: 6, 运行时间: 0.0293秒
2025-06-03 21:00:42,350 - INFO - 用户输入线路层次: p = 1
2025-06-03 21:00:42,376 - ERROR - 无法使用matplotlib显示量子线路: 'SVGCircuit' object has no attribute 'mpl'
2025-06-03 21:00:42,506 - INFO - 
开始使用Adam优化器训练...
2025-06-03 21:00:42,638 - INFO - Adam优化器 - 训练步骤 0: 割值 = 4.9997, 近似比 = 0.8333
2025-06-03 21:00:42,697 - INFO - Adam优化器 - 训练步骤 20: 割值 = 5.4111, 近似比 = 0.9019
2025-06-03 21:00:42,752 - INFO - Adam优化器 - 训练步骤 40: 割值 = 5.8803, 近似比 = 0.9800
2025-06-03 21:00:42,807 - INFO - Adam优化器 - 训练步骤 60: 割值 = 5.1757, 近似比 = 0.8626
2025-06-03 21:00:42,865 - INFO - Adam优化器 - 训练步骤 80: 割值 = 5.8335, 近似比 = 0.9723
2025-06-03 21:00:42,921 - INFO - Adam优化器 - 训练步骤 100: 割值 = 5.8230, 近似比 = 0.9705
2025-06-03 21:00:42,977 - INFO - Adam优化器 - 训练步骤 120: 割值 = 5.8541, 近似比 = 0.9757
2025-06-03 21:00:43,032 - INFO - Adam优化器 - 训练步骤 140: 割值 = 4.3622, 近似比 = 0.7270
2025-06-03 21:00:43,089 - INFO - Adam优化器 - 训练步骤 160: 割值 = 5.8551, 近似比 = 0.9759
2025-06-03 21:00:43,147 - INFO - Adam优化器 - 训练步骤 180: 割值 = 5.9050, 近似比 = 0.9842
2025-06-03 21:00:43,204 - INFO - Adam优化器 - 训练步骤 200: 割值 = 5.8773, 近似比 = 0.9795
2025-06-03 21:00:43,260 - INFO - Adam优化器 - 训练步骤 220: 割值 = 5.8831, 近似比 = 0.9805
2025-06-03 21:00:43,316 - INFO - Adam优化器 - 训练步骤 240: 割值 = 4.9761, 近似比 = 0.8294
2025-06-03 21:00:43,372 - INFO - Adam优化器 - 训练步骤 260: 割值 = 5.8997, 近似比 = 0.9833
2025-06-03 21:00:43,426 - INFO - Adam优化器 - 训练步骤 280: 割值 = 5.3160, 近似比 = 0.8860
2025-06-03 21:00:43,483 - INFO - Adam优化器 - 训练步骤 300: 割值 = 5.2733, 近似比 = 0.8789
2025-06-03 21:00:43,540 - INFO - Adam优化器 - 训练步骤 320: 割值 = 5.8281, 近似比 = 0.9714
2025-06-03 21:00:43,596 - INFO - Adam优化器 - 训练步骤 340: 割值 = 5.7658, 近似比 = 0.9610
2025-06-03 21:00:43,653 - INFO - Adam优化器 - 训练步骤 360: 割值 = 5.2413, 近似比 = 0.8735
2025-06-03 21:00:43,708 - INFO - Adam优化器 - 训练步骤 380: 割值 = 5.4883, 近似比 = 0.9147
2025-06-03 21:00:43,764 - INFO - Adam优化器 - 训练步骤 400: 割值 = 5.0905, 近似比 = 0.8484
2025-06-03 21:00:43,820 - INFO - Adam优化器 - 训练步骤 420: 割值 = 5.8749, 近似比 = 0.9792
2025-06-03 21:00:43,878 - INFO - Adam优化器 - 训练步骤 440: 割值 = 5.0352, 近似比 = 0.8392
2025-06-03 21:00:43,933 - INFO - Adam优化器 - 训练步骤 460: 割值 = 5.8996, 近似比 = 0.9833
2025-06-03 21:00:43,990 - INFO - Adam优化器 - 训练步骤 480: 割值 = 4.6551, 近似比 = 0.7758
2025-06-03 21:00:44,044 - INFO - Adam优化器训练完成，耗时: 1.5379秒
2025-06-03 21:00:44,046 - INFO - Adam优化器训练历史已保存至 Adam_training_history_p1.txt
2025-06-03 21:00:44,046 - INFO - Adam优化器 - 最大割: 5.9050 (步骤 180), 平均割: 5.4314
2025-06-03 21:00:44,046 - INFO - Adam优化器 - 相对于GW算法的近似比: 0.9842
2025-06-03 21:00:44,046 - INFO - Adam优化器 - 训练时间: 1.5379秒
2025-06-03 21:00:44,046 - INFO - 
开始使用SGD优化器训练...
2025-06-03 21:00:44,082 - INFO - SGD优化器 - 训练步骤 0: 割值 = 5.1713, 近似比 = 0.8619
2025-06-03 21:00:44,140 - INFO - SGD优化器 - 训练步骤 20: 割值 = 5.0372, 近似比 = 0.8395
2025-06-03 21:00:44,195 - INFO - SGD优化器 - 训练步骤 40: 割值 = 5.1420, 近似比 = 0.8570
2025-06-03 21:00:44,251 - INFO - SGD优化器 - 训练步骤 60: 割值 = 5.1421, 近似比 = 0.8570
2025-06-03 21:00:44,307 - INFO - SGD优化器 - 训练步骤 80: 割值 = 4.8315, 近似比 = 0.8052
2025-06-03 21:00:44,364 - INFO - SGD优化器 - 训练步骤 100: 割值 = 5.6071, 近似比 = 0.9345
2025-06-03 21:00:44,418 - INFO - SGD优化器 - 训练步骤 120: 割值 = 5.3558, 近似比 = 0.8926
2025-06-03 21:00:44,474 - INFO - SGD优化器 - 训练步骤 140: 割值 = 4.7526, 近似比 = 0.7921
2025-06-03 21:00:44,529 - INFO - SGD优化器 - 训练步骤 160: 割值 = 5.9035, 近似比 = 0.9839
2025-06-03 21:00:44,583 - INFO - SGD优化器 - 训练步骤 180: 割值 = 4.4406, 近似比 = 0.7401
2025-06-03 21:00:44,639 - INFO - SGD优化器 - 训练步骤 200: 割值 = 5.4505, 近似比 = 0.9084
2025-06-03 21:00:44,694 - INFO - SGD优化器 - 训练步骤 220: 割值 = 5.4432, 近似比 = 0.9072
2025-06-03 21:00:44,747 - INFO - SGD优化器 - 训练步骤 240: 割值 = 5.1700, 近似比 = 0.8617
2025-06-03 21:00:44,801 - INFO - SGD优化器 - 训练步骤 260: 割值 = 5.0266, 近似比 = 0.8378
2025-06-03 21:00:44,855 - INFO - SGD优化器 - 训练步骤 280: 割值 = 5.0691, 近似比 = 0.8448
2025-06-03 21:00:44,910 - INFO - SGD优化器 - 训练步骤 300: 割值 = 5.8880, 近似比 = 0.9813
2025-06-03 21:00:44,964 - INFO - SGD优化器 - 训练步骤 320: 割值 = 5.8345, 近似比 = 0.9724
2025-06-03 21:00:45,016 - INFO - SGD优化器 - 训练步骤 340: 割值 = 5.7579, 近似比 = 0.9596
2025-06-03 21:00:45,069 - INFO - SGD优化器 - 训练步骤 360: 割值 = 5.8849, 近似比 = 0.9808
2025-06-03 21:00:45,124 - INFO - SGD优化器 - 训练步骤 380: 割值 = 5.6683, 近似比 = 0.9447
2025-06-03 21:00:45,177 - INFO - SGD优化器 - 训练步骤 400: 割值 = 5.7533, 近似比 = 0.9589
2025-06-03 21:00:45,230 - INFO - SGD优化器 - 训练步骤 420: 割值 = 5.7982, 近似比 = 0.9664
2025-06-03 21:00:45,283 - INFO - SGD优化器 - 训练步骤 440: 割值 = 5.0710, 近似比 = 0.8452
2025-06-03 21:00:45,337 - INFO - SGD优化器 - 训练步骤 460: 割值 = 4.4654, 近似比 = 0.7442
2025-06-03 21:00:45,392 - INFO - SGD优化器 - 训练步骤 480: 割值 = 4.8438, 近似比 = 0.8073
2025-06-03 21:00:45,443 - INFO - SGD优化器训练完成，耗时: 1.3960秒
2025-06-03 21:00:45,444 - INFO - SGD优化器训练历史已保存至 SGD_training_history_p1.txt
2025-06-03 21:00:45,445 - INFO - SGD优化器 - 最大割: 5.9051 (步骤 371), 平均割: 5.4497
2025-06-03 21:00:45,445 - INFO - SGD优化器 - 相对于GW算法的近似比: 0.9842
2025-06-03 21:00:45,445 - INFO - SGD优化器 - 训练时间: 1.3960秒
2025-06-03 21:00:45,445 - INFO - 
开始使用Momentum优化器训练...
2025-06-03 21:00:45,481 - INFO - Momentum优化器 - 训练步骤 0: 割值 = 5.7547, 近似比 = 0.9591
2025-06-03 21:00:45,536 - INFO - Momentum优化器 - 训练步骤 20: 割值 = 5.1636, 近似比 = 0.8606
2025-06-03 21:00:45,590 - INFO - Momentum优化器 - 训练步骤 40: 割值 = 5.0616, 近似比 = 0.8436
2025-06-03 21:00:45,643 - INFO - Momentum优化器 - 训练步骤 60: 割值 = 5.0242, 近似比 = 0.8374
2025-06-03 21:00:45,696 - INFO - Momentum优化器 - 训练步骤 80: 割值 = 5.6017, 近似比 = 0.9336
2025-06-03 21:00:45,749 - INFO - Momentum优化器 - 训练步骤 100: 割值 = 5.7798, 近似比 = 0.9633
2025-06-03 21:00:45,801 - INFO - Momentum优化器 - 训练步骤 120: 割值 = 5.2420, 近似比 = 0.8737
2025-06-03 21:00:45,854 - INFO - Momentum优化器 - 训练步骤 140: 割值 = 5.0190, 近似比 = 0.8365
2025-06-03 21:00:45,908 - INFO - Momentum优化器 - 训练步骤 160: 割值 = 4.9676, 近似比 = 0.8279
2025-06-03 21:00:45,963 - INFO - Momentum优化器 - 训练步骤 180: 割值 = 5.6826, 近似比 = 0.9471
2025-06-03 21:00:46,015 - INFO - Momentum优化器 - 训练步骤 200: 割值 = 5.1386, 近似比 = 0.8564
2025-06-03 21:00:46,067 - INFO - Momentum优化器 - 训练步骤 220: 割值 = 5.8983, 近似比 = 0.9831
2025-06-03 21:00:46,118 - INFO - Momentum优化器 - 训练步骤 240: 割值 = 4.7624, 近似比 = 0.7937
2025-06-03 21:00:46,172 - INFO - Momentum优化器 - 训练步骤 260: 割值 = 4.9240, 近似比 = 0.8207
2025-06-03 21:00:46,225 - INFO - Momentum优化器 - 训练步骤 280: 割值 = 5.6263, 近似比 = 0.9377
2025-06-03 21:00:46,277 - INFO - Momentum优化器 - 训练步骤 300: 割值 = 5.3389, 近似比 = 0.8898
2025-06-03 21:00:46,328 - INFO - Momentum优化器 - 训练步骤 320: 割值 = 4.4460, 近似比 = 0.7410
2025-06-03 21:00:46,382 - INFO - Momentum优化器 - 训练步骤 340: 割值 = 5.5598, 近似比 = 0.9266
2025-06-03 21:00:46,436 - INFO - Momentum优化器 - 训练步骤 360: 割值 = 4.9764, 近似比 = 0.8294
2025-06-03 21:00:46,491 - INFO - Momentum优化器 - 训练步骤 380: 割值 = 5.0029, 近似比 = 0.8338
2025-06-03 21:00:46,544 - INFO - Momentum优化器 - 训练步骤 400: 割值 = 5.1514, 近似比 = 0.8586
2025-06-03 21:00:46,599 - INFO - Momentum优化器 - 训练步骤 420: 割值 = 5.4706, 近似比 = 0.9118
2025-06-03 21:00:46,651 - INFO - Momentum优化器 - 训练步骤 440: 割值 = 5.3602, 近似比 = 0.8934
2025-06-03 21:00:46,705 - INFO - Momentum优化器 - 训练步骤 460: 割值 = 5.1282, 近似比 = 0.8547
2025-06-03 21:00:46,758 - INFO - Momentum优化器 - 训练步骤 480: 割值 = 5.1433, 近似比 = 0.8572
2025-06-03 21:00:46,809 - INFO - Momentum优化器训练完成，耗时: 1.3634秒
2025-06-03 21:00:46,811 - INFO - Momentum优化器训练历史已保存至 Momentum_training_history_p1.txt
2025-06-03 21:00:46,811 - INFO - Momentum优化器 - 最大割: 5.8992 (步骤 448), 平均割: 5.2295
2025-06-03 21:00:46,811 - INFO - Momentum优化器 - 相对于GW算法的近似比: 0.9832
2025-06-03 21:00:46,811 - INFO - Momentum优化器 - 训练时间: 1.3634秒
2025-06-03 21:00:46,811 - INFO - 
开始使用Adagrad优化器训练...
2025-06-03 21:00:46,843 - INFO - Adagrad优化器 - 训练步骤 0: 割值 = 5.1626, 近似比 = 0.8604
2025-06-03 21:00:46,897 - INFO - Adagrad优化器 - 训练步骤 20: 割值 = 5.6800, 近似比 = 0.9467
2025-06-03 21:00:46,953 - INFO - Adagrad优化器 - 训练步骤 40: 割值 = 5.1802, 近似比 = 0.8634
2025-06-03 21:00:47,008 - INFO - Adagrad优化器 - 训练步骤 60: 割值 = 4.9681, 近似比 = 0.8280
2025-06-03 21:00:47,061 - INFO - Adagrad优化器 - 训练步骤 80: 割值 = 4.9651, 近似比 = 0.8275
2025-06-03 21:00:47,115 - INFO - Adagrad优化器 - 训练步骤 100: 割值 = 5.7476, 近似比 = 0.9579
2025-06-03 21:00:47,171 - INFO - Adagrad优化器 - 训练步骤 120: 割值 = 5.4577, 近似比 = 0.9096
2025-06-03 21:00:47,225 - INFO - Adagrad优化器 - 训练步骤 140: 割值 = 4.8206, 近似比 = 0.8034
2025-06-03 21:00:47,279 - INFO - Adagrad优化器 - 训练步骤 160: 割值 = 5.7466, 近似比 = 0.9578
2025-06-03 21:00:47,334 - INFO - Adagrad优化器 - 训练步骤 180: 割值 = 5.9005, 近似比 = 0.9834
2025-06-03 21:00:47,388 - INFO - Adagrad优化器 - 训练步骤 200: 割值 = 5.4658, 近似比 = 0.9110
2025-06-03 21:00:47,444 - INFO - Adagrad优化器 - 训练步骤 220: 割值 = 5.8859, 近似比 = 0.9810
2025-06-03 21:00:47,498 - INFO - Adagrad优化器 - 训练步骤 240: 割值 = 5.7628, 近似比 = 0.9605
2025-06-03 21:00:47,551 - INFO - Adagrad优化器 - 训练步骤 260: 割值 = 5.8901, 近似比 = 0.9817
2025-06-03 21:00:47,608 - INFO - Adagrad优化器 - 训练步骤 280: 割值 = 5.8977, 近似比 = 0.9829
2025-06-03 21:00:47,660 - INFO - Adagrad优化器 - 训练步骤 300: 割值 = 5.5397, 近似比 = 0.9233
2025-06-03 21:00:47,714 - INFO - Adagrad优化器 - 训练步骤 320: 割值 = 5.1793, 近似比 = 0.8632
2025-06-03 21:00:47,763 - INFO - Adagrad优化器 - 训练步骤 340: 割值 = 5.8866, 近似比 = 0.9811
2025-06-03 21:00:47,820 - INFO - Adagrad优化器 - 训练步骤 360: 割值 = 5.8952, 近似比 = 0.9825
2025-06-03 21:00:47,872 - INFO - Adagrad优化器 - 训练步骤 380: 割值 = 4.9685, 近似比 = 0.8281
2025-06-03 21:00:47,926 - INFO - Adagrad优化器 - 训练步骤 400: 割值 = 5.9005, 近似比 = 0.9834
2025-06-03 21:00:47,979 - INFO - Adagrad优化器 - 训练步骤 420: 割值 = 5.5338, 近似比 = 0.9223
2025-06-03 21:00:48,033 - INFO - Adagrad优化器 - 训练步骤 440: 割值 = 5.4618, 近似比 = 0.9103
2025-06-03 21:00:48,087 - INFO - Adagrad优化器 - 训练步骤 460: 割值 = 5.9020, 近似比 = 0.9837
2025-06-03 21:00:48,141 - INFO - Adagrad优化器 - 训练步骤 480: 割值 = 5.1809, 近似比 = 0.8635
2025-06-03 21:00:48,190 - INFO - Adagrad优化器训练完成，耗时: 1.3780秒
2025-06-03 21:00:48,192 - INFO - Adagrad优化器训练历史已保存至 Adagrad_training_history_p1.txt
2025-06-03 21:00:48,192 - INFO - Adagrad优化器 - 最大割: 5.9045 (步骤 483), 平均割: 5.4324
2025-06-03 21:00:48,192 - INFO - Adagrad优化器 - 相对于GW算法的近似比: 0.9841
2025-06-03 21:00:48,192 - INFO - Adagrad优化器 - 训练时间: 1.3780秒
2025-06-03 21:00:48,192 - INFO - 
开始使用Adadelta优化器训练...
2025-06-03 21:00:48,199 - INFO - Adadelta优化器 - 训练步骤 0: 割值 = 5.9039, 近似比 = 0.9840
2025-06-03 21:00:48,251 - INFO - Adadelta优化器 - 训练步骤 20: 割值 = 5.8233, 近似比 = 0.9705
2025-06-03 21:00:48,300 - INFO - Adadelta优化器 - 训练步骤 40: 割值 = 4.9700, 近似比 = 0.8283
2025-06-03 21:00:48,348 - INFO - Adadelta优化器 - 训练步骤 60: 割值 = 5.9036, 近似比 = 0.9839
2025-06-03 21:00:48,397 - INFO - Adadelta优化器 - 训练步骤 80: 割值 = 5.9034, 近似比 = 0.9839
2025-06-03 21:00:48,446 - INFO - Adadelta优化器 - 训练步骤 100: 割值 = 5.9035, 近似比 = 0.9839
2025-06-03 21:00:48,495 - INFO - Adadelta优化器 - 训练步骤 120: 割值 = 5.3725, 近似比 = 0.8954
2025-06-03 21:00:48,545 - INFO - Adadelta优化器 - 训练步骤 140: 割值 = 4.8983, 近似比 = 0.8164
2025-06-03 21:00:48,596 - INFO - Adadelta优化器 - 训练步骤 160: 割值 = 5.6745, 近似比 = 0.9457
2025-06-03 21:00:48,647 - INFO - Adadelta优化器 - 训练步骤 180: 割值 = 5.2698, 近似比 = 0.8783
2025-06-03 21:00:48,698 - INFO - Adadelta优化器 - 训练步骤 200: 割值 = 5.0970, 近似比 = 0.8495
2025-06-03 21:00:48,748 - INFO - Adadelta优化器 - 训练步骤 220: 割值 = 4.7528, 近似比 = 0.7921
2025-06-03 21:00:48,796 - INFO - Adadelta优化器 - 训练步骤 240: 割值 = 4.6918, 近似比 = 0.7820
2025-06-03 21:00:48,847 - INFO - Adadelta优化器 - 训练步骤 260: 割值 = 5.0974, 近似比 = 0.8496
2025-06-03 21:00:48,898 - INFO - Adadelta优化器 - 训练步骤 280: 割值 = 5.9023, 近似比 = 0.9837
2025-06-03 21:00:48,948 - INFO - Adadelta优化器 - 训练步骤 300: 割值 = 5.4531, 近似比 = 0.9089
2025-06-03 21:00:48,998 - INFO - Adadelta优化器 - 训练步骤 320: 割值 = 5.4588, 近似比 = 0.9098
2025-06-03 21:00:49,048 - INFO - Adadelta优化器 - 训练步骤 340: 割值 = 5.0307, 近似比 = 0.8385
2025-06-03 21:00:49,099 - INFO - Adadelta优化器 - 训练步骤 360: 割值 = 5.6752, 近似比 = 0.9459
2025-06-03 21:00:49,148 - INFO - Adadelta优化器 - 训练步骤 380: 割值 = 5.5470, 近似比 = 0.9245
2025-06-03 21:00:49,195 - INFO - Adadelta优化器 - 训练步骤 400: 割值 = 5.2474, 近似比 = 0.8746
2025-06-03 21:00:49,243 - INFO - Adadelta优化器 - 训练步骤 420: 割值 = 5.7369, 近似比 = 0.9562
2025-06-03 21:00:49,292 - INFO - Adadelta优化器 - 训练步骤 440: 割值 = 5.9021, 近似比 = 0.9837
2025-06-03 21:00:49,341 - INFO - Adadelta优化器 - 训练步骤 460: 割值 = 5.5261, 近似比 = 0.9210
2025-06-03 21:00:49,391 - INFO - Adadelta优化器 - 训练步骤 480: 割值 = 5.7377, 近似比 = 0.9563
2025-06-03 21:00:49,436 - INFO - Adadelta优化器训练完成，耗时: 1.2428秒
2025-06-03 21:00:49,438 - INFO - Adadelta优化器训练历史已保存至 Adadelta_training_history_p1.txt
2025-06-03 21:00:49,438 - INFO - Adadelta优化器 - 最大割: 5.9040 (步骤 3), 平均割: 5.4609
2025-06-03 21:00:49,438 - INFO - Adadelta优化器 - 相对于GW算法的近似比: 0.9840
2025-06-03 21:00:49,438 - INFO - Adadelta优化器 - 训练时间: 1.2428秒
2025-06-03 21:01:48,014 - INFO - 结果比较图表已保存至 results_comparison_p1.png
2025-06-03 21:01:48,014 - INFO - 
————————————————————最终结果比较表————————————————————
2025-06-03 21:01:48,014 - INFO - 优化器        最大近似比        平均近似比        训练时间(秒)        
2025-06-03 21:01:48,014 - INFO - -------------------------------------------------------
2025-06-03 21:01:48,014 - INFO - Adam       0.9842       0.9052       1.5379         
2025-06-03 21:01:48,014 - INFO - SGD        0.9842       0.9083       1.3960         
2025-06-03 21:01:48,014 - INFO - Momentum   0.9832       0.8716       1.3634         
2025-06-03 21:01:48,014 - INFO - Adagrad    0.9841       0.9054       1.3780         
2025-06-03 21:01:48,015 - INFO - Adadelta   0.9840       0.9101       1.2428         
2025-06-03 21:01:48,015 - INFO - GW算法       1.0000 (基准)
2025-06-03 21:01:48,015 - INFO - 
完整日志已保存至: max_cut_qaoa_20250603_210028.log
