2025-06-03 22:16:39,478 - INFO - Graph edges: [(0, 1), (0, 4), (0, 3), (0, 2), (1, 2), (1, 4), (1, 3), (2, 4), (2, 3), (4, 3)]
2025-06-03 22:16:47,655 - INFO - Start training with 500 steps
2025-06-03 22:16:47,744 - INFO - Ideal Channel - Optimizer: SGD, Step: 0, Cut: 4.9998
2025-06-03 22:16:47,786 - INFO - Ideal Channel - Optimizer: Momentum, Step: 0, Cut: 5.0002
2025-06-03 22:16:47,876 - INFO - Ideal Channel - Optimizer: Adam, Step: 0, Cut: 5.0006
2025-06-03 22:16:47,907 - INFO - Ideal Channel - Optimizer: Adagrad, Step: 0, Cut: 5.0035
2025-06-03 22:16:47,911 - INFO - Ideal Channel - Optimizer: Adadelta, Step: 0, Cut: 5.0071
2025-06-03 22:16:47,965 - INFO - Noisy Channel - Optimizer: SGD, Step: 0, Cut: 5.0000
2025-06-03 22:16:47,989 - INFO - Noisy Channel - Optimizer: Momentum, Step: 0, Cut: 5.0001
2025-06-03 22:16:48,041 - INFO - Noisy Channel - Optimizer: Adam, Step: 0, Cut: 5.0010
2025-06-03 22:16:48,063 - INFO - Noisy Channel - Optimizer: Adagrad, Step: 0, Cut: 5.0040
2025-06-03 22:16:48,066 - INFO - Noisy Channel - Optimizer: Adadelta, Step: 0, Cut: 5.0039
2025-06-03 22:16:48,228 - INFO - Ideal Channel - Optimizer: SGD, Step: 10, Cut: 5.7751
2025-06-03 22:16:48,229 - INFO - Ideal Channel - Optimizer: Momentum, Step: 10, Cut: 5.8242
2025-06-03 22:16:48,231 - INFO - Ideal Channel - Optimizer: Adam, Step: 10, Cut: 5.8257
2025-06-03 22:16:48,233 - INFO - Ideal Channel - Optimizer: Adagrad, Step: 10, Cut: 5.8306
2025-06-03 22:16:48,234 - INFO - Ideal Channel - Optimizer: Adadelta, Step: 10, Cut: 5.8354
2025-06-03 22:16:48,237 - INFO - Noisy Channel - Optimizer: SGD, Step: 10, Cut: 5.1672
2025-06-03 22:16:48,239 - INFO - Noisy Channel - Optimizer: Momentum, Step: 10, Cut: 5.8487
2025-06-03 22:16:48,241 - INFO - Noisy Channel - Optimizer: Adam, Step: 10, Cut: 5.7609
2025-06-03 22:16:48,243 - INFO - Noisy Channel - Optimizer: Adagrad, Step: 10, Cut: 5.7257
2025-06-03 22:16:48,245 - INFO - Noisy Channel - Optimizer: Adadelta, Step: 10, Cut: 5.1459
2025-06-03 22:16:48,407 - INFO - Ideal Channel - Optimizer: SGD, Step: 20, Cut: 5.9049
2025-06-03 22:16:48,408 - INFO - Ideal Channel - Optimizer: Momentum, Step: 20, Cut: 5.9050
2025-06-03 22:16:48,409 - INFO - Ideal Channel - Optimizer: Adam, Step: 20, Cut: 5.9046
2025-06-03 22:16:48,411 - INFO - Ideal Channel - Optimizer: Adagrad, Step: 20, Cut: 5.9045
2025-06-03 22:16:48,412 - INFO - Ideal Channel - Optimizer: Adadelta, Step: 20, Cut: 5.9046
2025-06-03 22:16:48,414 - INFO - Noisy Channel - Optimizer: SGD, Step: 20, Cut: 5.4365
2025-06-03 22:16:48,416 - INFO - Noisy Channel - Optimizer: Momentum, Step: 20, Cut: 4.8418
2025-06-03 22:16:48,418 - INFO - Noisy Channel - Optimizer: Adam, Step: 20, Cut: 5.4305
2025-06-03 22:16:48,420 - INFO - Noisy Channel - Optimizer: Adagrad, Step: 20, Cut: 5.2970
2025-06-03 22:16:48,422 - INFO - Noisy Channel - Optimizer: Adadelta, Step: 20, Cut: 4.8352
2025-06-03 22:16:48,588 - INFO - Ideal Channel - Optimizer: SGD, Step: 30, Cut: 5.9051
2025-06-03 22:16:48,589 - INFO - Ideal Channel - Optimizer: Momentum, Step: 30, Cut: 5.9052
2025-06-03 22:16:48,591 - INFO - Ideal Channel - Optimizer: Adam, Step: 30, Cut: 5.9051
2025-06-03 22:16:48,592 - INFO - Ideal Channel - Optimizer: Adagrad, Step: 30, Cut: 5.9051
2025-06-03 22:16:48,593 - INFO - Ideal Channel - Optimizer: Adadelta, Step: 30, Cut: 5.9051
2025-06-03 22:16:48,596 - INFO - Noisy Channel - Optimizer: SGD, Step: 30, Cut: 5.7123
2025-06-03 22:16:48,598 - INFO - Noisy Channel - Optimizer: Momentum, Step: 30, Cut: 5.7484
2025-06-03 22:16:48,600 - INFO - Noisy Channel - Optimizer: Adam, Step: 30, Cut: 5.7256
2025-06-03 22:16:48,602 - INFO - Noisy Channel - Optimizer: Adagrad, Step: 30, Cut: 5.2090
2025-06-03 22:16:48,605 - INFO - Noisy Channel - Optimizer: Adadelta, Step: 30, Cut: 5.7285
2025-06-03 22:16:48,766 - INFO - Ideal Channel - Optimizer: SGD, Step: 40, Cut: 5.9052
2025-06-03 22:16:48,767 - INFO - Ideal Channel - Optimizer: Momentum, Step: 40, Cut: 5.9052
2025-06-03 22:16:48,769 - INFO - Ideal Channel - Optimizer: Adam, Step: 40, Cut: 5.9052
2025-06-03 22:16:48,770 - INFO - Ideal Channel - Optimizer: Adagrad, Step: 40, Cut: 5.9052
2025-06-03 22:16:48,771 - INFO - Ideal Channel - Optimizer: Adadelta, Step: 40, Cut: 5.9052
2025-06-03 22:16:48,773 - INFO - Noisy Channel - Optimizer: SGD, Step: 40, Cut: 5.5694
2025-06-03 22:16:48,776 - INFO - Noisy Channel - Optimizer: Momentum, Step: 40, Cut: 5.8510
2025-06-03 22:16:48,778 - INFO - Noisy Channel - Optimizer: Adam, Step: 40, Cut: 5.6511
2025-06-03 22:16:48,780 - INFO - Noisy Channel - Optimizer: Adagrad, Step: 40, Cut: 5.8657
2025-06-03 22:16:48,782 - INFO - Noisy Channel - Optimizer: Adadelta, Step: 40, Cut: 4.8260
2025-06-03 22:16:48,951 - INFO - Ideal Channel - Optimizer: SGD, Step: 50, Cut: 5.9052
2025-06-03 22:16:48,952 - INFO - Ideal Channel - Optimizer: Momentum, Step: 50, Cut: 5.9052
2025-06-03 22:16:48,953 - INFO - Ideal Channel - Optimizer: Adam, Step: 50, Cut: 5.9052
2025-06-03 22:16:48,955 - INFO - Ideal Channel - Optimizer: Adagrad, Step: 50, Cut: 5.9052
2025-06-03 22:16:48,956 - INFO - Ideal Channel - Optimizer: Adadelta, Step: 50, Cut: 5.9052
2025-06-03 22:16:48,958 - INFO - Noisy Channel - Optimizer: SGD, Step: 50, Cut: 5.7836
2025-06-03 22:16:48,960 - INFO - Noisy Channel - Optimizer: Momentum, Step: 50, Cut: 5.4675
2025-06-03 22:16:48,963 - INFO - Noisy Channel - Optimizer: Adam, Step: 50, Cut: 5.4812
2025-06-03 22:16:48,965 - INFO - Noisy Channel - Optimizer: Adagrad, Step: 50, Cut: 5.7734
2025-06-03 22:16:48,967 - INFO - Noisy Channel - Optimizer: Adadelta, Step: 50, Cut: 5.3590
2025-06-03 22:16:49,128 - INFO - Ideal Channel - Optimizer: SGD, Step: 60, Cut: 5.9052
2025-06-03 22:16:49,129 - INFO - Ideal Channel - Optimizer: Momentum, Step: 60, Cut: 5.9052
2025-06-03 22:16:49,131 - INFO - Ideal Channel - Optimizer: Adam, Step: 60, Cut: 5.9052
2025-06-03 22:16:49,132 - INFO - Ideal Channel - Optimizer: Adagrad, Step: 60, Cut: 5.9052
2025-06-03 22:16:49,133 - INFO - Ideal Channel - Optimizer: Adadelta, Step: 60, Cut: 5.9052
2025-06-03 22:16:49,136 - INFO - Noisy Channel - Optimizer: SGD, Step: 60, Cut: 5.2503
2025-06-03 22:16:49,138 - INFO - Noisy Channel - Optimizer: Momentum, Step: 60, Cut: 4.9666
2025-06-03 22:16:49,140 - INFO - Noisy Channel - Optimizer: Adam, Step: 60, Cut: 5.9029
2025-06-03 22:16:49,142 - INFO - Noisy Channel - Optimizer: Adagrad, Step: 60, Cut: 5.9040
2025-06-03 22:16:49,145 - INFO - Noisy Channel - Optimizer: Adadelta, Step: 60, Cut: 5.6701
2025-06-03 22:16:49,309 - INFO - Ideal Channel - Optimizer: SGD, Step: 70, Cut: 5.9052
2025-06-03 22:16:49,311 - INFO - Ideal Channel - Optimizer: Momentum, Step: 70, Cut: 5.9052
2025-06-03 22:16:49,312 - INFO - Ideal Channel - Optimizer: Adam, Step: 70, Cut: 5.9052
2025-06-03 22:16:49,313 - INFO - Ideal Channel - Optimizer: Adagrad, Step: 70, Cut: 5.9052
2025-06-03 22:16:49,315 - INFO - Ideal Channel - Optimizer: Adadelta, Step: 70, Cut: 5.9052
2025-06-03 22:16:49,317 - INFO - Noisy Channel - Optimizer: SGD, Step: 70, Cut: 5.4431
2025-06-03 22:16:49,319 - INFO - Noisy Channel - Optimizer: Momentum, Step: 70, Cut: 5.5184
2025-06-03 22:16:49,321 - INFO - Noisy Channel - Optimizer: Adam, Step: 70, Cut: 5.1800
2025-06-03 22:16:49,323 - INFO - Noisy Channel - Optimizer: Adagrad, Step: 70, Cut: 5.8999
2025-06-03 22:16:49,326 - INFO - Noisy Channel - Optimizer: Adadelta, Step: 70, Cut: 5.1007
2025-06-03 22:16:49,483 - INFO - Ideal Channel - Optimizer: SGD, Step: 80, Cut: 5.9052
2025-06-03 22:16:49,485 - INFO - Ideal Channel - Optimizer: Momentum, Step: 80, Cut: 5.9052
2025-06-03 22:16:49,486 - INFO - Ideal Channel - Optimizer: Adam, Step: 80, Cut: 5.9052
2025-06-03 22:16:49,487 - INFO - Ideal Channel - Optimizer: Adagrad, Step: 80, Cut: 5.9052
2025-06-03 22:16:49,488 - INFO - Ideal Channel - Optimizer: Adadelta, Step: 80, Cut: 5.9052
2025-06-03 22:16:49,491 - INFO - Noisy Channel - Optimizer: SGD, Step: 80, Cut: 5.5467
2025-06-03 22:16:49,493 - INFO - Noisy Channel - Optimizer: Momentum, Step: 80, Cut: 5.7309
2025-06-03 22:16:49,496 - INFO - Noisy Channel - Optimizer: Adam, Step: 80, Cut: 4.9743
2025-06-03 22:16:49,498 - INFO - Noisy Channel - Optimizer: Adagrad, Step: 80, Cut: 5.6425
2025-06-03 22:16:49,500 - INFO - Noisy Channel - Optimizer: Adadelta, Step: 80, Cut: 5.1782
2025-06-03 22:16:49,666 - INFO - Ideal Channel - Optimizer: SGD, Step: 90, Cut: 5.9052
2025-06-03 22:16:49,667 - INFO - Ideal Channel - Optimizer: Momentum, Step: 90, Cut: 5.9052
2025-06-03 22:16:49,668 - INFO - Ideal Channel - Optimizer: Adam, Step: 90, Cut: 5.9052
2025-06-03 22:16:49,670 - INFO - Ideal Channel - Optimizer: Adagrad, Step: 90, Cut: 5.9052
2025-06-03 22:16:49,671 - INFO - Ideal Channel - Optimizer: Adadelta, Step: 90, Cut: 5.9052
2025-06-03 22:16:49,674 - INFO - Noisy Channel - Optimizer: SGD, Step: 90, Cut: 5.8320
2025-06-03 22:16:49,677 - INFO - Noisy Channel - Optimizer: Momentum, Step: 90, Cut: 4.8296
2025-06-03 22:16:49,680 - INFO - Noisy Channel - Optimizer: Adam, Step: 90, Cut: 5.4374
2025-06-03 22:16:49,682 - INFO - Noisy Channel - Optimizer: Adagrad, Step: 90, Cut: 4.6549
2025-06-03 22:16:49,684 - INFO - Noisy Channel - Optimizer: Adadelta, Step: 90, Cut: 5.1697
2025-06-03 22:16:49,842 - INFO - Ideal Channel - Optimizer: SGD, Step: 100, Cut: 5.9052
2025-06-03 22:16:49,844 - INFO - Ideal Channel - Optimizer: Momentum, Step: 100, Cut: 5.9052
2025-06-03 22:16:49,845 - INFO - Ideal Channel - Optimizer: Adam, Step: 100, Cut: 5.9052
2025-06-03 22:16:49,847 - INFO - Ideal Channel - Optimizer: Adagrad, Step: 100, Cut: 5.9052
2025-06-03 22:16:49,848 - INFO - Ideal Channel - Optimizer: Adadelta, Step: 100, Cut: 5.9052
2025-06-03 22:16:49,850 - INFO - Noisy Channel - Optimizer: SGD, Step: 100, Cut: 5.9004
2025-06-03 22:16:49,852 - INFO - Noisy Channel - Optimizer: Momentum, Step: 100, Cut: 5.9042
2025-06-03 22:16:49,855 - INFO - Noisy Channel - Optimizer: Adam, Step: 100, Cut: 5.7199
2025-06-03 22:16:49,858 - INFO - Noisy Channel - Optimizer: Adagrad, Step: 100, Cut: 5.1808
2025-06-03 22:16:49,860 - INFO - Noisy Channel - Optimizer: Adadelta, Step: 100, Cut: 5.9042
2025-06-03 22:16:50,032 - INFO - Ideal Channel - Optimizer: SGD, Step: 110, Cut: 5.9052
2025-06-03 22:16:50,033 - INFO - Ideal Channel - Optimizer: Momentum, Step: 110, Cut: 5.9052
2025-06-03 22:16:50,035 - INFO - Ideal Channel - Optimizer: Adam, Step: 110, Cut: 5.9052
2025-06-03 22:16:50,036 - INFO - Ideal Channel - Optimizer: Adagrad, Step: 110, Cut: 5.9052
2025-06-03 22:16:50,038 - INFO - Ideal Channel - Optimizer: Adadelta, Step: 110, Cut: 5.9052
2025-06-03 22:16:50,040 - INFO - Noisy Channel - Optimizer: SGD, Step: 110, Cut: 5.4369
2025-06-03 22:16:50,042 - INFO - Noisy Channel - Optimizer: Momentum, Step: 110, Cut: 5.4447
2025-06-03 22:16:50,045 - INFO - Noisy Channel - Optimizer: Adam, Step: 110, Cut: 5.4469
2025-06-03 22:16:50,047 - INFO - Noisy Channel - Optimizer: Adagrad, Step: 110, Cut: 5.4490
2025-06-03 22:16:50,049 - INFO - Noisy Channel - Optimizer: Adadelta, Step: 110, Cut: 5.0662
2025-06-03 22:16:50,206 - INFO - Ideal Channel - Optimizer: SGD, Step: 120, Cut: 5.9052
2025-06-03 22:16:50,208 - INFO - Ideal Channel - Optimizer: Momentum, Step: 120, Cut: 5.9052
2025-06-03 22:16:50,209 - INFO - Ideal Channel - Optimizer: Adam, Step: 120, Cut: 5.9052
2025-06-03 22:16:50,211 - INFO - Ideal Channel - Optimizer: Adagrad, Step: 120, Cut: 5.9052
2025-06-03 22:16:50,212 - INFO - Ideal Channel - Optimizer: Adadelta, Step: 120, Cut: 5.9052
2025-06-03 22:16:50,216 - INFO - Noisy Channel - Optimizer: SGD, Step: 120, Cut: 5.7452
2025-06-03 22:16:50,218 - INFO - Noisy Channel - Optimizer: Momentum, Step: 120, Cut: 4.9667
2025-06-03 22:16:50,220 - INFO - Noisy Channel - Optimizer: Adam, Step: 120, Cut: 5.1497
2025-06-03 22:16:50,222 - INFO - Noisy Channel - Optimizer: Adagrad, Step: 120, Cut: 4.6940
2025-06-03 22:16:50,224 - INFO - Noisy Channel - Optimizer: Adadelta, Step: 120, Cut: 5.7546
2025-06-03 22:16:50,383 - INFO - Ideal Channel - Optimizer: SGD, Step: 130, Cut: 5.9052
2025-06-03 22:16:50,384 - INFO - Ideal Channel - Optimizer: Momentum, Step: 130, Cut: 5.9052
2025-06-03 22:16:50,386 - INFO - Ideal Channel - Optimizer: Adam, Step: 130, Cut: 5.9052
2025-06-03 22:16:50,387 - INFO - Ideal Channel - Optimizer: Adagrad, Step: 130, Cut: 5.9052
2025-06-03 22:16:50,389 - INFO - Ideal Channel - Optimizer: Adadelta, Step: 130, Cut: 5.9052
2025-06-03 22:16:50,391 - INFO - Noisy Channel - Optimizer: SGD, Step: 130, Cut: 5.7665
2025-06-03 22:16:50,393 - INFO - Noisy Channel - Optimizer: Momentum, Step: 130, Cut: 5.7769
2025-06-03 22:16:50,396 - INFO - Noisy Channel - Optimizer: Adam, Step: 130, Cut: 5.1403
2025-06-03 22:16:50,398 - INFO - Noisy Channel - Optimizer: Adagrad, Step: 130, Cut: 5.7085
2025-06-03 22:16:50,401 - INFO - Noisy Channel - Optimizer: Adadelta, Step: 130, Cut: 4.8335
2025-06-03 22:16:50,557 - INFO - Ideal Channel - Optimizer: SGD, Step: 140, Cut: 5.9052
2025-06-03 22:16:50,559 - INFO - Ideal Channel - Optimizer: Momentum, Step: 140, Cut: 5.9052
2025-06-03 22:16:50,560 - INFO - Ideal Channel - Optimizer: Adam, Step: 140, Cut: 5.9052
2025-06-03 22:16:50,561 - INFO - Ideal Channel - Optimizer: Adagrad, Step: 140, Cut: 5.9052
2025-06-03 22:16:50,563 - INFO - Ideal Channel - Optimizer: Adadelta, Step: 140, Cut: 5.9052
2025-06-03 22:16:50,565 - INFO - Noisy Channel - Optimizer: SGD, Step: 140, Cut: 5.6765
2025-06-03 22:16:50,567 - INFO - Noisy Channel - Optimizer: Momentum, Step: 140, Cut: 4.8195
2025-06-03 22:16:50,570 - INFO - Noisy Channel - Optimizer: Adam, Step: 140, Cut: 5.8995
2025-06-03 22:16:50,572 - INFO - Noisy Channel - Optimizer: Adagrad, Step: 140, Cut: 4.3884
2025-06-03 22:16:50,575 - INFO - Noisy Channel - Optimizer: Adadelta, Step: 140, Cut: 5.2382
2025-06-03 22:16:50,742 - INFO - Ideal Channel - Optimizer: SGD, Step: 150, Cut: 5.9052
2025-06-03 22:16:50,743 - INFO - Ideal Channel - Optimizer: Momentum, Step: 150, Cut: 5.9052
2025-06-03 22:16:50,745 - INFO - Ideal Channel - Optimizer: Adam, Step: 150, Cut: 5.9052
2025-06-03 22:16:50,746 - INFO - Ideal Channel - Optimizer: Adagrad, Step: 150, Cut: 5.9052
2025-06-03 22:16:50,748 - INFO - Ideal Channel - Optimizer: Adadelta, Step: 150, Cut: 5.9052
2025-06-03 22:16:50,751 - INFO - Noisy Channel - Optimizer: SGD, Step: 150, Cut: 5.5711
2025-06-03 22:16:50,753 - INFO - Noisy Channel - Optimizer: Momentum, Step: 150, Cut: 5.5753
2025-06-03 22:16:50,756 - INFO - Noisy Channel - Optimizer: Adam, Step: 150, Cut: 5.4618
2025-06-03 22:16:50,758 - INFO - Noisy Channel - Optimizer: Adagrad, Step: 150, Cut: 5.1435
2025-06-03 22:16:50,761 - INFO - Noisy Channel - Optimizer: Adadelta, Step: 150, Cut: 5.1440
2025-06-03 22:16:50,915 - INFO - Ideal Channel - Optimizer: SGD, Step: 160, Cut: 5.9052
2025-06-03 22:16:50,917 - INFO - Ideal Channel - Optimizer: Momentum, Step: 160, Cut: 5.9052
2025-06-03 22:16:50,918 - INFO - Ideal Channel - Optimizer: Adam, Step: 160, Cut: 5.9052
2025-06-03 22:16:50,919 - INFO - Ideal Channel - Optimizer: Adagrad, Step: 160, Cut: 5.9052
2025-06-03 22:16:50,921 - INFO - Ideal Channel - Optimizer: Adadelta, Step: 160, Cut: 5.9052
2025-06-03 22:16:50,923 - INFO - Noisy Channel - Optimizer: SGD, Step: 160, Cut: 5.1551
2025-06-03 22:16:50,926 - INFO - Noisy Channel - Optimizer: Momentum, Step: 160, Cut: 4.7997
2025-06-03 22:16:50,928 - INFO - Noisy Channel - Optimizer: Adam, Step: 160, Cut: 5.7673
2025-06-03 22:16:50,930 - INFO - Noisy Channel - Optimizer: Adagrad, Step: 160, Cut: 5.0386
2025-06-03 22:16:50,932 - INFO - Noisy Channel - Optimizer: Adadelta, Step: 160, Cut: 5.5411
2025-06-03 22:16:51,098 - INFO - Ideal Channel - Optimizer: SGD, Step: 170, Cut: 5.9052
2025-06-03 22:16:51,099 - INFO - Ideal Channel - Optimizer: Momentum, Step: 170, Cut: 5.9052
2025-06-03 22:16:51,101 - INFO - Ideal Channel - Optimizer: Adam, Step: 170, Cut: 5.9052
2025-06-03 22:16:51,103 - INFO - Ideal Channel - Optimizer: Adagrad, Step: 170, Cut: 5.9052
2025-06-03 22:16:51,104 - INFO - Ideal Channel - Optimizer: Adadelta, Step: 170, Cut: 5.9052
2025-06-03 22:16:51,107 - INFO - Noisy Channel - Optimizer: SGD, Step: 170, Cut: 5.8163
2025-06-03 22:16:51,110 - INFO - Noisy Channel - Optimizer: Momentum, Step: 170, Cut: 4.8347
2025-06-03 22:16:51,113 - INFO - Noisy Channel - Optimizer: Adam, Step: 170, Cut: 4.8364
2025-06-03 22:16:51,115 - INFO - Noisy Channel - Optimizer: Adagrad, Step: 170, Cut: 5.8115
2025-06-03 22:16:51,117 - INFO - Noisy Channel - Optimizer: Adadelta, Step: 170, Cut: 5.6917
2025-06-03 22:16:51,274 - INFO - Ideal Channel - Optimizer: SGD, Step: 180, Cut: 5.9052
2025-06-03 22:16:51,275 - INFO - Ideal Channel - Optimizer: Momentum, Step: 180, Cut: 5.9052
2025-06-03 22:16:51,277 - INFO - Ideal Channel - Optimizer: Adam, Step: 180, Cut: 5.9052
2025-06-03 22:16:51,278 - INFO - Ideal Channel - Optimizer: Adagrad, Step: 180, Cut: 5.9052
2025-06-03 22:16:51,279 - INFO - Ideal Channel - Optimizer: Adadelta, Step: 180, Cut: 5.9052
2025-06-03 22:16:51,281 - INFO - Noisy Channel - Optimizer: SGD, Step: 180, Cut: 5.7216
2025-06-03 22:16:51,283 - INFO - Noisy Channel - Optimizer: Momentum, Step: 180, Cut: 5.9037
2025-06-03 22:16:51,286 - INFO - Noisy Channel - Optimizer: Adam, Step: 180, Cut: 5.5350
2025-06-03 22:16:51,288 - INFO - Noisy Channel - Optimizer: Adagrad, Step: 180, Cut: 4.9759
2025-06-03 22:16:51,290 - INFO - Noisy Channel - Optimizer: Adadelta, Step: 180, Cut: 5.4322
2025-06-03 22:16:51,451 - INFO - Ideal Channel - Optimizer: SGD, Step: 190, Cut: 5.9052
2025-06-03 22:16:51,452 - INFO - Ideal Channel - Optimizer: Momentum, Step: 190, Cut: 5.9052
2025-06-03 22:16:51,454 - INFO - Ideal Channel - Optimizer: Adam, Step: 190, Cut: 5.9052
2025-06-03 22:16:51,455 - INFO - Ideal Channel - Optimizer: Adagrad, Step: 190, Cut: 5.9052
2025-06-03 22:16:51,456 - INFO - Ideal Channel - Optimizer: Adadelta, Step: 190, Cut: 5.9052
2025-06-03 22:16:51,458 - INFO - Noisy Channel - Optimizer: SGD, Step: 190, Cut: 5.3965
2025-06-03 22:16:51,461 - INFO - Noisy Channel - Optimizer: Momentum, Step: 190, Cut: 5.8269
2025-06-03 22:16:51,463 - INFO - Noisy Channel - Optimizer: Adam, Step: 190, Cut: 4.8347
2025-06-03 22:16:51,465 - INFO - Noisy Channel - Optimizer: Adagrad, Step: 190, Cut: 5.4180
2025-06-03 22:16:51,467 - INFO - Noisy Channel - Optimizer: Adadelta, Step: 190, Cut: 5.2565
2025-06-03 22:16:51,626 - INFO - Ideal Channel - Optimizer: SGD, Step: 200, Cut: 5.9052
2025-06-03 22:16:51,627 - INFO - Ideal Channel - Optimizer: Momentum, Step: 200, Cut: 5.9052
2025-06-03 22:16:51,629 - INFO - Ideal Channel - Optimizer: Adam, Step: 200, Cut: 5.9052
2025-06-03 22:16:51,630 - INFO - Ideal Channel - Optimizer: Adagrad, Step: 200, Cut: 5.9052
2025-06-03 22:16:51,632 - INFO - Ideal Channel - Optimizer: Adadelta, Step: 200, Cut: 5.9052
2025-06-03 22:16:51,634 - INFO - Noisy Channel - Optimizer: SGD, Step: 200, Cut: 4.8227
2025-06-03 22:16:51,636 - INFO - Noisy Channel - Optimizer: Momentum, Step: 200, Cut: 5.8937
2025-06-03 22:16:51,638 - INFO - Noisy Channel - Optimizer: Adam, Step: 200, Cut: 5.8726
2025-06-03 22:16:51,640 - INFO - Noisy Channel - Optimizer: Adagrad, Step: 200, Cut: 4.8257
2025-06-03 22:16:51,642 - INFO - Noisy Channel - Optimizer: Adadelta, Step: 200, Cut: 5.2974
2025-06-03 22:16:51,801 - INFO - Ideal Channel - Optimizer: SGD, Step: 210, Cut: 5.9052
2025-06-03 22:16:51,802 - INFO - Ideal Channel - Optimizer: Momentum, Step: 210, Cut: 5.9052
2025-06-03 22:16:51,804 - INFO - Ideal Channel - Optimizer: Adam, Step: 210, Cut: 5.9052
2025-06-03 22:16:51,805 - INFO - Ideal Channel - Optimizer: Adagrad, Step: 210, Cut: 5.9052
2025-06-03 22:16:51,807 - INFO - Ideal Channel - Optimizer: Adadelta, Step: 210, Cut: 5.9052
2025-06-03 22:16:51,809 - INFO - Noisy Channel - Optimizer: SGD, Step: 210, Cut: 5.4961
2025-06-03 22:16:51,812 - INFO - Noisy Channel - Optimizer: Momentum, Step: 210, Cut: 5.6777
2025-06-03 22:16:51,814 - INFO - Noisy Channel - Optimizer: Adam, Step: 210, Cut: 5.6256
2025-06-03 22:16:51,817 - INFO - Noisy Channel - Optimizer: Adagrad, Step: 210, Cut: 5.4961
2025-06-03 22:16:51,819 - INFO - Noisy Channel - Optimizer: Adadelta, Step: 210, Cut: 5.1837
2025-06-03 22:16:51,970 - INFO - Ideal Channel - Optimizer: SGD, Step: 220, Cut: 5.9052
2025-06-03 22:16:51,971 - INFO - Ideal Channel - Optimizer: Momentum, Step: 220, Cut: 5.9052
2025-06-03 22:16:51,973 - INFO - Ideal Channel - Optimizer: Adam, Step: 220, Cut: 5.9052
2025-06-03 22:16:51,974 - INFO - Ideal Channel - Optimizer: Adagrad, Step: 220, Cut: 5.9052
2025-06-03 22:16:51,975 - INFO - Ideal Channel - Optimizer: Adadelta, Step: 220, Cut: 5.9052
2025-06-03 22:16:51,978 - INFO - Noisy Channel - Optimizer: SGD, Step: 220, Cut: 5.6783
2025-06-03 22:16:51,980 - INFO - Noisy Channel - Optimizer: Momentum, Step: 220, Cut: 5.2864
2025-06-03 22:16:51,983 - INFO - Noisy Channel - Optimizer: Adam, Step: 220, Cut: 5.9027
2025-06-03 22:16:51,985 - INFO - Noisy Channel - Optimizer: Adagrad, Step: 220, Cut: 5.3688
2025-06-03 22:16:51,987 - INFO - Noisy Channel - Optimizer: Adadelta, Step: 220, Cut: 5.9027
2025-06-03 22:16:52,146 - INFO - Ideal Channel - Optimizer: SGD, Step: 230, Cut: 5.9052
2025-06-03 22:16:52,147 - INFO - Ideal Channel - Optimizer: Momentum, Step: 230, Cut: 5.9052
2025-06-03 22:16:52,148 - INFO - Ideal Channel - Optimizer: Adam, Step: 230, Cut: 5.9052
2025-06-03 22:16:52,150 - INFO - Ideal Channel - Optimizer: Adagrad, Step: 230, Cut: 5.9052
2025-06-03 22:16:52,151 - INFO - Ideal Channel - Optimizer: Adadelta, Step: 230, Cut: 5.9052
2025-06-03 22:16:52,153 - INFO - Noisy Channel - Optimizer: SGD, Step: 230, Cut: 5.2938
2025-06-03 22:16:52,156 - INFO - Noisy Channel - Optimizer: Momentum, Step: 230, Cut: 4.8235
2025-06-03 22:16:52,159 - INFO - Noisy Channel - Optimizer: Adam, Step: 230, Cut: 4.8211
2025-06-03 22:16:52,161 - INFO - Noisy Channel - Optimizer: Adagrad, Step: 230, Cut: 5.5780
2025-06-03 22:16:52,164 - INFO - Noisy Channel - Optimizer: Adadelta, Step: 230, Cut: 5.2432
2025-06-03 22:16:52,319 - INFO - Ideal Channel - Optimizer: SGD, Step: 240, Cut: 5.9052
2025-06-03 22:16:52,321 - INFO - Ideal Channel - Optimizer: Momentum, Step: 240, Cut: 5.9052
2025-06-03 22:16:52,322 - INFO - Ideal Channel - Optimizer: Adam, Step: 240, Cut: 5.9052
2025-06-03 22:16:52,324 - INFO - Ideal Channel - Optimizer: Adagrad, Step: 240, Cut: 5.9052
2025-06-03 22:16:52,325 - INFO - Ideal Channel - Optimizer: Adadelta, Step: 240, Cut: 5.9052
2025-06-03 22:16:52,327 - INFO - Noisy Channel - Optimizer: SGD, Step: 240, Cut: 4.8811
2025-06-03 22:16:52,329 - INFO - Noisy Channel - Optimizer: Momentum, Step: 240, Cut: 5.7694
2025-06-03 22:16:52,332 - INFO - Noisy Channel - Optimizer: Adam, Step: 240, Cut: 5.8664
2025-06-03 22:16:52,334 - INFO - Noisy Channel - Optimizer: Adagrad, Step: 240, Cut: 5.3320
2025-06-03 22:16:52,336 - INFO - Noisy Channel - Optimizer: Adadelta, Step: 240, Cut: 5.8663
2025-06-03 22:16:52,500 - INFO - Ideal Channel - Optimizer: SGD, Step: 250, Cut: 5.9052
2025-06-03 22:16:52,502 - INFO - Ideal Channel - Optimizer: Momentum, Step: 250, Cut: 5.9052
2025-06-03 22:16:52,503 - INFO - Ideal Channel - Optimizer: Adam, Step: 250, Cut: 5.9052
2025-06-03 22:16:52,504 - INFO - Ideal Channel - Optimizer: Adagrad, Step: 250, Cut: 5.9052
2025-06-03 22:16:52,506 - INFO - Ideal Channel - Optimizer: Adadelta, Step: 250, Cut: 5.9052
2025-06-03 22:16:52,508 - INFO - Noisy Channel - Optimizer: SGD, Step: 250, Cut: 5.4350
2025-06-03 22:16:52,511 - INFO - Noisy Channel - Optimizer: Momentum, Step: 250, Cut: 5.4628
2025-06-03 22:16:52,513 - INFO - Noisy Channel - Optimizer: Adam, Step: 250, Cut: 5.7691
2025-06-03 22:16:52,516 - INFO - Noisy Channel - Optimizer: Adagrad, Step: 250, Cut: 5.3467
2025-06-03 22:16:52,518 - INFO - Noisy Channel - Optimizer: Adadelta, Step: 250, Cut: 5.7708
2025-06-03 22:16:52,676 - INFO - Ideal Channel - Optimizer: SGD, Step: 260, Cut: 5.9052
2025-06-03 22:16:52,678 - INFO - Ideal Channel - Optimizer: Momentum, Step: 260, Cut: 5.9052
2025-06-03 22:16:52,679 - INFO - Ideal Channel - Optimizer: Adam, Step: 260, Cut: 5.9052
2025-06-03 22:16:52,681 - INFO - Ideal Channel - Optimizer: Adagrad, Step: 260, Cut: 5.9052
2025-06-03 22:16:52,682 - INFO - Ideal Channel - Optimizer: Adadelta, Step: 260, Cut: 5.9052
2025-06-03 22:16:52,685 - INFO - Noisy Channel - Optimizer: SGD, Step: 260, Cut: 5.8999
2025-06-03 22:16:52,688 - INFO - Noisy Channel - Optimizer: Momentum, Step: 260, Cut: 5.1126
2025-06-03 22:16:52,690 - INFO - Noisy Channel - Optimizer: Adam, Step: 260, Cut: 5.1053
2025-06-03 22:16:52,692 - INFO - Noisy Channel - Optimizer: Adagrad, Step: 260, Cut: 5.7498
2025-06-03 22:16:52,694 - INFO - Noisy Channel - Optimizer: Adadelta, Step: 260, Cut: 5.1066
2025-06-03 22:16:52,854 - INFO - Ideal Channel - Optimizer: SGD, Step: 270, Cut: 5.9052
2025-06-03 22:16:52,855 - INFO - Ideal Channel - Optimizer: Momentum, Step: 270, Cut: 5.9052
2025-06-03 22:16:52,857 - INFO - Ideal Channel - Optimizer: Adam, Step: 270, Cut: 5.9052
2025-06-03 22:16:52,858 - INFO - Ideal Channel - Optimizer: Adagrad, Step: 270, Cut: 5.9052
2025-06-03 22:16:52,860 - INFO - Ideal Channel - Optimizer: Adadelta, Step: 270, Cut: 5.9052
2025-06-03 22:16:52,862 - INFO - Noisy Channel - Optimizer: SGD, Step: 270, Cut: 4.9187
2025-06-03 22:16:52,864 - INFO - Noisy Channel - Optimizer: Momentum, Step: 270, Cut: 5.4835
2025-06-03 22:16:52,868 - INFO - Noisy Channel - Optimizer: Adam, Step: 270, Cut: 5.8635
2025-06-03 22:16:52,870 - INFO - Noisy Channel - Optimizer: Adagrad, Step: 270, Cut: 4.9707
2025-06-03 22:16:52,872 - INFO - Noisy Channel - Optimizer: Adadelta, Step: 270, Cut: 5.1732
2025-06-03 22:16:53,022 - INFO - Ideal Channel - Optimizer: SGD, Step: 280, Cut: 5.9052
2025-06-03 22:16:53,024 - INFO - Ideal Channel - Optimizer: Momentum, Step: 280, Cut: 5.9052
2025-06-03 22:16:53,025 - INFO - Ideal Channel - Optimizer: Adam, Step: 280, Cut: 5.9052
2025-06-03 22:16:53,027 - INFO - Ideal Channel - Optimizer: Adagrad, Step: 280, Cut: 5.9052
2025-06-03 22:16:53,028 - INFO - Ideal Channel - Optimizer: Adadelta, Step: 280, Cut: 5.9052
2025-06-03 22:16:53,030 - INFO - Noisy Channel - Optimizer: SGD, Step: 280, Cut: 5.8518
2025-06-03 22:16:53,032 - INFO - Noisy Channel - Optimizer: Momentum, Step: 280, Cut: 5.1641
2025-06-03 22:16:53,034 - INFO - Noisy Channel - Optimizer: Adam, Step: 280, Cut: 5.8794
2025-06-03 22:16:53,037 - INFO - Noisy Channel - Optimizer: Adagrad, Step: 280, Cut: 5.3700
2025-06-03 22:16:53,039 - INFO - Noisy Channel - Optimizer: Adadelta, Step: 280, Cut: 5.5172
2025-06-03 22:16:53,197 - INFO - Ideal Channel - Optimizer: SGD, Step: 290, Cut: 5.9052
2025-06-03 22:16:53,198 - INFO - Ideal Channel - Optimizer: Momentum, Step: 290, Cut: 5.9052
2025-06-03 22:16:53,200 - INFO - Ideal Channel - Optimizer: Adam, Step: 290, Cut: 5.9052
2025-06-03 22:16:53,201 - INFO - Ideal Channel - Optimizer: Adagrad, Step: 290, Cut: 5.9052
2025-06-03 22:16:53,202 - INFO - Ideal Channel - Optimizer: Adadelta, Step: 290, Cut: 5.9052
2025-06-03 22:16:53,204 - INFO - Noisy Channel - Optimizer: SGD, Step: 290, Cut: 5.1709
2025-06-03 22:16:53,206 - INFO - Noisy Channel - Optimizer: Momentum, Step: 290, Cut: 5.3132
2025-06-03 22:16:53,209 - INFO - Noisy Channel - Optimizer: Adam, Step: 290, Cut: 4.7045
2025-06-03 22:16:53,211 - INFO - Noisy Channel - Optimizer: Adagrad, Step: 290, Cut: 5.1786
2025-06-03 22:16:53,213 - INFO - Noisy Channel - Optimizer: Adadelta, Step: 290, Cut: 5.8929
2025-06-03 22:16:53,374 - INFO - Ideal Channel - Optimizer: SGD, Step: 300, Cut: 5.9052
2025-06-03 22:16:53,375 - INFO - Ideal Channel - Optimizer: Momentum, Step: 300, Cut: 5.9052
2025-06-03 22:16:53,376 - INFO - Ideal Channel - Optimizer: Adam, Step: 300, Cut: 5.9052
2025-06-03 22:16:53,378 - INFO - Ideal Channel - Optimizer: Adagrad, Step: 300, Cut: 5.9052
2025-06-03 22:16:53,379 - INFO - Ideal Channel - Optimizer: Adadelta, Step: 300, Cut: 5.9052
2025-06-03 22:16:53,382 - INFO - Noisy Channel - Optimizer: SGD, Step: 300, Cut: 4.7172
2025-06-03 22:16:53,384 - INFO - Noisy Channel - Optimizer: Momentum, Step: 300, Cut: 5.8201
2025-06-03 22:16:53,387 - INFO - Noisy Channel - Optimizer: Adam, Step: 300, Cut: 5.6413
2025-06-03 22:16:53,389 - INFO - Noisy Channel - Optimizer: Adagrad, Step: 300, Cut: 5.8398
2025-06-03 22:16:53,391 - INFO - Noisy Channel - Optimizer: Adadelta, Step: 300, Cut: 4.9957
2025-06-03 22:16:53,551 - INFO - Ideal Channel - Optimizer: SGD, Step: 310, Cut: 5.9052
2025-06-03 22:16:53,553 - INFO - Ideal Channel - Optimizer: Momentum, Step: 310, Cut: 5.9052
2025-06-03 22:16:53,554 - INFO - Ideal Channel - Optimizer: Adam, Step: 310, Cut: 5.9052
2025-06-03 22:16:53,556 - INFO - Ideal Channel - Optimizer: Adagrad, Step: 310, Cut: 5.9052
2025-06-03 22:16:53,557 - INFO - Ideal Channel - Optimizer: Adadelta, Step: 310, Cut: 5.9052
2025-06-03 22:16:53,560 - INFO - Noisy Channel - Optimizer: SGD, Step: 310, Cut: 5.4695
2025-06-03 22:16:53,563 - INFO - Noisy Channel - Optimizer: Momentum, Step: 310, Cut: 5.8293
2025-06-03 22:16:53,565 - INFO - Noisy Channel - Optimizer: Adam, Step: 310, Cut: 5.8669
2025-06-03 22:16:53,567 - INFO - Noisy Channel - Optimizer: Adagrad, Step: 310, Cut: 5.5315
2025-06-03 22:16:53,569 - INFO - Noisy Channel - Optimizer: Adadelta, Step: 310, Cut: 5.5567
2025-06-03 22:16:53,719 - INFO - Ideal Channel - Optimizer: SGD, Step: 320, Cut: 5.9052
2025-06-03 22:16:53,720 - INFO - Ideal Channel - Optimizer: Momentum, Step: 320, Cut: 5.9052
2025-06-03 22:16:53,721 - INFO - Ideal Channel - Optimizer: Adam, Step: 320, Cut: 5.9052
2025-06-03 22:16:53,722 - INFO - Ideal Channel - Optimizer: Adagrad, Step: 320, Cut: 5.9052
2025-06-03 22:16:53,724 - INFO - Ideal Channel - Optimizer: Adadelta, Step: 320, Cut: 5.9052
2025-06-03 22:16:53,726 - INFO - Noisy Channel - Optimizer: SGD, Step: 320, Cut: 5.1781
2025-06-03 22:16:53,729 - INFO - Noisy Channel - Optimizer: Momentum, Step: 320, Cut: 5.8291
2025-06-03 22:16:53,731 - INFO - Noisy Channel - Optimizer: Adam, Step: 320, Cut: 5.8981
2025-06-03 22:16:53,733 - INFO - Noisy Channel - Optimizer: Adagrad, Step: 320, Cut: 5.8994
2025-06-03 22:16:53,735 - INFO - Noisy Channel - Optimizer: Adadelta, Step: 320, Cut: 4.8202
2025-06-03 22:16:53,897 - INFO - Ideal Channel - Optimizer: SGD, Step: 330, Cut: 5.9052
2025-06-03 22:16:53,898 - INFO - Ideal Channel - Optimizer: Momentum, Step: 330, Cut: 5.9052
2025-06-03 22:16:53,900 - INFO - Ideal Channel - Optimizer: Adam, Step: 330, Cut: 5.9052
2025-06-03 22:16:53,901 - INFO - Ideal Channel - Optimizer: Adagrad, Step: 330, Cut: 5.9052
2025-06-03 22:16:53,902 - INFO - Ideal Channel - Optimizer: Adadelta, Step: 330, Cut: 5.9052
2025-06-03 22:16:53,905 - INFO - Noisy Channel - Optimizer: SGD, Step: 330, Cut: 5.7225
2025-06-03 22:16:53,907 - INFO - Noisy Channel - Optimizer: Momentum, Step: 330, Cut: 5.8699
2025-06-03 22:16:53,910 - INFO - Noisy Channel - Optimizer: Adam, Step: 330, Cut: 5.4106
2025-06-03 22:16:53,912 - INFO - Noisy Channel - Optimizer: Adagrad, Step: 330, Cut: 5.8605
2025-06-03 22:16:53,914 - INFO - Noisy Channel - Optimizer: Adadelta, Step: 330, Cut: 5.8600
2025-06-03 22:16:54,067 - INFO - Ideal Channel - Optimizer: SGD, Step: 340, Cut: 5.9052
2025-06-03 22:16:54,069 - INFO - Ideal Channel - Optimizer: Momentum, Step: 340, Cut: 5.9052
2025-06-03 22:16:54,070 - INFO - Ideal Channel - Optimizer: Adam, Step: 340, Cut: 5.9052
2025-06-03 22:16:54,071 - INFO - Ideal Channel - Optimizer: Adagrad, Step: 340, Cut: 5.9052
2025-06-03 22:16:54,073 - INFO - Ideal Channel - Optimizer: Adadelta, Step: 340, Cut: 5.9052
2025-06-03 22:16:54,075 - INFO - Noisy Channel - Optimizer: SGD, Step: 340, Cut: 4.8203
2025-06-03 22:16:54,078 - INFO - Noisy Channel - Optimizer: Momentum, Step: 340, Cut: 5.8275
2025-06-03 22:16:54,080 - INFO - Noisy Channel - Optimizer: Adam, Step: 340, Cut: 4.8195
2025-06-03 22:16:54,082 - INFO - Noisy Channel - Optimizer: Adagrad, Step: 340, Cut: 5.9028
2025-06-03 22:16:54,084 - INFO - Noisy Channel - Optimizer: Adadelta, Step: 340, Cut: 5.6747
2025-06-03 22:16:54,241 - INFO - Ideal Channel - Optimizer: SGD, Step: 350, Cut: 5.9052
2025-06-03 22:16:54,242 - INFO - Ideal Channel - Optimizer: Momentum, Step: 350, Cut: 5.9052
2025-06-03 22:16:54,244 - INFO - Ideal Channel - Optimizer: Adam, Step: 350, Cut: 5.9052
2025-06-03 22:16:54,245 - INFO - Ideal Channel - Optimizer: Adagrad, Step: 350, Cut: 5.9052
2025-06-03 22:16:54,247 - INFO - Ideal Channel - Optimizer: Adadelta, Step: 350, Cut: 5.9052
2025-06-03 22:16:54,249 - INFO - Noisy Channel - Optimizer: SGD, Step: 350, Cut: 5.7391
2025-06-03 22:16:54,251 - INFO - Noisy Channel - Optimizer: Momentum, Step: 350, Cut: 5.1596
2025-06-03 22:16:54,253 - INFO - Noisy Channel - Optimizer: Adam, Step: 350, Cut: 5.5455
2025-06-03 22:16:54,255 - INFO - Noisy Channel - Optimizer: Adagrad, Step: 350, Cut: 5.1423
2025-06-03 22:16:54,257 - INFO - Noisy Channel - Optimizer: Adadelta, Step: 350, Cut: 5.1481
2025-06-03 22:16:54,417 - INFO - Ideal Channel - Optimizer: SGD, Step: 360, Cut: 5.9052
2025-06-03 22:16:54,419 - INFO - Ideal Channel - Optimizer: Momentum, Step: 360, Cut: 5.9052
2025-06-03 22:16:54,420 - INFO - Ideal Channel - Optimizer: Adam, Step: 360, Cut: 5.9052
2025-06-03 22:16:54,422 - INFO - Ideal Channel - Optimizer: Adagrad, Step: 360, Cut: 5.9052
2025-06-03 22:16:54,423 - INFO - Ideal Channel - Optimizer: Adadelta, Step: 360, Cut: 5.9052
2025-06-03 22:16:54,425 - INFO - Noisy Channel - Optimizer: SGD, Step: 360, Cut: 4.9696
2025-06-03 22:16:54,427 - INFO - Noisy Channel - Optimizer: Momentum, Step: 360, Cut: 5.3925
2025-06-03 22:16:54,431 - INFO - Noisy Channel - Optimizer: Adam, Step: 360, Cut: 5.5348
2025-06-03 22:16:54,433 - INFO - Noisy Channel - Optimizer: Adagrad, Step: 360, Cut: 5.8884
2025-06-03 22:16:54,436 - INFO - Noisy Channel - Optimizer: Adadelta, Step: 360, Cut: 5.1777
2025-06-03 22:16:54,592 - INFO - Ideal Channel - Optimizer: SGD, Step: 370, Cut: 5.9052
2025-06-03 22:16:54,594 - INFO - Ideal Channel - Optimizer: Momentum, Step: 370, Cut: 5.9052
2025-06-03 22:16:54,595 - INFO - Ideal Channel - Optimizer: Adam, Step: 370, Cut: 5.9052
2025-06-03 22:16:54,597 - INFO - Ideal Channel - Optimizer: Adagrad, Step: 370, Cut: 5.9052
2025-06-03 22:16:54,599 - INFO - Ideal Channel - Optimizer: Adadelta, Step: 370, Cut: 5.9052
2025-06-03 22:16:54,601 - INFO - Noisy Channel - Optimizer: SGD, Step: 370, Cut: 5.2115
2025-06-03 22:16:54,604 - INFO - Noisy Channel - Optimizer: Momentum, Step: 370, Cut: 5.7444
2025-06-03 22:16:54,606 - INFO - Noisy Channel - Optimizer: Adam, Step: 370, Cut: 5.3955
2025-06-03 22:16:54,610 - INFO - Noisy Channel - Optimizer: Adagrad, Step: 370, Cut: 5.7957
2025-06-03 22:16:54,612 - INFO - Noisy Channel - Optimizer: Adadelta, Step: 370, Cut: 4.9825
2025-06-03 22:16:54,778 - INFO - Ideal Channel - Optimizer: SGD, Step: 380, Cut: 5.9052
2025-06-03 22:16:54,780 - INFO - Ideal Channel - Optimizer: Momentum, Step: 380, Cut: 5.9052
2025-06-03 22:16:54,782 - INFO - Ideal Channel - Optimizer: Adam, Step: 380, Cut: 5.9052
2025-06-03 22:16:54,783 - INFO - Ideal Channel - Optimizer: Adagrad, Step: 380, Cut: 5.9052
2025-06-03 22:16:54,785 - INFO - Ideal Channel - Optimizer: Adadelta, Step: 380, Cut: 5.9052
2025-06-03 22:16:54,787 - INFO - Noisy Channel - Optimizer: SGD, Step: 380, Cut: 5.8713
2025-06-03 22:16:54,790 - INFO - Noisy Channel - Optimizer: Momentum, Step: 380, Cut: 5.4197
2025-06-03 22:16:54,792 - INFO - Noisy Channel - Optimizer: Adam, Step: 380, Cut: 5.8186
2025-06-03 22:16:54,794 - INFO - Noisy Channel - Optimizer: Adagrad, Step: 380, Cut: 5.8236
2025-06-03 22:16:54,796 - INFO - Noisy Channel - Optimizer: Adadelta, Step: 380, Cut: 5.4955
2025-06-03 22:16:54,959 - INFO - Ideal Channel - Optimizer: SGD, Step: 390, Cut: 5.9052
2025-06-03 22:16:54,960 - INFO - Ideal Channel - Optimizer: Momentum, Step: 390, Cut: 5.9052
2025-06-03 22:16:54,962 - INFO - Ideal Channel - Optimizer: Adam, Step: 390, Cut: 5.9052
2025-06-03 22:16:54,963 - INFO - Ideal Channel - Optimizer: Adagrad, Step: 390, Cut: 5.9052
2025-06-03 22:16:54,965 - INFO - Ideal Channel - Optimizer: Adadelta, Step: 390, Cut: 5.9052
2025-06-03 22:16:54,967 - INFO - Noisy Channel - Optimizer: SGD, Step: 390, Cut: 5.5868
2025-06-03 22:16:54,969 - INFO - Noisy Channel - Optimizer: Momentum, Step: 390, Cut: 5.1209
2025-06-03 22:16:54,972 - INFO - Noisy Channel - Optimizer: Adam, Step: 390, Cut: 5.6504
2025-06-03 22:16:54,974 - INFO - Noisy Channel - Optimizer: Adagrad, Step: 390, Cut: 5.1816
2025-06-03 22:16:54,977 - INFO - Noisy Channel - Optimizer: Adadelta, Step: 390, Cut: 5.1811
2025-06-03 22:16:55,131 - INFO - Ideal Channel - Optimizer: SGD, Step: 400, Cut: 5.9052
2025-06-03 22:16:55,133 - INFO - Ideal Channel - Optimizer: Momentum, Step: 400, Cut: 5.9052
2025-06-03 22:16:55,134 - INFO - Ideal Channel - Optimizer: Adam, Step: 400, Cut: 5.9052
2025-06-03 22:16:55,135 - INFO - Ideal Channel - Optimizer: Adagrad, Step: 400, Cut: 5.9052
2025-06-03 22:16:55,137 - INFO - Ideal Channel - Optimizer: Adadelta, Step: 400, Cut: 5.9052
2025-06-03 22:16:55,139 - INFO - Noisy Channel - Optimizer: SGD, Step: 400, Cut: 5.3537
2025-06-03 22:16:55,142 - INFO - Noisy Channel - Optimizer: Momentum, Step: 400, Cut: 4.9100
2025-06-03 22:16:55,144 - INFO - Noisy Channel - Optimizer: Adam, Step: 400, Cut: 4.8209
2025-06-03 22:16:55,148 - INFO - Noisy Channel - Optimizer: Adagrad, Step: 400, Cut: 5.8958
2025-06-03 22:16:55,150 - INFO - Noisy Channel - Optimizer: Adadelta, Step: 400, Cut: 4.6770
2025-06-03 22:16:55,307 - INFO - Ideal Channel - Optimizer: SGD, Step: 410, Cut: 5.9052
2025-06-03 22:16:55,308 - INFO - Ideal Channel - Optimizer: Momentum, Step: 410, Cut: 5.9052
2025-06-03 22:16:55,309 - INFO - Ideal Channel - Optimizer: Adam, Step: 410, Cut: 5.9052
2025-06-03 22:16:55,311 - INFO - Ideal Channel - Optimizer: Adagrad, Step: 410, Cut: 5.9052
2025-06-03 22:16:55,312 - INFO - Ideal Channel - Optimizer: Adadelta, Step: 410, Cut: 5.9052
2025-06-03 22:16:55,314 - INFO - Noisy Channel - Optimizer: SGD, Step: 410, Cut: 5.8902
2025-06-03 22:16:55,317 - INFO - Noisy Channel - Optimizer: Momentum, Step: 410, Cut: 5.4573
2025-06-03 22:16:55,320 - INFO - Noisy Channel - Optimizer: Adam, Step: 410, Cut: 5.8219
2025-06-03 22:16:55,323 - INFO - Noisy Channel - Optimizer: Adagrad, Step: 410, Cut: 5.1751
2025-06-03 22:16:55,325 - INFO - Noisy Channel - Optimizer: Adadelta, Step: 410, Cut: 5.1751
2025-06-03 22:16:55,485 - INFO - Ideal Channel - Optimizer: SGD, Step: 420, Cut: 5.9052
2025-06-03 22:16:55,487 - INFO - Ideal Channel - Optimizer: Momentum, Step: 420, Cut: 5.9052
2025-06-03 22:16:55,488 - INFO - Ideal Channel - Optimizer: Adam, Step: 420, Cut: 5.9052
2025-06-03 22:16:55,489 - INFO - Ideal Channel - Optimizer: Adagrad, Step: 420, Cut: 5.9052
2025-06-03 22:16:55,491 - INFO - Ideal Channel - Optimizer: Adadelta, Step: 420, Cut: 5.9052
2025-06-03 22:16:55,494 - INFO - Noisy Channel - Optimizer: SGD, Step: 420, Cut: 5.7902
2025-06-03 22:16:55,496 - INFO - Noisy Channel - Optimizer: Momentum, Step: 420, Cut: 5.1504
2025-06-03 22:16:55,498 - INFO - Noisy Channel - Optimizer: Adam, Step: 420, Cut: 4.7359
2025-06-03 22:16:55,501 - INFO - Noisy Channel - Optimizer: Adagrad, Step: 420, Cut: 4.9061
2025-06-03 22:16:55,503 - INFO - Noisy Channel - Optimizer: Adadelta, Step: 420, Cut: 5.4709
2025-06-03 22:16:55,663 - INFO - Ideal Channel - Optimizer: SGD, Step: 430, Cut: 5.9052
2025-06-03 22:16:55,664 - INFO - Ideal Channel - Optimizer: Momentum, Step: 430, Cut: 5.9052
2025-06-03 22:16:55,666 - INFO - Ideal Channel - Optimizer: Adam, Step: 430, Cut: 5.9052
2025-06-03 22:16:55,667 - INFO - Ideal Channel - Optimizer: Adagrad, Step: 430, Cut: 5.9052
2025-06-03 22:16:55,668 - INFO - Ideal Channel - Optimizer: Adadelta, Step: 430, Cut: 5.9052
2025-06-03 22:16:55,670 - INFO - Noisy Channel - Optimizer: SGD, Step: 430, Cut: 5.5229
2025-06-03 22:16:55,672 - INFO - Noisy Channel - Optimizer: Momentum, Step: 430, Cut: 5.1810
2025-06-03 22:16:55,675 - INFO - Noisy Channel - Optimizer: Adam, Step: 430, Cut: 5.9049
2025-06-03 22:16:55,677 - INFO - Noisy Channel - Optimizer: Adagrad, Step: 430, Cut: 5.0881
2025-06-03 22:16:55,680 - INFO - Noisy Channel - Optimizer: Adadelta, Step: 430, Cut: 5.9050
2025-06-03 22:16:55,835 - INFO - Ideal Channel - Optimizer: SGD, Step: 440, Cut: 5.9052
2025-06-03 22:16:55,836 - INFO - Ideal Channel - Optimizer: Momentum, Step: 440, Cut: 5.9052
2025-06-03 22:16:55,838 - INFO - Ideal Channel - Optimizer: Adam, Step: 440, Cut: 5.9052
2025-06-03 22:16:55,839 - INFO - Ideal Channel - Optimizer: Adagrad, Step: 440, Cut: 5.9052
2025-06-03 22:16:55,841 - INFO - Ideal Channel - Optimizer: Adadelta, Step: 440, Cut: 5.9052
2025-06-03 22:16:55,843 - INFO - Noisy Channel - Optimizer: SGD, Step: 440, Cut: 5.1706
2025-06-03 22:16:55,846 - INFO - Noisy Channel - Optimizer: Momentum, Step: 440, Cut: 5.8511
2025-06-03 22:16:55,848 - INFO - Noisy Channel - Optimizer: Adam, Step: 440, Cut: 5.8567
2025-06-03 22:16:55,851 - INFO - Noisy Channel - Optimizer: Adagrad, Step: 440, Cut: 5.4345
2025-06-03 22:16:55,853 - INFO - Noisy Channel - Optimizer: Adadelta, Step: 440, Cut: 5.3853
2025-06-03 22:16:56,017 - INFO - Ideal Channel - Optimizer: SGD, Step: 450, Cut: 5.9052
2025-06-03 22:16:56,018 - INFO - Ideal Channel - Optimizer: Momentum, Step: 450, Cut: 5.9052
2025-06-03 22:16:56,020 - INFO - Ideal Channel - Optimizer: Adam, Step: 450, Cut: 5.9052
2025-06-03 22:16:56,021 - INFO - Ideal Channel - Optimizer: Adagrad, Step: 450, Cut: 5.9052
2025-06-03 22:16:56,023 - INFO - Ideal Channel - Optimizer: Adadelta, Step: 450, Cut: 5.9052
2025-06-03 22:16:56,025 - INFO - Noisy Channel - Optimizer: SGD, Step: 450, Cut: 5.1496
2025-06-03 22:16:56,028 - INFO - Noisy Channel - Optimizer: Momentum, Step: 450, Cut: 4.8489
2025-06-03 22:16:56,030 - INFO - Noisy Channel - Optimizer: Adam, Step: 450, Cut: 5.4786
2025-06-03 22:16:56,032 - INFO - Noisy Channel - Optimizer: Adagrad, Step: 450, Cut: 5.4655
2025-06-03 22:16:56,034 - INFO - Noisy Channel - Optimizer: Adadelta, Step: 450, Cut: 5.4656
2025-06-03 22:16:56,194 - INFO - Ideal Channel - Optimizer: SGD, Step: 460, Cut: 5.9052
2025-06-03 22:16:56,196 - INFO - Ideal Channel - Optimizer: Momentum, Step: 460, Cut: 5.9052
2025-06-03 22:16:56,197 - INFO - Ideal Channel - Optimizer: Adam, Step: 460, Cut: 5.9052
2025-06-03 22:16:56,199 - INFO - Ideal Channel - Optimizer: Adagrad, Step: 460, Cut: 5.9052
2025-06-03 22:16:56,200 - INFO - Ideal Channel - Optimizer: Adadelta, Step: 460, Cut: 5.9052
2025-06-03 22:16:56,202 - INFO - Noisy Channel - Optimizer: SGD, Step: 460, Cut: 5.5406
2025-06-03 22:16:56,205 - INFO - Noisy Channel - Optimizer: Momentum, Step: 460, Cut: 5.1981
2025-06-03 22:16:56,207 - INFO - Noisy Channel - Optimizer: Adam, Step: 460, Cut: 5.4583
2025-06-03 22:16:56,209 - INFO - Noisy Channel - Optimizer: Adagrad, Step: 460, Cut: 5.7965
2025-06-03 22:16:56,211 - INFO - Noisy Channel - Optimizer: Adadelta, Step: 460, Cut: 5.7976
2025-06-03 22:16:56,372 - INFO - Ideal Channel - Optimizer: SGD, Step: 470, Cut: 5.9052
2025-06-03 22:16:56,373 - INFO - Ideal Channel - Optimizer: Momentum, Step: 470, Cut: 5.9052
2025-06-03 22:16:56,375 - INFO - Ideal Channel - Optimizer: Adam, Step: 470, Cut: 5.9052
2025-06-03 22:16:56,376 - INFO - Ideal Channel - Optimizer: Adagrad, Step: 470, Cut: 5.9052
2025-06-03 22:16:56,378 - INFO - Ideal Channel - Optimizer: Adadelta, Step: 470, Cut: 5.9052
2025-06-03 22:16:56,380 - INFO - Noisy Channel - Optimizer: SGD, Step: 470, Cut: 5.7809
2025-06-03 22:16:56,383 - INFO - Noisy Channel - Optimizer: Momentum, Step: 470, Cut: 5.7680
2025-06-03 22:16:56,385 - INFO - Noisy Channel - Optimizer: Adam, Step: 470, Cut: 4.8688
2025-06-03 22:16:56,387 - INFO - Noisy Channel - Optimizer: Adagrad, Step: 470, Cut: 5.4128
2025-06-03 22:16:56,389 - INFO - Noisy Channel - Optimizer: Adadelta, Step: 470, Cut: 5.1306
2025-06-03 22:16:56,545 - INFO - Ideal Channel - Optimizer: SGD, Step: 480, Cut: 5.9052
2025-06-03 22:16:56,547 - INFO - Ideal Channel - Optimizer: Momentum, Step: 480, Cut: 5.9052
2025-06-03 22:16:56,548 - INFO - Ideal Channel - Optimizer: Adam, Step: 480, Cut: 5.9052
2025-06-03 22:16:56,550 - INFO - Ideal Channel - Optimizer: Adagrad, Step: 480, Cut: 5.9052
2025-06-03 22:16:56,552 - INFO - Ideal Channel - Optimizer: Adadelta, Step: 480, Cut: 5.9052
2025-06-03 22:16:56,555 - INFO - Noisy Channel - Optimizer: SGD, Step: 480, Cut: 4.8217
2025-06-03 22:16:56,558 - INFO - Noisy Channel - Optimizer: Momentum, Step: 480, Cut: 5.8901
2025-06-03 22:16:56,560 - INFO - Noisy Channel - Optimizer: Adam, Step: 480, Cut: 5.6845
2025-06-03 22:16:56,563 - INFO - Noisy Channel - Optimizer: Adagrad, Step: 480, Cut: 5.6860
2025-06-03 22:16:56,566 - INFO - Noisy Channel - Optimizer: Adadelta, Step: 480, Cut: 4.4570
2025-06-03 22:16:56,732 - INFO - Ideal Channel - Optimizer: SGD, Step: 490, Cut: 5.9052
2025-06-03 22:16:56,734 - INFO - Ideal Channel - Optimizer: Momentum, Step: 490, Cut: 5.9052
2025-06-03 22:16:56,736 - INFO - Ideal Channel - Optimizer: Adam, Step: 490, Cut: 5.9052
2025-06-03 22:16:56,737 - INFO - Ideal Channel - Optimizer: Adagrad, Step: 490, Cut: 5.9052
2025-06-03 22:16:56,738 - INFO - Ideal Channel - Optimizer: Adadelta, Step: 490, Cut: 5.9052
2025-06-03 22:16:56,740 - INFO - Noisy Channel - Optimizer: SGD, Step: 490, Cut: 5.5891
2025-06-03 22:16:56,743 - INFO - Noisy Channel - Optimizer: Momentum, Step: 490, Cut: 5.2854
2025-06-03 22:16:56,746 - INFO - Noisy Channel - Optimizer: Adam, Step: 490, Cut: 5.3960
2025-06-03 22:16:56,748 - INFO - Noisy Channel - Optimizer: Adagrad, Step: 490, Cut: 5.3990
2025-06-03 22:16:56,750 - INFO - Noisy Channel - Optimizer: Adadelta, Step: 490, Cut: 5.3999
2025-06-03 22:16:57,991 - INFO - Training completed. Results saved to optimizer_comparison.png and optimizer_comparison.log
